[ 2014-12-13T08:04:48+08:00 ] 61.135.190.69 /admin.php/admin/content/article_list.html
INFO: [ route_check ] --START--
INFO: CheckRoute Behavior ::run [ RunTime:0.001472s ]
INFO: [ route_check ] --END-- [ RunTime:0.001734s ]
INFO: [ app_begin ] --START--
INFO: ReadHtmlCache Behavior ::run [ RunTime:0.000649s ]
INFO: [ app_begin ] --END-- [ RunTime:0.000744s ]
SQL: SHOW COLUMNS FROM `tutor_admin_role_priv` [ RunTime:0.001293s ]
SQL: SHOW COLUMNS FROM `tutor_log` [ RunTime:0.001225s ]
INFO: [ view_parse ] --START--
INFO: ParseTemplate Behavior ::run [ RunTime:0.040937s ]
INFO: [ view_parse ] --END-- [ RunTime:0.041082s ]
INFO: [ view_filter ] --START--
INFO: ContentReplace Behavior ::run [ RunTime:0.000671s ]
INFO: TokenBuild Behavior ::run [ RunTime:0.000687s ]
INFO: WriteHtmlCache Behavior ::run [ RunTime:0.000546s ]
INFO: ShowRuntime Behavior ::run [ RunTime:0.000806s ]
INFO: [ view_filter ] --END-- [ RunTime:0.003036s ]
INFO: [ view_end ] --START--
INFO: ShowPageTrace Behavior ::run [ RunTime:0.007190s ]
INFO: [ view_end ] --END-- [ RunTime:0.007280s ]

[ 2014-12-13T08:04:48+08:00 ] 61.135.190.72 /admin.php/admin/index/public_sessionLife.html
INFO: [ route_check ] --START--
INFO: CheckRoute Behavior ::run [ RunTime:0.001024s ]
INFO: [ route_check ] --END-- [ RunTime:0.001211s ]
INFO: [ app_begin ] --START--
INFO: ReadHtmlCache Behavior ::run [ RunTime:0.000658s ]
INFO: [ app_begin ] --END-- [ RunTime:0.000742s ]
SQL: SHOW COLUMNS FROM `tutor_admin_role_priv` [ RunTime:0.001532s ]
SQL: SHOW COLUMNS FROM `tutor_log` [ RunTime:0.001347s ]
INFO: [ view_parse ] --START--
INFO: ParseTemplate Behavior ::run [ RunTime:0.031817s ]
INFO: [ view_parse ] --END-- [ RunTime:0.031929s ]
INFO: [ view_filter ] --START--
INFO: ContentReplace Behavior ::run [ RunTime:0.000476s ]
INFO: TokenBuild Behavior ::run [ RunTime:0.000461s ]
INFO: WriteHtmlCache Behavior ::run [ RunTime:0.000349s ]
INFO: ShowRuntime Behavior ::run [ RunTime:0.000554s ]
INFO: [ view_filter ] --END-- [ RunTime:0.002050s ]
INFO: [ view_end ] --START--
INFO: ShowPageTrace Behavior ::run [ RunTime:0.000744s ]
INFO: [ view_end ] --END-- [ RunTime:0.000816s ]

[ 2014-12-13T08:06:47+08:00 ] 61.135.190.199 /admin.php/admin/index/public_sessionLife.html
INFO: [ route_check ] --START--
INFO: CheckRoute Behavior ::run [ RunTime:0.000960s ]
INFO: [ route_check ] --END-- [ RunTime:0.001137s ]
INFO: [ app_begin ] --START--
INFO: ReadHtmlCache Behavior ::run [ RunTime:0.000631s ]
INFO: [ app_begin ] --END-- [ RunTime:0.000719s ]
SQL: SHOW COLUMNS FROM `tutor_admin_role_priv` [ RunTime:0.001603s ]
SQL: SHOW COLUMNS FROM `tutor_log` [ RunTime:0.001245s ]
INFO: [ view_parse ] --START--
INFO: ParseTemplate Behavior ::run [ RunTime:0.008881s ]
INFO: [ view_parse ] --END-- [ RunTime:0.008971s ]
INFO: [ view_filter ] --START--
INFO: ContentReplace Behavior ::run [ RunTime:0.000445s ]
INFO: TokenBuild Behavior ::run [ RunTime:0.000438s ]
INFO: WriteHtmlCache Behavior ::run [ RunTime:0.000332s ]
INFO: ShowRuntime Behavior ::run [ RunTime:0.000523s ]
INFO: [ view_filter ] --END-- [ RunTime:0.001946s ]
INFO: [ view_end ] --START--
INFO: ShowPageTrace Behavior ::run [ RunTime:0.000754s ]
INFO: [ view_end ] --END-- [ RunTime:0.000827s ]

[ 2014-12-13T08:08:54+08:00 ] 61.135.190.69 /admin.php/admin/content/article_list.html
INFO: [ route_check ] --START--
INFO: CheckRoute Behavior ::run [ RunTime:0.000969s ]
INFO: [ route_check ] --END-- [ RunTime:0.001144s ]
INFO: [ app_begin ] --START--
INFO: ReadHtmlCache Behavior ::run [ RunTime:0.000633s ]
INFO: [ app_begin ] --END-- [ RunTime:0.000718s ]
SQL: SHOW COLUMNS FROM `tutor_admin_role_priv` [ RunTime:0.001497s ]
SQL: SHOW COLUMNS FROM `tutor_log` [ RunTime:0.001199s ]
INFO: [ view_parse ] --START--
INFO: ParseTemplate Behavior ::run [ RunTime:0.008739s ]
INFO: [ view_parse ] --END-- [ RunTime:0.008840s ]
INFO: [ view_filter ] --START--
INFO: ContentReplace Behavior ::run [ RunTime:0.000446s ]
INFO: TokenBuild Behavior ::run [ RunTime:0.000436s ]
INFO: WriteHtmlCache Behavior ::run [ RunTime:0.000338s ]
INFO: ShowRuntime Behavior ::run [ RunTime:0.000519s ]
INFO: [ view_filter ] --END-- [ RunTime:0.001942s ]
INFO: [ view_end ] --START--
INFO: ShowPageTrace Behavior ::run [ RunTime:0.000765s ]
INFO: [ view_end ] --END-- [ RunTime:0.000838s ]

