[ 2014-11-29T07:23:26+08:00 ] 61.135.190.69 /admin.php/admin/content/article_list.html
INFO: [ route_check ] --START--
INFO: CheckRoute Behavior ::run [ RunTime:0.000976s ]
INFO: [ route_check ] --END-- [ RunTime:0.006524s ]
INFO: [ app_begin ] --START--
INFO: ReadHtmlCache Behavior ::run [ RunTime:0.000663s ]
INFO: [ app_begin ] --END-- [ RunTime:0.000753s ]
SQL: SHOW COLUMNS FROM `tutor_admin_role_priv` [ RunTime:0.002702s ]
SQL: SHOW COLUMNS FROM `tutor_log` [ RunTime:0.002278s ]
INFO: [ view_parse ] --START--
INFO: ParseTemplate Behavior ::run [ RunTime:0.019590s ]
INFO: [ view_parse ] --END-- [ RunTime:0.035222s ]
INFO: [ view_filter ] --START--
INFO: ContentReplace Behavior ::run [ RunTime:0.000474s ]
INFO: TokenBuild Behavior ::run [ RunTime:0.002470s ]
INFO: WriteHtmlCache Behavior ::run [ RunTime:0.000360s ]
INFO: ShowRuntime Behavior ::run [ RunTime:0.001267s ]
INFO: [ view_filter ] --END-- [ RunTime:0.005830s ]
INFO: [ view_end ] --START--
INFO: ShowPageTrace Behavior ::run [ RunTime:0.001491s ]
INFO: [ view_end ] --END-- [ RunTime:0.001566s ]

[ 2014-11-29T07:24:26+08:00 ] 61.135.190.200 /admin.php/admin/content/article_list.html
INFO: [ route_check ] --START--
INFO: CheckRoute Behavior ::run [ RunTime:0.001457s ]
INFO: [ route_check ] --END-- [ RunTime:0.001723s ]
INFO: [ app_begin ] --START--
INFO: ReadHtmlCache Behavior ::run [ RunTime:0.000647s ]
INFO: [ app_begin ] --END-- [ RunTime:0.000735s ]
SQL: SHOW COLUMNS FROM `tutor_admin_role_priv` [ RunTime:0.001564s ]
SQL: SHOW COLUMNS FROM `tutor_log` [ RunTime:0.001247s ]
INFO: [ view_parse ] --START--
INFO: ParseTemplate Behavior ::run [ RunTime:0.008832s ]
INFO: [ view_parse ] --END-- [ RunTime:0.008937s ]
INFO: [ view_filter ] --START--
INFO: ContentReplace Behavior ::run [ RunTime:0.000439s ]
INFO: TokenBuild Behavior ::run [ RunTime:0.000449s ]
INFO: WriteHtmlCache Behavior ::run [ RunTime:0.000329s ]
INFO: ShowRuntime Behavior ::run [ RunTime:0.000535s ]
INFO: [ view_filter ] --END-- [ RunTime:0.001966s ]
INFO: [ view_end ] --START--
INFO: ShowPageTrace Behavior ::run [ RunTime:0.000762s ]
INFO: [ view_end ] --END-- [ RunTime:0.000836s ]

