[ 2014-12-22T07:29:57+08:00 ] 61.135.190.198 /admin.php/admin/index/public_sessionLife.html
INFO: [ route_check ] --START--
INFO: CheckRoute Behavior ::run [ RunTime:0.000997s ]
INFO: [ route_check ] --END-- [ RunTime:0.001173s ]
INFO: [ app_begin ] --START--
INFO: ReadHtmlCache Behavior ::run [ RunTime:0.000649s ]
INFO: [ app_begin ] --END-- [ RunTime:0.000737s ]
SQL: SHOW COLUMNS FROM `tutor_admin_role_priv` [ RunTime:0.007033s ]
SQL: SHOW COLUMNS FROM `tutor_log` [ RunTime:0.002401s ]
INFO: [ view_parse ] --START--
INFO: ParseTemplate Behavior ::run [ RunTime:0.039328s ]
INFO: [ view_parse ] --END-- [ RunTime:0.039433s ]
INFO: [ view_filter ] --START--
INFO: ContentReplace Behavior ::run [ RunTime:0.000440s ]
INFO: TokenBuild Behavior ::run [ RunTime:0.000451s ]
INFO: WriteHtmlCache Behavior ::run [ RunTime:0.000322s ]
INFO: ShowRuntime Behavior ::run [ RunTime:0.000541s ]
INFO: [ view_filter ] --END-- [ RunTime:0.001962s ]
INFO: [ view_end ] --START--
INFO: ShowPageTrace Behavior ::run [ RunTime:0.021973s ]
INFO: [ view_end ] --END-- [ RunTime:0.022054s ]

[ 2014-12-22T07:31:45+08:00 ] 61.135.190.197 /admin.php/admin/index/public_sessionLife.html
INFO: [ route_check ] --START--
INFO: CheckRoute Behavior ::run [ RunTime:0.001354s ]
INFO: [ route_check ] --END-- [ RunTime:0.001560s ]
INFO: [ app_begin ] --START--
INFO: ReadHtmlCache Behavior ::run [ RunTime:0.000636s ]
INFO: [ app_begin ] --END-- [ RunTime:0.000723s ]
SQL: SHOW COLUMNS FROM `tutor_admin_role_priv` [ RunTime:0.001790s ]
SQL: SHOW COLUMNS FROM `tutor_log` [ RunTime:0.001554s ]
INFO: [ view_parse ] --START--
INFO: ParseTemplate Behavior ::run [ RunTime:0.008841s ]
INFO: [ view_parse ] --END-- [ RunTime:0.008935s ]
INFO: [ view_filter ] --START--
INFO: ContentReplace Behavior ::run [ RunTime:0.000434s ]
INFO: TokenBuild Behavior ::run [ RunTime:0.000450s ]
INFO: WriteHtmlCache Behavior ::run [ RunTime:0.000324s ]
INFO: ShowRuntime Behavior ::run [ RunTime:0.000565s ]
INFO: [ view_filter ] --END-- [ RunTime:0.001988s ]
INFO: [ view_end ] --START--
INFO: ShowPageTrace Behavior ::run [ RunTime:0.000705s ]
INFO: [ view_end ] --END-- [ RunTime:0.000785s ]

[ 2014-12-22T10:39:52+08:00 ] 222.84.19.236 /admin.php/admin/index/index.html
INFO: [ route_check ] --START--
INFO: CheckRoute Behavior ::run [ RunTime:0.000970s ]
INFO: [ route_check ] --END-- [ RunTime:0.001148s ]
INFO: [ app_begin ] --START--
INFO: ReadHtmlCache Behavior ::run [ RunTime:0.000647s ]
INFO: [ app_begin ] --END-- [ RunTime:0.000735s ]
SQL: SHOW COLUMNS FROM `tutor_admin_role_priv` [ RunTime:0.001897s ]
SQL: SHOW COLUMNS FROM `tutor_log` [ RunTime:0.001513s ]
INFO: [ view_parse ] --START--
INFO: ParseTemplate Behavior ::run [ RunTime:0.008827s ]
INFO: [ view_parse ] --END-- [ RunTime:0.008920s ]
INFO: [ view_filter ] --START--
INFO: ContentReplace Behavior ::run [ RunTime:0.000429s ]
INFO: TokenBuild Behavior ::run [ RunTime:0.000434s ]
INFO: WriteHtmlCache Behavior ::run [ RunTime:0.000325s ]
INFO: ShowRuntime Behavior ::run [ RunTime:0.000525s ]
INFO: [ view_filter ] --END-- [ RunTime:0.001934s ]
INFO: [ view_end ] --START--
INFO: ShowPageTrace Behavior ::run [ RunTime:0.000712s ]
INFO: [ view_end ] --END-- [ RunTime:0.000787s ]

[ 2014-12-22T10:39:55+08:00 ] 222.84.19.236 /admin.php/admin/index/login.html
INFO: [ route_check ] --START--
INFO: CheckRoute Behavior ::run [ RunTime:0.001300s ]
INFO: [ route_check ] --END-- [ RunTime:0.001459s ]
INFO: [ app_begin ] --START--
INFO: ReadHtmlCache Behavior ::run [ RunTime:0.000899s ]
INFO: [ app_begin ] --END-- [ RunTime:0.001012s ]
SQL: SHOW COLUMNS FROM `tutor_admin_role_priv` [ RunTime:0.001551s ]
SQL: SHOW COLUMNS FROM `tutor_log` [ RunTime:0.001203s ]
SQL: SHOW COLUMNS FROM `tutor_admin` [ RunTime:0.001737s ]
SQL: SHOW COLUMNS FROM `tutor_admin_role` [ RunTime:0.001413s ]
SQL: SHOW COLUMNS FROM `tutor_times` [ RunTime:0.001388s ]
SQL: SHOW COLUMNS FROM `tutor_menu` [ RunTime:0.001726s ]
NOTIC: 建议使用I方法替代_get
INFO: [ view_parse ] --START--
INFO: ParseTemplate Behavior ::run [ RunTime:0.022259s ]
INFO: [ view_parse ] --END-- [ RunTime:0.022405s ]
INFO: [ view_filter ] --START--
INFO: ContentReplace Behavior ::run [ RunTime:0.000659s ]
INFO: TokenBuild Behavior ::run [ RunTime:0.000673s ]
INFO: WriteHtmlCache Behavior ::run [ RunTime:0.000474s ]
INFO: ShowRuntime Behavior ::run [ RunTime:0.000853s ]
INFO: [ view_filter ] --END-- [ RunTime:0.002971s ]
INFO: [ view_end ] --START--
INFO: ShowPageTrace Behavior ::run [ RunTime:0.001025s ]
INFO: [ view_end ] --END-- [ RunTime:0.001143s ]

[ 2014-12-22T10:40:02+08:00 ] 222.84.19.236 /admin.php/admin/index/login/dosubmit/1.html
INFO: [ route_check ] --START--
INFO: CheckRoute Behavior ::run [ RunTime:0.000870s ]
INFO: [ route_check ] --END-- [ RunTime:0.000974s ]
INFO: [ app_begin ] --START--
INFO: ReadHtmlCache Behavior ::run [ RunTime:0.000595s ]
INFO: [ app_begin ] --END-- [ RunTime:0.000665s ]
SQL: SHOW COLUMNS FROM `tutor_admin_role_priv` [ RunTime:0.001074s ]
SQL: SHOW COLUMNS FROM `tutor_log` [ RunTime:0.000833s ]
SQL: SHOW COLUMNS FROM `tutor_admin` [ RunTime:0.000855s ]
SQL: SHOW COLUMNS FROM `tutor_admin_role` [ RunTime:0.000746s ]
SQL: SHOW COLUMNS FROM `tutor_times` [ RunTime:0.000738s ]
SQL: SHOW COLUMNS FROM `tutor_menu` [ RunTime:0.000797s ]
NOTIC: 建议使用I方法替代_get
NOTIC: 建议使用I方法替代_post
NOTIC: 建议使用I方法替代_post
SQL: SELECT * FROM `tutor_times` WHERE ( `username` = 'adc' ) AND ( `isadmin` = 1 ) LIMIT 1   [ RunTime:0.000941s ]
SQL: SELECT * FROM `tutor_admin` WHERE ( `username` = 'adc' ) LIMIT 1   [ RunTime:0.000628s ]
SQL: DELETE FROM `tutor_times` WHERE ( `username` = 'adc' ) [ RunTime:0.000248s ]
NOTIC: [8] Use of undefined constant SYS_TIME - assumed 'SYS_TIME' /home/aijiajia/public_html/Admin/Modules/Admin/Action/IndexAction.class.php 第 68 行.
NOTIC: [8] Use of undefined constant SYS_TIME - assumed 'SYS_TIME' /home/aijiajia/public_html/Admin/Modules/Admin/Action/IndexAction.class.php 第 68 行.
SQL: UPDATE `tutor_admin` SET `lastloginip`='222.84.19.236',`lastlogintime`=0,`lastlifetime`=0 WHERE ( `userid` = 2 ) [ RunTime:0.000292s ]

[ 2014-12-22T10:40:03+08:00 ] 222.84.19.236 /admin.php/admin/index/index.html
INFO: [ route_check ] --START--
INFO: CheckRoute Behavior ::run [ RunTime:0.000918s ]
INFO: [ route_check ] --END-- [ RunTime:0.001020s ]
INFO: [ app_begin ] --START--
INFO: ReadHtmlCache Behavior ::run [ RunTime:0.000612s ]
INFO: [ app_begin ] --END-- [ RunTime:0.000688s ]
SQL: SHOW COLUMNS FROM `tutor_admin_role_priv` [ RunTime:0.001097s ]
SQL: SHOW COLUMNS FROM `tutor_log` [ RunTime:0.000970s ]
SQL: SHOW COLUMNS FROM `tutor_admin` [ RunTime:0.001156s ]
SQL: SHOW COLUMNS FROM `tutor_admin_role` [ RunTime:0.000919s ]
SQL: SHOW COLUMNS FROM `tutor_times` [ RunTime:0.000779s ]
SQL: SHOW COLUMNS FROM `tutor_menu` [ RunTime:0.000858s ]
SQL: SELECT `rolename` FROM `tutor_admin_role` WHERE ( `roleid` = 1 ) LIMIT 1   [ RunTime:0.001007s ]
NOTIC: [8] Use of undefined constant SYS_TIME - assumed 'SYS_TIME' /home/aijiajia/public_html/Admin/Modules/Admin/Action/IndexAction.class.php 第 18 行.
SQL: UPDATE `tutor_admin` SET `lastlifetime`=0 WHERE ( `userid` = 2 ) [ RunTime:0.000282s ]
SQL: SELECT * FROM `tutor_menu` WHERE ( `parentid` = 0 ) AND ( `display` = 1 ) ORDER BY `listorder` ASC LIMIT 1000   [ RunTime:0.000870s ]
SQL: SELECT `lastlogintime`,`lastloginip` FROM `tutor_admin` WHERE ( `userid` = 2 ) LIMIT 1   [ RunTime:0.000302s ]
INFO: [ view_parse ] --START--
NOTIC: [8] Use of undefined constant lastlogintime - assumed 'lastlogintime' /home/aijiajia/public_html/Admin/Runtime/Cache/Admin/5bd0925e25bf58793df33dc58ca05648.php 第 62 行.
INFO: ParseTemplate Behavior ::run [ RunTime:0.034104s ]
INFO: [ view_parse ] --END-- [ RunTime:0.034196s ]
INFO: [ view_filter ] --START--
INFO: ContentReplace Behavior ::run [ RunTime:0.000430s ]
INFO: TokenBuild Behavior ::run [ RunTime:0.000648s ]
INFO: WriteHtmlCache Behavior ::run [ RunTime:0.000479s ]
INFO: ShowRuntime Behavior ::run [ RunTime:0.000722s ]
INFO: [ view_filter ] --END-- [ RunTime:0.002575s ]
INFO: [ view_end ] --START--
INFO: ShowPageTrace Behavior ::run [ RunTime:0.000752s ]
INFO: [ view_end ] --END-- [ RunTime:0.000827s ]

[ 2014-12-22T10:40:04+08:00 ] 222.84.19.236 /admin.php/admin/index/public_menuLeft.html
INFO: [ route_check ] --START--
INFO: CheckRoute Behavior ::run [ RunTime:0.001293s ]
INFO: [ route_check ] --END-- [ RunTime:0.001438s ]
INFO: [ app_begin ] --START--
INFO: ReadHtmlCache Behavior ::run [ RunTime:0.000876s ]
INFO: [ app_begin ] --END-- [ RunTime:0.000981s ]
SQL: SHOW COLUMNS FROM `tutor_admin_role_priv` [ RunTime:0.001073s ]
SQL: SHOW COLUMNS FROM `tutor_log` [ RunTime:0.000819s ]
SQL: SHOW COLUMNS FROM `tutor_admin` [ RunTime:0.000853s ]
SQL: SHOW COLUMNS FROM `tutor_admin_role` [ RunTime:0.000748s ]
SQL: SHOW COLUMNS FROM `tutor_times` [ RunTime:0.000741s ]
SQL: SHOW COLUMNS FROM `tutor_menu` [ RunTime:0.001024s ]
SQL: SELECT * FROM `tutor_menu` WHERE ( `parentid` = 1 ) AND ( `display` = 1 ) ORDER BY `listorder` ASC LIMIT 1000   [ RunTime:0.000581s ]
SQL: SELECT * FROM `tutor_menu` WHERE ( `parentid` = 6 ) AND ( `display` = 1 ) ORDER BY `listorder` ASC LIMIT 1000   [ RunTime:0.000577s ]

[ 2014-12-22T10:40:04+08:00 ] 222.84.19.236 /admin.php/admin/index/public_main.html?_=1419216066761
INFO: [ route_check ] --START--
INFO: CheckRoute Behavior ::run [ RunTime:0.001747s ]
INFO: [ route_check ] --END-- [ RunTime:0.002211s ]
INFO: [ app_begin ] --START--
INFO: ReadHtmlCache Behavior ::run [ RunTime:0.001617s ]
INFO: [ app_begin ] --END-- [ RunTime:0.001698s ]
SQL: SHOW COLUMNS FROM `tutor_admin_role_priv` [ RunTime:0.001250s ]
SQL: SHOW COLUMNS FROM `tutor_log` [ RunTime:0.000796s ]
SQL: SHOW COLUMNS FROM `tutor_admin` [ RunTime:0.000809s ]
SQL: SHOW COLUMNS FROM `tutor_admin_role` [ RunTime:0.000716s ]
SQL: SHOW COLUMNS FROM `tutor_times` [ RunTime:0.000708s ]
SQL: SHOW COLUMNS FROM `tutor_menu` [ RunTime:0.000790s ]
SQL: SELECT `rolename` FROM `tutor_admin_role` WHERE ( `roleid` = 1 ) LIMIT 1   [ RunTime:0.002558s ]
SQL: SELECT * FROM `tutor_admin` WHERE ( `userid` = 2 ) LIMIT 1   [ RunTime:0.003470s ]
NOTIC: [8] Undefined index:  act /home/aijiajia/public_html/Admin/Common/Func/Sys.func.php 第 4 行.
NOTIC: [2] file() [<a href='function.file'>function.file</a>]: open_basedir restriction in effect. File(/proc/cpuinfo) is not within the allowed path(s): (/home/aijiajia:/usr/lib/php:/usr/php4/lib/php:/usr/local/lib/php:/usr/local/php4/lib/php:/tmp) /home/aijiajia/public_html/Admin/Common/Func/Sys.func.php 第 111 行.
NOTIC: [2] file(/proc/cpuinfo) [<a href='function.file'>function.file</a>]: failed to open stream: Operation not permitted /home/aijiajia/public_html/Admin/Common/Func/Sys.func.php 第 111 行.
NOTIC: [8] Undefined index:  memUsed /home/aijiajia/public_html/Admin/Common/Func/Sys.func.php 第 23 行.
NOTIC: [8] Undefined index:  memFree /home/aijiajia/public_html/Admin/Common/Func/Sys.func.php 第 23 行.
NOTIC: [8] Undefined index:  memPercent /home/aijiajia/public_html/Admin/Common/Func/Sys.func.php 第 23 行.
NOTIC: [8] Undefined index:  memCached /home/aijiajia/public_html/Admin/Common/Func/Sys.func.php 第 23 行.
NOTIC: [8] Undefined index:  memRealPercent /home/aijiajia/public_html/Admin/Common/Func/Sys.func.php 第 23 行.
NOTIC: [8] Undefined index:  memCachedPercent /home/aijiajia/public_html/Admin/Common/Func/Sys.func.php 第 23 行.
NOTIC: [8] Undefined index:  swapTotal /home/aijiajia/public_html/Admin/Common/Func/Sys.func.php 第 23 行.
NOTIC: [8] Undefined index:  swapUsed /home/aijiajia/public_html/Admin/Common/Func/Sys.func.php 第 23 行.
NOTIC: [8] Undefined index:  swapFree /home/aijiajia/public_html/Admin/Common/Func/Sys.func.php 第 23 行.
NOTIC: [8] Undefined index:  swapPercent /home/aijiajia/public_html/Admin/Common/Func/Sys.func.php 第 23 行.
NOTIC: [2] file() [<a href='function.file'>function.file</a>]: open_basedir restriction in effect. File(/proc/net/dev) is not within the allowed path(s): (/home/aijiajia:/usr/lib/php:/usr/php4/lib/php:/usr/local/lib/php:/usr/local/php4/lib/php:/tmp) /home/aijiajia/public_html/Admin/Common/Func/Sys.func.php 第 31 行.
NOTIC: [2] file(/proc/net/dev) [<a href='function.file'>function.file</a>]: failed to open stream: Operation not permitted /home/aijiajia/public_html/Admin/Common/Func/Sys.func.php 第 31 行.
NOTIC: [8] Undefined index:  memBuffers /home/aijiajia/public_html/Admin/Common/Func/Sys.func.php 第 51 行.
NOTIC: [8] Undefined index:  memRealUsed /home/aijiajia/public_html/Admin/Common/Func/Sys.func.php 第 56 行.
NOTIC: [8] Undefined index:  memRealFree /home/aijiajia/public_html/Admin/Common/Func/Sys.func.php 第 57 行.
NOTIC: [8] Undefined offset:  2 /home/aijiajia/public_html/Admin/Common/Func/Sys.func.php 第 80 行.
NOTIC: [8] Undefined offset:  3 /home/aijiajia/public_html/Admin/Common/Func/Sys.func.php 第 81 行.
NOTIC: [8] Undefined offset:  4 /home/aijiajia/public_html/Admin/Common/Func/Sys.func.php 第 82 行.
NOTIC: [8] Undefined offset:  5 /home/aijiajia/public_html/Admin/Common/Func/Sys.func.php 第 83 行.
NOTIC: [8] Undefined offset:  6 /home/aijiajia/public_html/Admin/Common/Func/Sys.func.php 第 84 行.
NOTIC: [8] Undefined offset:  7 /home/aijiajia/public_html/Admin/Common/Func/Sys.func.php 第 85 行.
NOTIC: [8] Undefined offset:  8 /home/aijiajia/public_html/Admin/Common/Func/Sys.func.php 第 86 行.
NOTIC: [8] Undefined offset:  9 /home/aijiajia/public_html/Admin/Common/Func/Sys.func.php 第 87 行.
NOTIC: [8] Undefined offset:  10 /home/aijiajia/public_html/Admin/Common/Func/Sys.func.php 第 88 行.
NOTIC: [8] Undefined variable: NetInput /home/aijiajia/public_html/Admin/Common/Func/Sys.func.php 第 89 行.
NOTIC: [8] Undefined variable: NetInput /home/aijiajia/public_html/Admin/Common/Func/Sys.func.php 第 90 行.
NOTIC: [8] Undefined variable: NetInput /home/aijiajia/public_html/Admin/Common/Func/Sys.func.php 第 91 行.
NOTIC: [8] Undefined variable: NetInput /home/aijiajia/public_html/Admin/Common/Func/Sys.func.php 第 92 行.
NOTIC: [8] Undefined variable: NetInput /home/aijiajia/public_html/Admin/Common/Func/Sys.func.php 第 93 行.
NOTIC: [8] Undefined variable: NetInput /home/aijiajia/public_html/Admin/Common/Func/Sys.func.php 第 94 行.
NOTIC: [8] Undefined variable: NetInput /home/aijiajia/public_html/Admin/Common/Func/Sys.func.php 第 95 行.
NOTIC: [8] Undefined variable: NetInput /home/aijiajia/public_html/Admin/Common/Func/Sys.func.php 第 96 行.
NOTIC: [8] Undefined variable: NetInput /home/aijiajia/public_html/Admin/Common/Func/Sys.func.php 第 97 行.
NOTIC: [2] php_uname() has been disabled for security reasons /home/aijiajia/public_html/Admin/Modules/Admin/Action/IndexAction.class.php 第 132 行.
SQL: SELECT `username`,`realname` FROM `tutor_admin` WHERE ( `lastlifetime` >= 1419215704 ) ORDER BY lastlifetime desc  [ RunTime:0.000323s ]
INFO: [ view_parse ] --START--
INFO: ParseTemplate Behavior ::run [ RunTime:0.007841s ]
INFO: [ view_parse ] --END-- [ RunTime:0.007931s ]
INFO: [ view_filter ] --START--
INFO: ContentReplace Behavior ::run [ RunTime:0.000429s ]
INFO: TokenBuild Behavior ::run [ RunTime:0.000446s ]
INFO: WriteHtmlCache Behavior ::run [ RunTime:0.000325s ]
INFO: ShowRuntime Behavior ::run [ RunTime:0.000541s ]
INFO: [ view_filter ] --END-- [ RunTime:0.001932s ]
INFO: [ view_end ] --START--
INFO: ShowPageTrace Behavior ::run [ RunTime:0.000731s ]
INFO: [ view_end ] --END-- [ RunTime:0.000797s ]

[ 2014-12-22T10:40:06+08:00 ] 222.84.19.236 /admin.php/admin/index/public_menuLeft.html
INFO: [ route_check ] --START--
INFO: CheckRoute Behavior ::run [ RunTime:0.000854s ]
INFO: [ route_check ] --END-- [ RunTime:0.000950s ]
INFO: [ app_begin ] --START--
INFO: ReadHtmlCache Behavior ::run [ RunTime:0.000600s ]
INFO: [ app_begin ] --END-- [ RunTime:0.000670s ]
SQL: SHOW COLUMNS FROM `tutor_admin_role_priv` [ RunTime:0.001196s ]
SQL: SHOW COLUMNS FROM `tutor_log` [ RunTime:0.000791s ]
SQL: SHOW COLUMNS FROM `tutor_admin` [ RunTime:0.000828s ]
SQL: SHOW COLUMNS FROM `tutor_admin_role` [ RunTime:0.000727s ]
SQL: SHOW COLUMNS FROM `tutor_times` [ RunTime:0.000942s ]
SQL: SHOW COLUMNS FROM `tutor_menu` [ RunTime:0.001146s ]
SQL: SELECT * FROM `tutor_menu` WHERE ( `parentid` = 3 ) AND ( `display` = 1 ) ORDER BY `listorder` ASC LIMIT 1000   [ RunTime:0.000582s ]
SQL: SELECT * FROM `tutor_menu` WHERE ( `parentid` = 21 ) AND ( `display` = 1 ) ORDER BY `listorder` ASC LIMIT 1000   [ RunTime:0.000479s ]
SQL: SELECT * FROM `tutor_menu` WHERE ( `parentid` = 29 ) AND ( `display` = 1 ) ORDER BY `listorder` ASC LIMIT 1000   [ RunTime:0.000506s ]
SQL: SELECT * FROM `tutor_menu` WHERE ( `parentid` = 39 ) AND ( `display` = 1 ) ORDER BY `listorder` ASC LIMIT 1000   [ RunTime:0.000505s ]
SQL: SELECT * FROM `tutor_menu` WHERE ( `parentid` = 17 ) AND ( `display` = 1 ) ORDER BY `listorder` ASC LIMIT 1000   [ RunTime:0.000496s ]

[ 2014-12-22T10:40:09+08:00 ] 222.84.19.236 /admin.php/admin/index/public_menuLeft.html
INFO: [ route_check ] --START--
INFO: CheckRoute Behavior ::run [ RunTime:0.000844s ]
INFO: [ route_check ] --END-- [ RunTime:0.000945s ]
INFO: [ app_begin ] --START--
INFO: ReadHtmlCache Behavior ::run [ RunTime:0.000581s ]
INFO: [ app_begin ] --END-- [ RunTime:0.000651s ]
SQL: SHOW COLUMNS FROM `tutor_admin_role_priv` [ RunTime:0.001462s ]
SQL: SHOW COLUMNS FROM `tutor_log` [ RunTime:0.001210s ]
SQL: SHOW COLUMNS FROM `tutor_admin` [ RunTime:0.001264s ]
SQL: SHOW COLUMNS FROM `tutor_admin_role` [ RunTime:0.001092s ]
SQL: SHOW COLUMNS FROM `tutor_times` [ RunTime:0.001066s ]
SQL: SHOW COLUMNS FROM `tutor_menu` [ RunTime:0.001156s ]
SQL: SELECT * FROM `tutor_menu` WHERE ( `parentid` = 4 ) AND ( `display` = 1 ) ORDER BY `listorder` ASC LIMIT 1000   [ RunTime:0.000592s ]
SQL: SELECT * FROM `tutor_menu` WHERE ( `parentid` = 25 ) AND ( `display` = 1 ) ORDER BY `listorder` ASC LIMIT 1000   [ RunTime:0.000862s ]

[ 2014-12-22T10:40:11+08:00 ] 222.84.19.236 /admin.php/admin/user/recruit_list/menuid/46.html?_=1419216066762
INFO: [ route_check ] --START--
INFO: CheckRoute Behavior ::run [ RunTime:0.001278s ]
INFO: [ route_check ] --END-- [ RunTime:0.001426s ]
INFO: [ app_begin ] --START--
INFO: ReadHtmlCache Behavior ::run [ RunTime:0.000899s ]
INFO: [ app_begin ] --END-- [ RunTime:0.001005s ]
SQL: SHOW COLUMNS FROM `tutor_admin_role_priv` [ RunTime:0.001425s ]
SQL: SHOW COLUMNS FROM `tutor_log` [ RunTime:0.001197s ]
SQL: SHOW COLUMNS FROM `tutor_menu` [ RunTime:0.001201s ]
SQL: SHOW COLUMNS FROM `tutor_company` [ RunTime:0.001203s ]
SQL: SHOW COLUMNS FROM `tutor_member` [ RunTime:0.001009s ]
SQL: SHOW COLUMNS FROM `tutor_lesson` [ RunTime:0.001000s ]
SQL: SHOW COLUMNS FROM `tutor_recruit` [ RunTime:0.001063s ]
SQL: SELECT * FROM `tutor_menu` WHERE ( `id` = 46 ) LIMIT 1   [ RunTime:0.000349s ]
SQL: SELECT * FROM `tutor_menu` WHERE ( `id` = 25 ) LIMIT 1   [ RunTime:0.000289s ]
SQL: SELECT * FROM `tutor_menu` WHERE ( `id` = 4 ) LIMIT 1   [ RunTime:0.000289s ]
NOTIC: [8] Use of undefined constant currentpos - assumed 'currentpos' /home/aijiajia/public_html/Admin/Modules/Admin/Action/UserAction.class.php 第 140 行.
INFO: [ view_parse ] --START--
NOTIC: [8] Undefined variable: adminList /home/aijiajia/public_html/Admin/Runtime/Cache/Admin/a9256fd34fde899560f260918cb3fa71.php 第 21 行.
NOTIC: [8] Undefined variable: moduleList /home/aijiajia/public_html/Admin/Runtime/Cache/Admin/a9256fd34fde899560f260918cb3fa71.php 第 26 行.
INFO: ParseTemplate Behavior ::run [ RunTime:0.030538s ]
INFO: [ view_parse ] --END-- [ RunTime:0.030629s ]
INFO: [ view_filter ] --START--
INFO: ContentReplace Behavior ::run [ RunTime:0.000412s ]
INFO: TokenBuild Behavior ::run [ RunTime:0.000430s ]
INFO: WriteHtmlCache Behavior ::run [ RunTime:0.000370s ]
INFO: ShowRuntime Behavior ::run [ RunTime:0.000531s ]
INFO: [ view_filter ] --END-- [ RunTime:0.001966s ]
INFO: [ view_end ] --START--
INFO: ShowPageTrace Behavior ::run [ RunTime:0.000673s ]
INFO: [ view_end ] --END-- [ RunTime:0.000742s ]

[ 2014-12-22T10:40:12+08:00 ] 222.84.19.236 /admin.php/admin/user/recruit_list.html
INFO: [ route_check ] --START--
INFO: CheckRoute Behavior ::run [ RunTime:0.000861s ]
INFO: [ route_check ] --END-- [ RunTime:0.000963s ]
INFO: [ app_begin ] --START--
INFO: ReadHtmlCache Behavior ::run [ RunTime:0.000582s ]
INFO: [ app_begin ] --END-- [ RunTime:0.000660s ]
SQL: SHOW COLUMNS FROM `tutor_admin_role_priv` [ RunTime:0.001520s ]
SQL: SHOW COLUMNS FROM `tutor_log` [ RunTime:0.001205s ]
SQL: SHOW COLUMNS FROM `tutor_menu` [ RunTime:0.001225s ]
SQL: SHOW COLUMNS FROM `tutor_company` [ RunTime:0.001672s ]
SQL: SHOW COLUMNS FROM `tutor_member` [ RunTime:0.001452s ]
SQL: SHOW COLUMNS FROM `tutor_lesson` [ RunTime:0.001499s ]
SQL: SHOW COLUMNS FROM `tutor_recruit` [ RunTime:0.001167s ]
SQL: SELECT COUNT(*) AS tp_count FROM `tutor_recruit` LIMIT 1   [ RunTime:0.000384s ]
SQL: SELECT * FROM `tutor_recruit` ORDER BY id DESC LIMIT 0,10   [ RunTime:0.000426s ]
SQL: SELECT `c_abbr` FROM `tutor_company` WHERE ( `cid` = '0' ) LIMIT 1   [ RunTime:0.000148s ]
SQL: SELECT `c_abbr` FROM `tutor_company` WHERE ( `cid` = '0' ) LIMIT 1   [ RunTime:0.000138s ]
SQL: SELECT `c_abbr` FROM `tutor_company` WHERE ( `cid` = '0' ) LIMIT 1   [ RunTime:0.000138s ]
SQL: SELECT `c_abbr` FROM `tutor_company` WHERE ( `cid` = '0' ) LIMIT 1   [ RunTime:0.000096s ]
SQL: SELECT `c_abbr` FROM `tutor_company` WHERE ( `cid` = '0' ) LIMIT 1   [ RunTime:0.000135s ]
SQL: SELECT `c_abbr` FROM `tutor_company` WHERE ( `cid` = '0' ) LIMIT 1   [ RunTime:0.000137s ]

[ 2014-12-22T10:40:13+08:00 ] 222.84.19.236 /admin.php/admin/user/recruit_operate.html?_=1419216066763
INFO: [ route_check ] --START--
INFO: CheckRoute Behavior ::run [ RunTime:0.000854s ]
INFO: [ route_check ] --END-- [ RunTime:0.000949s ]
INFO: [ app_begin ] --START--
INFO: ReadHtmlCache Behavior ::run [ RunTime:0.000586s ]
INFO: [ app_begin ] --END-- [ RunTime:0.000655s ]
SQL: SHOW COLUMNS FROM `tutor_admin_role_priv` [ RunTime:0.001094s ]
SQL: SHOW COLUMNS FROM `tutor_log` [ RunTime:0.000856s ]
SQL: SHOW COLUMNS FROM `tutor_menu` [ RunTime:0.000861s ]
SQL: SHOW COLUMNS FROM `tutor_company` [ RunTime:0.001165s ]
SQL: SHOW COLUMNS FROM `tutor_member` [ RunTime:0.001025s ]
SQL: SHOW COLUMNS FROM `tutor_lesson` [ RunTime:0.001029s ]
SQL: SHOW COLUMNS FROM `tutor_recruit` [ RunTime:0.000869s ]
SQL: SELECT * FROM `tutor_menu` WHERE ( `id` = 0 ) LIMIT 1   [ RunTime:0.000347s ]
SQL: SELECT * FROM `tutor_recruit` WHERE ( `id` = 0 ) LIMIT 1   [ RunTime:0.000325s ]
NOTIC: [8] Use of undefined constant currentpos - assumed 'currentpos' /home/aijiajia/public_html/Admin/Modules/Admin/Action/UserAction.class.php 第 182 行.
INFO: [ view_parse ] --START--
INFO: ParseTemplate Behavior ::run [ RunTime:0.018300s ]
INFO: [ view_parse ] --END-- [ RunTime:0.018402s ]
INFO: [ view_filter ] --START--
INFO: ContentReplace Behavior ::run [ RunTime:0.000428s ]
INFO: TokenBuild Behavior ::run [ RunTime:0.000459s ]
INFO: WriteHtmlCache Behavior ::run [ RunTime:0.000316s ]
INFO: ShowRuntime Behavior ::run [ RunTime:0.000544s ]
INFO: [ view_filter ] --END-- [ RunTime:0.001941s ]
INFO: [ view_end ] --START--
INFO: ShowPageTrace Behavior ::run [ RunTime:0.000691s ]
INFO: [ view_end ] --END-- [ RunTime:0.000757s ]

[ 2014-12-22T10:41:55+08:00 ] 222.84.19.236 /admin.php/admin/user/recruit_operate/action/other.html
INFO: [ route_check ] --START--
INFO: CheckRoute Behavior ::run [ RunTime:0.000996s ]
INFO: [ route_check ] --END-- [ RunTime:0.001170s ]
INFO: [ app_begin ] --START--
INFO: ReadHtmlCache Behavior ::run [ RunTime:0.000637s ]
INFO: [ app_begin ] --END-- [ RunTime:0.000715s ]
SQL: SHOW COLUMNS FROM `tutor_admin_role_priv` [ RunTime:0.001549s ]
SQL: SHOW COLUMNS FROM `tutor_log` [ RunTime:0.001228s ]
SQL: SHOW COLUMNS FROM `tutor_menu` [ RunTime:0.001194s ]
SQL: SHOW COLUMNS FROM `tutor_company` [ RunTime:0.001732s ]
SQL: SHOW COLUMNS FROM `tutor_member` [ RunTime:0.001459s ]
SQL: SHOW COLUMNS FROM `tutor_lesson` [ RunTime:0.001555s ]
SQL: SHOW COLUMNS FROM `tutor_recruit` [ RunTime:0.000987s ]
SQL: INSERT INTO `tutor_recruit` (`content`,`tel`,`email`,`cid`,`push_time`) VALUES ('招兼职初一地理老师，星期一下午18：30上课，有意愿者请电话联系梁老师','15907716590','',0,'2014-12-22') [ RunTime:0.000521s ]
NOTIC: [8] Use of undefined constant fales - assumed 'fales' /home/aijiajia/public_html/Admin/Modules/Admin/Action/UserAction.class.php 第 173 行.

[ 2014-12-22T10:41:57+08:00 ] 222.84.19.236 /admin.php/admin/user/recruit_list/menuid/46.html?_=1419216066764
INFO: [ route_check ] --START--
INFO: CheckRoute Behavior ::run [ RunTime:0.000874s ]
INFO: [ route_check ] --END-- [ RunTime:0.000976s ]
INFO: [ app_begin ] --START--
INFO: ReadHtmlCache Behavior ::run [ RunTime:0.000608s ]
INFO: [ app_begin ] --END-- [ RunTime:0.000677s ]
SQL: SHOW COLUMNS FROM `tutor_admin_role_priv` [ RunTime:0.001130s ]
SQL: SHOW COLUMNS FROM `tutor_log` [ RunTime:0.000855s ]
SQL: SHOW COLUMNS FROM `tutor_menu` [ RunTime:0.000857s ]
SQL: SHOW COLUMNS FROM `tutor_company` [ RunTime:0.001173s ]
SQL: SHOW COLUMNS FROM `tutor_member` [ RunTime:0.001022s ]
SQL: SHOW COLUMNS FROM `tutor_lesson` [ RunTime:0.001041s ]
SQL: SHOW COLUMNS FROM `tutor_recruit` [ RunTime:0.001884s ]
SQL: SELECT * FROM `tutor_menu` WHERE ( `id` = 46 ) LIMIT 1   [ RunTime:0.000164s ]
SQL: SELECT * FROM `tutor_menu` WHERE ( `id` = 25 ) LIMIT 1   [ RunTime:0.000159s ]
SQL: SELECT * FROM `tutor_menu` WHERE ( `id` = 4 ) LIMIT 1   [ RunTime:0.000154s ]
NOTIC: [8] Use of undefined constant currentpos - assumed 'currentpos' /home/aijiajia/public_html/Admin/Modules/Admin/Action/UserAction.class.php 第 140 行.
INFO: [ view_parse ] --START--
NOTIC: [8] Undefined variable: adminList /home/aijiajia/public_html/Admin/Runtime/Cache/Admin/a9256fd34fde899560f260918cb3fa71.php 第 21 行.
NOTIC: [8] Undefined variable: moduleList /home/aijiajia/public_html/Admin/Runtime/Cache/Admin/a9256fd34fde899560f260918cb3fa71.php 第 26 行.
INFO: ParseTemplate Behavior ::run [ RunTime:0.013467s ]
INFO: [ view_parse ] --END-- [ RunTime:0.013571s ]
INFO: [ view_filter ] --START--
INFO: ContentReplace Behavior ::run [ RunTime:0.000489s ]
INFO: TokenBuild Behavior ::run [ RunTime:0.000499s ]
INFO: WriteHtmlCache Behavior ::run [ RunTime:0.000425s ]
INFO: ShowRuntime Behavior ::run [ RunTime:0.000594s ]
INFO: [ view_filter ] --END-- [ RunTime:0.002220s ]
INFO: [ view_end ] --START--
INFO: ShowPageTrace Behavior ::run [ RunTime:0.000788s ]
INFO: [ view_end ] --END-- [ RunTime:0.000864s ]

[ 2014-12-22T10:41:57+08:00 ] 222.84.19.236 /admin.php/admin/user/recruit_list/menuid/46.html?_=1419216066765
INFO: [ route_check ] --START--
INFO: CheckRoute Behavior ::run [ RunTime:0.005308s ]
INFO: [ route_check ] --END-- [ RunTime:0.005481s ]
INFO: [ app_begin ] --START--
INFO: ReadHtmlCache Behavior ::run [ RunTime:0.000635s ]
INFO: [ app_begin ] --END-- [ RunTime:0.000715s ]
SQL: SHOW COLUMNS FROM `tutor_admin_role_priv` [ RunTime:0.000804s ]
SQL: SHOW COLUMNS FROM `tutor_log` [ RunTime:0.000834s ]
SQL: SHOW COLUMNS FROM `tutor_menu` [ RunTime:0.000812s ]
SQL: SHOW COLUMNS FROM `tutor_company` [ RunTime:0.001133s ]
SQL: SHOW COLUMNS FROM `tutor_member` [ RunTime:0.001027s ]
SQL: SHOW COLUMNS FROM `tutor_lesson` [ RunTime:0.001944s ]
SQL: SHOW COLUMNS FROM `tutor_recruit` [ RunTime:0.001212s ]
SQL: SELECT * FROM `tutor_menu` WHERE ( `id` = 46 ) LIMIT 1   [ RunTime:0.000154s ]
SQL: SELECT * FROM `tutor_menu` WHERE ( `id` = 25 ) LIMIT 1   [ RunTime:0.000139s ]
SQL: SELECT * FROM `tutor_menu` WHERE ( `id` = 4 ) LIMIT 1   [ RunTime:0.000140s ]
NOTIC: [8] Use of undefined constant currentpos - assumed 'currentpos' /home/aijiajia/public_html/Admin/Modules/Admin/Action/UserAction.class.php 第 140 行.
INFO: [ view_parse ] --START--
NOTIC: [8] Undefined variable: adminList /home/aijiajia/public_html/Admin/Runtime/Cache/Admin/a9256fd34fde899560f260918cb3fa71.php 第 21 行.
NOTIC: [8] Undefined variable: moduleList /home/aijiajia/public_html/Admin/Runtime/Cache/Admin/a9256fd34fde899560f260918cb3fa71.php 第 26 行.
INFO: ParseTemplate Behavior ::run [ RunTime:0.011808s ]
INFO: [ view_parse ] --END-- [ RunTime:0.011895s ]
INFO: [ view_filter ] --START--
INFO: ContentReplace Behavior ::run [ RunTime:0.000421s ]
INFO: TokenBuild Behavior ::run [ RunTime:0.000462s ]
INFO: WriteHtmlCache Behavior ::run [ RunTime:0.000322s ]
INFO: ShowRuntime Behavior ::run [ RunTime:0.000566s ]
INFO: [ view_filter ] --END-- [ RunTime:0.001957s ]
INFO: [ view_end ] --START--
INFO: ShowPageTrace Behavior ::run [ RunTime:0.000692s ]
INFO: [ view_end ] --END-- [ RunTime:0.000760s ]

[ 2014-12-22T10:41:58+08:00 ] 222.84.19.236 /admin.php/admin/user/recruit_list.html
INFO: [ route_check ] --START--
INFO: CheckRoute Behavior ::run [ RunTime:0.000869s ]
INFO: [ route_check ] --END-- [ RunTime:0.000969s ]
INFO: [ app_begin ] --START--
INFO: ReadHtmlCache Behavior ::run [ RunTime:0.000589s ]
INFO: [ app_begin ] --END-- [ RunTime:0.000657s ]
SQL: SHOW COLUMNS FROM `tutor_admin_role_priv` [ RunTime:0.001099s ]
SQL: SHOW COLUMNS FROM `tutor_log` [ RunTime:0.000828s ]
SQL: SHOW COLUMNS FROM `tutor_menu` [ RunTime:0.000823s ]
SQL: SHOW COLUMNS FROM `tutor_company` [ RunTime:0.001131s ]
SQL: SHOW COLUMNS FROM `tutor_member` [ RunTime:0.000985s ]
SQL: SHOW COLUMNS FROM `tutor_lesson` [ RunTime:0.001023s ]
SQL: SHOW COLUMNS FROM `tutor_recruit` [ RunTime:0.000784s ]
SQL: SELECT COUNT(*) AS tp_count FROM `tutor_recruit` LIMIT 1   [ RunTime:0.000274s ]
SQL: SELECT * FROM `tutor_recruit` ORDER BY id DESC LIMIT 0,10   [ RunTime:0.000341s ]
SQL: SELECT `c_abbr` FROM `tutor_company` WHERE ( `cid` = '0' ) LIMIT 1   [ RunTime:0.000104s ]
SQL: SELECT `c_abbr` FROM `tutor_company` WHERE ( `cid` = '0' ) LIMIT 1   [ RunTime:0.000101s ]
SQL: SELECT `c_abbr` FROM `tutor_company` WHERE ( `cid` = '0' ) LIMIT 1   [ RunTime:0.000100s ]
SQL: SELECT `c_abbr` FROM `tutor_company` WHERE ( `cid` = '0' ) LIMIT 1   [ RunTime:0.000098s ]
SQL: SELECT `c_abbr` FROM `tutor_company` WHERE ( `cid` = '0' ) LIMIT 1   [ RunTime:0.000097s ]
SQL: SELECT `c_abbr` FROM `tutor_company` WHERE ( `cid` = '0' ) LIMIT 1   [ RunTime:0.000096s ]
SQL: SELECT `c_abbr` FROM `tutor_company` WHERE ( `cid` = '0' ) LIMIT 1   [ RunTime:0.000096s ]

[ 2014-12-22T10:41:58+08:00 ] 222.84.19.236 /admin.php/admin/user/recruit_list.html
INFO: [ route_check ] --START--
INFO: CheckRoute Behavior ::run [ RunTime:0.000872s ]
INFO: [ route_check ] --END-- [ RunTime:0.000970s ]
INFO: [ app_begin ] --START--
INFO: ReadHtmlCache Behavior ::run [ RunTime:0.000613s ]
INFO: [ app_begin ] --END-- [ RunTime:0.000681s ]
SQL: SHOW COLUMNS FROM `tutor_admin_role_priv` [ RunTime:0.001539s ]
SQL: SHOW COLUMNS FROM `tutor_log` [ RunTime:0.001314s ]
SQL: SHOW COLUMNS FROM `tutor_menu` [ RunTime:0.001268s ]
SQL: SHOW COLUMNS FROM `tutor_company` [ RunTime:0.001698s ]
SQL: SHOW COLUMNS FROM `tutor_member` [ RunTime:0.001018s ]
SQL: SHOW COLUMNS FROM `tutor_lesson` [ RunTime:0.001005s ]
SQL: SHOW COLUMNS FROM `tutor_recruit` [ RunTime:0.000825s ]
SQL: SELECT COUNT(*) AS tp_count FROM `tutor_recruit` LIMIT 1   [ RunTime:0.000110s ]
SQL: SELECT * FROM `tutor_recruit` ORDER BY id DESC LIMIT 0,10   [ RunTime:0.000119s ]
SQL: SELECT `c_abbr` FROM `tutor_company` WHERE ( `cid` = '0' ) LIMIT 1   [ RunTime:0.000096s ]
SQL: SELECT `c_abbr` FROM `tutor_company` WHERE ( `cid` = '0' ) LIMIT 1   [ RunTime:0.000099s ]
SQL: SELECT `c_abbr` FROM `tutor_company` WHERE ( `cid` = '0' ) LIMIT 1   [ RunTime:0.000093s ]
SQL: SELECT `c_abbr` FROM `tutor_company` WHERE ( `cid` = '0' ) LIMIT 1   [ RunTime:0.000091s ]
SQL: SELECT `c_abbr` FROM `tutor_company` WHERE ( `cid` = '0' ) LIMIT 1   [ RunTime:0.000091s ]
SQL: SELECT `c_abbr` FROM `tutor_company` WHERE ( `cid` = '0' ) LIMIT 1   [ RunTime:0.000099s ]
SQL: SELECT `c_abbr` FROM `tutor_company` WHERE ( `cid` = '0' ) LIMIT 1   [ RunTime:0.000190s ]

[ 2014-12-22T10:42:04+08:00 ] 222.84.19.236 /admin.php/admin/user/recruit_operate/action/status.html
INFO: [ route_check ] --START--
INFO: CheckRoute Behavior ::run [ RunTime:0.000852s ]
INFO: [ route_check ] --END-- [ RunTime:0.000946s ]
INFO: [ app_begin ] --START--
INFO: ReadHtmlCache Behavior ::run [ RunTime:0.000612s ]
INFO: [ app_begin ] --END-- [ RunTime:0.000682s ]
SQL: SHOW COLUMNS FROM `tutor_admin_role_priv` [ RunTime:0.001560s ]
SQL: SHOW COLUMNS FROM `tutor_log` [ RunTime:0.000992s ]
SQL: SHOW COLUMNS FROM `tutor_menu` [ RunTime:0.000875s ]
SQL: SHOW COLUMNS FROM `tutor_company` [ RunTime:0.001153s ]
SQL: SHOW COLUMNS FROM `tutor_member` [ RunTime:0.001030s ]
SQL: SHOW COLUMNS FROM `tutor_lesson` [ RunTime:0.001014s ]
SQL: SHOW COLUMNS FROM `tutor_recruit` [ RunTime:0.000776s ]
SQL: SELECT `status` FROM `tutor_recruit` WHERE ( `id` = 7 ) LIMIT 1   [ RunTime:0.000323s ]
SQL: SELECT COUNT(*) AS tp_count FROM `tutor_recruit` WHERE ( `status` = 1 ) LIMIT 1   [ RunTime:0.000309s ]
SQL: UPDATE `tutor_recruit` SET `status`=1 WHERE ( `id` = 7 ) [ RunTime:0.000348s ]

[ 2014-12-22T10:42:05+08:00 ] 222.84.19.236 /admin.php/admin/user/recruit_list/menuid/46.html?_=1419216066766
INFO: [ route_check ] --START--
INFO: CheckRoute Behavior ::run [ RunTime:0.000864s ]
INFO: [ route_check ] --END-- [ RunTime:0.000969s ]
INFO: [ app_begin ] --START--
INFO: ReadHtmlCache Behavior ::run [ RunTime:0.000589s ]
INFO: [ app_begin ] --END-- [ RunTime:0.000660s ]
SQL: SHOW COLUMNS FROM `tutor_admin_role_priv` [ RunTime:0.001470s ]
SQL: SHOW COLUMNS FROM `tutor_log` [ RunTime:0.001192s ]
SQL: SHOW COLUMNS FROM `tutor_menu` [ RunTime:0.001175s ]
SQL: SHOW COLUMNS FROM `tutor_company` [ RunTime:0.001643s ]
SQL: SHOW COLUMNS FROM `tutor_member` [ RunTime:0.001427s ]
SQL: SHOW COLUMNS FROM `tutor_lesson` [ RunTime:0.001454s ]
SQL: SHOW COLUMNS FROM `tutor_recruit` [ RunTime:0.001151s ]
SQL: SELECT * FROM `tutor_menu` WHERE ( `id` = 46 ) LIMIT 1   [ RunTime:0.000158s ]
SQL: SELECT * FROM `tutor_menu` WHERE ( `id` = 25 ) LIMIT 1   [ RunTime:0.000151s ]
SQL: SELECT * FROM `tutor_menu` WHERE ( `id` = 4 ) LIMIT 1   [ RunTime:0.000138s ]
NOTIC: [8] Use of undefined constant currentpos - assumed 'currentpos' /home/aijiajia/public_html/Admin/Modules/Admin/Action/UserAction.class.php 第 140 行.
INFO: [ view_parse ] --START--
NOTIC: [8] Undefined variable: adminList /home/aijiajia/public_html/Admin/Runtime/Cache/Admin/a9256fd34fde899560f260918cb3fa71.php 第 21 行.
NOTIC: [8] Undefined variable: moduleList /home/aijiajia/public_html/Admin/Runtime/Cache/Admin/a9256fd34fde899560f260918cb3fa71.php 第 26 行.
INFO: ParseTemplate Behavior ::run [ RunTime:0.011160s ]
INFO: [ view_parse ] --END-- [ RunTime:0.011239s ]
INFO: [ view_filter ] --START--
INFO: ContentReplace Behavior ::run [ RunTime:0.000405s ]
INFO: TokenBuild Behavior ::run [ RunTime:0.000446s ]
INFO: WriteHtmlCache Behavior ::run [ RunTime:0.000314s ]
INFO: ShowRuntime Behavior ::run [ RunTime:0.000545s ]
INFO: [ view_filter ] --END-- [ RunTime:0.001895s ]
INFO: [ view_end ] --START--
INFO: ShowPageTrace Behavior ::run [ RunTime:0.000680s ]
INFO: [ view_end ] --END-- [ RunTime:0.000746s ]

[ 2014-12-22T10:42:05+08:00 ] 222.84.19.236 /admin.php/admin/user/recruit_list.html
INFO: [ route_check ] --START--
INFO: CheckRoute Behavior ::run [ RunTime:0.001321s ]
INFO: [ route_check ] --END-- [ RunTime:0.001465s ]
INFO: [ app_begin ] --START--
INFO: ReadHtmlCache Behavior ::run [ RunTime:0.000917s ]
INFO: [ app_begin ] --END-- [ RunTime:0.001021s ]
SQL: SHOW COLUMNS FROM `tutor_admin_role_priv` [ RunTime:0.001464s ]
SQL: SHOW COLUMNS FROM `tutor_log` [ RunTime:0.001198s ]
SQL: SHOW COLUMNS FROM `tutor_menu` [ RunTime:0.001448s ]
SQL: SHOW COLUMNS FROM `tutor_company` [ RunTime:0.001759s ]
SQL: SHOW COLUMNS FROM `tutor_member` [ RunTime:0.001482s ]
SQL: SHOW COLUMNS FROM `tutor_lesson` [ RunTime:0.001262s ]
SQL: SHOW COLUMNS FROM `tutor_recruit` [ RunTime:0.000937s ]
SQL: SELECT COUNT(*) AS tp_count FROM `tutor_recruit` LIMIT 1   [ RunTime:0.000285s ]
SQL: SELECT * FROM `tutor_recruit` ORDER BY id DESC LIMIT 0,10   [ RunTime:0.000332s ]
SQL: SELECT `c_abbr` FROM `tutor_company` WHERE ( `cid` = '0' ) LIMIT 1   [ RunTime:0.000126s ]
SQL: SELECT `c_abbr` FROM `tutor_company` WHERE ( `cid` = '0' ) LIMIT 1   [ RunTime:0.000147s ]
SQL: SELECT `c_abbr` FROM `tutor_company` WHERE ( `cid` = '0' ) LIMIT 1   [ RunTime:0.000180s ]
SQL: SELECT `c_abbr` FROM `tutor_company` WHERE ( `cid` = '0' ) LIMIT 1   [ RunTime:0.000149s ]
SQL: SELECT `c_abbr` FROM `tutor_company` WHERE ( `cid` = '0' ) LIMIT 1   [ RunTime:0.000153s ]
SQL: SELECT `c_abbr` FROM `tutor_company` WHERE ( `cid` = '0' ) LIMIT 1   [ RunTime:0.000147s ]
SQL: SELECT `c_abbr` FROM `tutor_company` WHERE ( `cid` = '0' ) LIMIT 1   [ RunTime:0.000143s ]

[ 2014-12-22T10:43:04+08:00 ] 222.84.19.236 /admin.php/admin/index/public_sessionLife.html
INFO: [ route_check ] --START--
INFO: CheckRoute Behavior ::run [ RunTime:0.000969s ]
INFO: [ route_check ] --END-- [ RunTime:0.001146s ]
INFO: [ app_begin ] --START--
INFO: ReadHtmlCache Behavior ::run [ RunTime:0.000640s ]
INFO: [ app_begin ] --END-- [ RunTime:0.000716s ]
SQL: SHOW COLUMNS FROM `tutor_admin_role_priv` [ RunTime:0.001569s ]
SQL: SHOW COLUMNS FROM `tutor_log` [ RunTime:0.001222s ]
SQL: SHOW COLUMNS FROM `tutor_admin` [ RunTime:0.001274s ]
SQL: SHOW COLUMNS FROM `tutor_admin_role` [ RunTime:0.001104s ]
SQL: SHOW COLUMNS FROM `tutor_times` [ RunTime:0.001077s ]
SQL: SHOW COLUMNS FROM `tutor_menu` [ RunTime:0.001171s ]
NOTIC: [8] Use of undefined constant SYS_TIME - assumed 'SYS_TIME' /home/aijiajia/public_html/Admin/Modules/Admin/Action/IndexAction.class.php 第 175 行.
SQL: UPDATE `tutor_admin` SET `lastlifetime`=0 WHERE ( `userid` = 2 ) [ RunTime:0.000407s ]

[ 2014-12-22T10:46:04+08:00 ] 222.84.19.236 /admin.php/admin/index/public_sessionLife.html
INFO: [ route_check ] --START--
INFO: CheckRoute Behavior ::run [ RunTime:0.001023s ]
INFO: [ route_check ] --END-- [ RunTime:0.001212s ]
INFO: [ app_begin ] --START--
INFO: ReadHtmlCache Behavior ::run [ RunTime:0.000644s ]
INFO: [ app_begin ] --END-- [ RunTime:0.000723s ]
SQL: SHOW COLUMNS FROM `tutor_admin_role_priv` [ RunTime:0.001598s ]
SQL: SHOW COLUMNS FROM `tutor_log` [ RunTime:0.001209s ]
SQL: SHOW COLUMNS FROM `tutor_admin` [ RunTime:0.001246s ]
SQL: SHOW COLUMNS FROM `tutor_admin_role` [ RunTime:0.001091s ]
SQL: SHOW COLUMNS FROM `tutor_times` [ RunTime:0.001064s ]
SQL: SHOW COLUMNS FROM `tutor_menu` [ RunTime:0.001156s ]
NOTIC: [8] Use of undefined constant SYS_TIME - assumed 'SYS_TIME' /home/aijiajia/public_html/Admin/Modules/Admin/Action/IndexAction.class.php 第 175 行.
SQL: UPDATE `tutor_admin` SET `lastlifetime`=0 WHERE ( `userid` = 2 ) [ RunTime:0.000411s ]

[ 2014-12-22T10:49:04+08:00 ] 222.84.19.236 /admin.php/admin/index/public_sessionLife.html
INFO: [ route_check ] --START--
INFO: CheckRoute Behavior ::run [ RunTime:0.000962s ]
INFO: [ route_check ] --END-- [ RunTime:0.001144s ]
INFO: [ app_begin ] --START--
INFO: ReadHtmlCache Behavior ::run [ RunTime:0.000628s ]
INFO: [ app_begin ] --END-- [ RunTime:0.000707s ]
SQL: SHOW COLUMNS FROM `tutor_admin_role_priv` [ RunTime:0.001509s ]
SQL: SHOW COLUMNS FROM `tutor_log` [ RunTime:0.001176s ]
SQL: SHOW COLUMNS FROM `tutor_admin` [ RunTime:0.001238s ]
SQL: SHOW COLUMNS FROM `tutor_admin_role` [ RunTime:0.001082s ]
SQL: SHOW COLUMNS FROM `tutor_times` [ RunTime:0.001051s ]
SQL: SHOW COLUMNS FROM `tutor_menu` [ RunTime:0.001145s ]
NOTIC: [8] Use of undefined constant SYS_TIME - assumed 'SYS_TIME' /home/aijiajia/public_html/Admin/Modules/Admin/Action/IndexAction.class.php 第 175 行.
SQL: UPDATE `tutor_admin` SET `lastlifetime`=0 WHERE ( `userid` = 2 ) [ RunTime:0.000386s ]

[ 2014-12-22T10:49:19+08:00 ] 222.84.19.236 /admin.php/admin/user/recruit_operate/action/status.html
INFO: [ route_check ] --START--
INFO: CheckRoute Behavior ::run [ RunTime:0.000956s ]
INFO: [ route_check ] --END-- [ RunTime:0.001147s ]
INFO: [ app_begin ] --START--
INFO: ReadHtmlCache Behavior ::run [ RunTime:0.000615s ]
INFO: [ app_begin ] --END-- [ RunTime:0.000696s ]
SQL: SHOW COLUMNS FROM `tutor_admin_role_priv` [ RunTime:0.001300s ]
SQL: SHOW COLUMNS FROM `tutor_log` [ RunTime:0.001000s ]
SQL: SHOW COLUMNS FROM `tutor_menu` [ RunTime:0.001066s ]
SQL: SHOW COLUMNS FROM `tutor_company` [ RunTime:0.001369s ]
SQL: SHOW COLUMNS FROM `tutor_member` [ RunTime:0.001219s ]
SQL: SHOW COLUMNS FROM `tutor_lesson` [ RunTime:0.001307s ]
SQL: SHOW COLUMNS FROM `tutor_recruit` [ RunTime:0.001570s ]
SQL: SELECT `status` FROM `tutor_recruit` WHERE ( `id` = 6 ) LIMIT 1   [ RunTime:0.000444s ]
SQL: SELECT COUNT(*) AS tp_count FROM `tutor_recruit` WHERE ( `status` = 1 ) LIMIT 1   [ RunTime:0.000294s ]
SQL: UPDATE `tutor_recruit` SET `status`=0 WHERE ( `id` = 6 ) [ RunTime:0.000326s ]

[ 2014-12-22T10:49:20+08:00 ] 222.84.19.236 /admin.php/admin/user/recruit_list/menuid/46.html?_=1419216066767
INFO: [ route_check ] --START--
INFO: CheckRoute Behavior ::run [ RunTime:0.000842s ]
INFO: [ route_check ] --END-- [ RunTime:0.000948s ]
INFO: [ app_begin ] --START--
INFO: ReadHtmlCache Behavior ::run [ RunTime:0.000584s ]
INFO: [ app_begin ] --END-- [ RunTime:0.000655s ]
SQL: SHOW COLUMNS FROM `tutor_admin_role_priv` [ RunTime:0.001495s ]
SQL: SHOW COLUMNS FROM `tutor_log` [ RunTime:0.001224s ]
SQL: SHOW COLUMNS FROM `tutor_menu` [ RunTime:0.001220s ]
SQL: SHOW COLUMNS FROM `tutor_company` [ RunTime:0.001669s ]
SQL: SHOW COLUMNS FROM `tutor_member` [ RunTime:0.001466s ]
SQL: SHOW COLUMNS FROM `tutor_lesson` [ RunTime:0.001506s ]
SQL: SHOW COLUMNS FROM `tutor_recruit` [ RunTime:0.001182s ]
SQL: SELECT * FROM `tutor_menu` WHERE ( `id` = 46 ) LIMIT 1   [ RunTime:0.000493s ]
SQL: SELECT * FROM `tutor_menu` WHERE ( `id` = 25 ) LIMIT 1   [ RunTime:0.000448s ]
SQL: SELECT * FROM `tutor_menu` WHERE ( `id` = 4 ) LIMIT 1   [ RunTime:0.000325s ]
NOTIC: [8] Use of undefined constant currentpos - assumed 'currentpos' /home/aijiajia/public_html/Admin/Modules/Admin/Action/UserAction.class.php 第 140 行.
INFO: [ view_parse ] --START--
NOTIC: [8] Undefined variable: adminList /home/aijiajia/public_html/Admin/Runtime/Cache/Admin/a9256fd34fde899560f260918cb3fa71.php 第 21 行.
NOTIC: [8] Undefined variable: moduleList /home/aijiajia/public_html/Admin/Runtime/Cache/Admin/a9256fd34fde899560f260918cb3fa71.php 第 26 行.
INFO: ParseTemplate Behavior ::run [ RunTime:0.011911s ]
INFO: [ view_parse ] --END-- [ RunTime:0.011998s ]
INFO: [ view_filter ] --START--
INFO: ContentReplace Behavior ::run [ RunTime:0.000438s ]
INFO: TokenBuild Behavior ::run [ RunTime:0.000445s ]
INFO: WriteHtmlCache Behavior ::run [ RunTime:0.000330s ]
INFO: ShowRuntime Behavior ::run [ RunTime:0.000563s ]
INFO: [ view_filter ] --END-- [ RunTime:0.001969s ]
INFO: [ view_end ] --START--
INFO: ShowPageTrace Behavior ::run [ RunTime:0.000714s ]
INFO: [ view_end ] --END-- [ RunTime:0.000782s ]

[ 2014-12-22T10:49:21+08:00 ] 222.84.19.236 /admin.php/admin/user/recruit_list.html
INFO: [ route_check ] --START--
INFO: CheckRoute Behavior ::run [ RunTime:0.001271s ]
INFO: [ route_check ] --END-- [ RunTime:0.001417s ]
INFO: [ app_begin ] --START--
INFO: ReadHtmlCache Behavior ::run [ RunTime:0.000583s ]
INFO: [ app_begin ] --END-- [ RunTime:0.000655s ]
SQL: SHOW COLUMNS FROM `tutor_admin_role_priv` [ RunTime:0.001528s ]
SQL: SHOW COLUMNS FROM `tutor_log` [ RunTime:0.001187s ]
SQL: SHOW COLUMNS FROM `tutor_menu` [ RunTime:0.001193s ]
SQL: SHOW COLUMNS FROM `tutor_company` [ RunTime:0.001622s ]
SQL: SHOW COLUMNS FROM `tutor_member` [ RunTime:0.001476s ]
SQL: SHOW COLUMNS FROM `tutor_lesson` [ RunTime:0.001449s ]
SQL: SHOW COLUMNS FROM `tutor_recruit` [ RunTime:0.001144s ]
SQL: SELECT COUNT(*) AS tp_count FROM `tutor_recruit` LIMIT 1   [ RunTime:0.000476s ]
SQL: SELECT * FROM `tutor_recruit` ORDER BY id DESC LIMIT 0,10   [ RunTime:0.000449s ]
SQL: SELECT `c_abbr` FROM `tutor_company` WHERE ( `cid` = '0' ) LIMIT 1   [ RunTime:0.000401s ]
SQL: SELECT `c_abbr` FROM `tutor_company` WHERE ( `cid` = '0' ) LIMIT 1   [ RunTime:0.000149s ]
SQL: SELECT `c_abbr` FROM `tutor_company` WHERE ( `cid` = '0' ) LIMIT 1   [ RunTime:0.000148s ]
SQL: SELECT `c_abbr` FROM `tutor_company` WHERE ( `cid` = '0' ) LIMIT 1   [ RunTime:0.000147s ]
SQL: SELECT `c_abbr` FROM `tutor_company` WHERE ( `cid` = '0' ) LIMIT 1   [ RunTime:0.000147s ]
SQL: SELECT `c_abbr` FROM `tutor_company` WHERE ( `cid` = '0' ) LIMIT 1   [ RunTime:0.000144s ]
SQL: SELECT `c_abbr` FROM `tutor_company` WHERE ( `cid` = '0' ) LIMIT 1   [ RunTime:0.000142s ]

[ 2014-12-22T10:49:31+08:00 ] 222.84.19.236 /admin.php/admin/user/recruit_operate.html?_=1419216066768
INFO: [ route_check ] --START--
INFO: CheckRoute Behavior ::run [ RunTime:0.000874s ]
INFO: [ route_check ] --END-- [ RunTime:0.000976s ]
INFO: [ app_begin ] --START--
INFO: ReadHtmlCache Behavior ::run [ RunTime:0.000592s ]
INFO: [ app_begin ] --END-- [ RunTime:0.000669s ]
SQL: SHOW COLUMNS FROM `tutor_admin_role_priv` [ RunTime:0.001476s ]
SQL: SHOW COLUMNS FROM `tutor_log` [ RunTime:0.001186s ]
SQL: SHOW COLUMNS FROM `tutor_menu` [ RunTime:0.001165s ]
SQL: SHOW COLUMNS FROM `tutor_company` [ RunTime:0.001597s ]
SQL: SHOW COLUMNS FROM `tutor_member` [ RunTime:0.001405s ]
SQL: SHOW COLUMNS FROM `tutor_lesson` [ RunTime:0.001439s ]
SQL: SHOW COLUMNS FROM `tutor_recruit` [ RunTime:0.001124s ]
SQL: SELECT * FROM `tutor_menu` WHERE ( `id` = 0 ) LIMIT 1   [ RunTime:0.000453s ]
SQL: SELECT * FROM `tutor_recruit` WHERE ( `id` = 0 ) LIMIT 1   [ RunTime:0.000426s ]
NOTIC: [8] Use of undefined constant currentpos - assumed 'currentpos' /home/aijiajia/public_html/Admin/Modules/Admin/Action/UserAction.class.php 第 182 行.
INFO: [ view_parse ] --START--
INFO: ParseTemplate Behavior ::run [ RunTime:0.008430s ]
INFO: [ view_parse ] --END-- [ RunTime:0.008525s ]
INFO: [ view_filter ] --START--
INFO: ContentReplace Behavior ::run [ RunTime:0.000490s ]
INFO: TokenBuild Behavior ::run [ RunTime:0.000484s ]
INFO: WriteHtmlCache Behavior ::run [ RunTime:0.000392s ]
INFO: ShowRuntime Behavior ::run [ RunTime:0.000579s ]
INFO: [ view_filter ] --END-- [ RunTime:0.002161s ]
INFO: [ view_end ] --START--
INFO: ShowPageTrace Behavior ::run [ RunTime:0.000786s ]
INFO: [ view_end ] --END-- [ RunTime:0.000859s ]

[ 2014-12-22T10:50:12+08:00 ] 222.84.19.236 /admin.php/admin/user/recruit_list/menuid/46.html?_=1419216066769
INFO: [ route_check ] --START--
INFO: CheckRoute Behavior ::run [ RunTime:0.000871s ]
INFO: [ route_check ] --END-- [ RunTime:0.000968s ]
INFO: [ app_begin ] --START--
INFO: ReadHtmlCache Behavior ::run [ RunTime:0.000614s ]
INFO: [ app_begin ] --END-- [ RunTime:0.000684s ]
SQL: SHOW COLUMNS FROM `tutor_admin_role_priv` [ RunTime:0.001507s ]
SQL: SHOW COLUMNS FROM `tutor_log` [ RunTime:0.001261s ]
SQL: SHOW COLUMNS FROM `tutor_menu` [ RunTime:0.001208s ]
SQL: SHOW COLUMNS FROM `tutor_company` [ RunTime:0.001681s ]
SQL: SHOW COLUMNS FROM `tutor_member` [ RunTime:0.001480s ]
SQL: SHOW COLUMNS FROM `tutor_lesson` [ RunTime:0.001524s ]
SQL: SHOW COLUMNS FROM `tutor_recruit` [ RunTime:0.001214s ]
SQL: SELECT * FROM `tutor_menu` WHERE ( `id` = 46 ) LIMIT 1   [ RunTime:0.000169s ]
SQL: SELECT * FROM `tutor_menu` WHERE ( `id` = 25 ) LIMIT 1   [ RunTime:0.000157s ]
SQL: SELECT * FROM `tutor_menu` WHERE ( `id` = 4 ) LIMIT 1   [ RunTime:0.000142s ]
NOTIC: [8] Use of undefined constant currentpos - assumed 'currentpos' /home/aijiajia/public_html/Admin/Modules/Admin/Action/UserAction.class.php 第 140 行.
INFO: [ view_parse ] --START--
NOTIC: [8] Undefined variable: adminList /home/aijiajia/public_html/Admin/Runtime/Cache/Admin/a9256fd34fde899560f260918cb3fa71.php 第 21 行.
NOTIC: [8] Undefined variable: moduleList /home/aijiajia/public_html/Admin/Runtime/Cache/Admin/a9256fd34fde899560f260918cb3fa71.php 第 26 行.
INFO: ParseTemplate Behavior ::run [ RunTime:0.011309s ]
INFO: [ view_parse ] --END-- [ RunTime:0.011389s ]
INFO: [ view_filter ] --START--
INFO: ContentReplace Behavior ::run [ RunTime:0.000454s ]
INFO: TokenBuild Behavior ::run [ RunTime:0.000462s ]
INFO: WriteHtmlCache Behavior ::run [ RunTime:0.000337s ]
INFO: ShowRuntime Behavior ::run [ RunTime:0.000544s ]
INFO: [ view_filter ] --END-- [ RunTime:0.002007s ]
INFO: [ view_end ] --START--
INFO: ShowPageTrace Behavior ::run [ RunTime:0.000732s ]
INFO: [ view_end ] --END-- [ RunTime:0.000798s ]

[ 2014-12-22T10:50:13+08:00 ] 222.84.19.236 /admin.php/admin/user/recruit_list.html
INFO: [ route_check ] --START--
INFO: CheckRoute Behavior ::run [ RunTime:0.001306s ]
INFO: [ route_check ] --END-- [ RunTime:0.001452s ]
INFO: [ app_begin ] --START--
INFO: ReadHtmlCache Behavior ::run [ RunTime:0.000893s ]
INFO: [ app_begin ] --END-- [ RunTime:0.000996s ]
SQL: SHOW COLUMNS FROM `tutor_admin_role_priv` [ RunTime:0.001467s ]
SQL: SHOW COLUMNS FROM `tutor_log` [ RunTime:0.001211s ]
SQL: SHOW COLUMNS FROM `tutor_menu` [ RunTime:0.001159s ]
SQL: SHOW COLUMNS FROM `tutor_company` [ RunTime:0.001647s ]
SQL: SHOW COLUMNS FROM `tutor_member` [ RunTime:0.001476s ]
SQL: SHOW COLUMNS FROM `tutor_lesson` [ RunTime:0.001485s ]
SQL: SHOW COLUMNS FROM `tutor_recruit` [ RunTime:0.001191s ]
SQL: SELECT COUNT(*) AS tp_count FROM `tutor_recruit` LIMIT 1   [ RunTime:0.000156s ]
SQL: SELECT * FROM `tutor_recruit` ORDER BY id DESC LIMIT 0,10   [ RunTime:0.000157s ]
SQL: SELECT `c_abbr` FROM `tutor_company` WHERE ( `cid` = '0' ) LIMIT 1   [ RunTime:0.000139s ]
SQL: SELECT `c_abbr` FROM `tutor_company` WHERE ( `cid` = '0' ) LIMIT 1   [ RunTime:0.000157s ]
SQL: SELECT `c_abbr` FROM `tutor_company` WHERE ( `cid` = '0' ) LIMIT 1   [ RunTime:0.000156s ]
SQL: SELECT `c_abbr` FROM `tutor_company` WHERE ( `cid` = '0' ) LIMIT 1   [ RunTime:0.000147s ]
SQL: SELECT `c_abbr` FROM `tutor_company` WHERE ( `cid` = '0' ) LIMIT 1   [ RunTime:0.000152s ]
SQL: SELECT `c_abbr` FROM `tutor_company` WHERE ( `cid` = '0' ) LIMIT 1   [ RunTime:0.000151s ]
SQL: SELECT `c_abbr` FROM `tutor_company` WHERE ( `cid` = '0' ) LIMIT 1   [ RunTime:0.000150s ]

[ 2014-12-22T10:50:17+08:00 ] 222.84.19.236 /admin.php/admin/user/recruit_operate/action/status.html
INFO: [ route_check ] --START--
INFO: CheckRoute Behavior ::run [ RunTime:0.001292s ]
INFO: [ route_check ] --END-- [ RunTime:0.001428s ]
INFO: [ app_begin ] --START--
INFO: ReadHtmlCache Behavior ::run [ RunTime:0.000893s ]
INFO: [ app_begin ] --END-- [ RunTime:0.000980s ]
SQL: SHOW COLUMNS FROM `tutor_admin_role_priv` [ RunTime:0.001650s ]
SQL: SHOW COLUMNS FROM `tutor_log` [ RunTime:0.001259s ]
SQL: SHOW COLUMNS FROM `tutor_menu` [ RunTime:0.001247s ]
SQL: SHOW COLUMNS FROM `tutor_company` [ RunTime:0.001806s ]
SQL: SHOW COLUMNS FROM `tutor_member` [ RunTime:0.001527s ]
SQL: SHOW COLUMNS FROM `tutor_lesson` [ RunTime:0.001233s ]
SQL: SHOW COLUMNS FROM `tutor_recruit` [ RunTime:0.000884s ]
SQL: SELECT `status` FROM `tutor_recruit` WHERE ( `id` = 6 ) LIMIT 1   [ RunTime:0.000364s ]
SQL: SELECT COUNT(*) AS tp_count FROM `tutor_recruit` WHERE ( `status` = 1 ) LIMIT 1   [ RunTime:0.000284s ]
SQL: UPDATE `tutor_recruit` SET `status`=1 WHERE ( `id` = 6 ) [ RunTime:0.000350s ]

[ 2014-12-22T10:50:18+08:00 ] 222.84.19.236 /admin.php/admin/user/recruit_list/menuid/46.html?_=1419216066770
INFO: [ route_check ] --START--
INFO: CheckRoute Behavior ::run [ RunTime:0.000952s ]
INFO: [ route_check ] --END-- [ RunTime:0.001074s ]
INFO: [ app_begin ] --START--
INFO: ReadHtmlCache Behavior ::run [ RunTime:0.000592s ]
INFO: [ app_begin ] --END-- [ RunTime:0.000663s ]
SQL: SHOW COLUMNS FROM `tutor_admin_role_priv` [ RunTime:0.001753s ]
SQL: SHOW COLUMNS FROM `tutor_log` [ RunTime:0.001293s ]
SQL: SHOW COLUMNS FROM `tutor_menu` [ RunTime:0.001311s ]
SQL: SHOW COLUMNS FROM `tutor_company` [ RunTime:0.001736s ]
SQL: SHOW COLUMNS FROM `tutor_member` [ RunTime:0.001532s ]
SQL: SHOW COLUMNS FROM `tutor_lesson` [ RunTime:0.001554s ]
SQL: SHOW COLUMNS FROM `tutor_recruit` [ RunTime:0.001267s ]
SQL: SELECT * FROM `tutor_menu` WHERE ( `id` = 46 ) LIMIT 1   [ RunTime:0.000170s ]
SQL: SELECT * FROM `tutor_menu` WHERE ( `id` = 25 ) LIMIT 1   [ RunTime:0.000156s ]
SQL: SELECT * FROM `tutor_menu` WHERE ( `id` = 4 ) LIMIT 1   [ RunTime:0.000152s ]
NOTIC: [8] Use of undefined constant currentpos - assumed 'currentpos' /home/aijiajia/public_html/Admin/Modules/Admin/Action/UserAction.class.php 第 140 行.
INFO: [ view_parse ] --START--
NOTIC: [8] Undefined variable: adminList /home/aijiajia/public_html/Admin/Runtime/Cache/Admin/a9256fd34fde899560f260918cb3fa71.php 第 21 行.
NOTIC: [8] Undefined variable: moduleList /home/aijiajia/public_html/Admin/Runtime/Cache/Admin/a9256fd34fde899560f260918cb3fa71.php 第 26 行.
INFO: ParseTemplate Behavior ::run [ RunTime:0.011558s ]
INFO: [ view_parse ] --END-- [ RunTime:0.011637s ]
INFO: [ view_filter ] --START--
INFO: ContentReplace Behavior ::run [ RunTime:0.000426s ]
INFO: TokenBuild Behavior ::run [ RunTime:0.000438s ]
INFO: WriteHtmlCache Behavior ::run [ RunTime:0.000319s ]
INFO: ShowRuntime Behavior ::run [ RunTime:0.000524s ]
INFO: [ view_filter ] --END-- [ RunTime:0.001894s ]
INFO: [ view_end ] --START--
INFO: ShowPageTrace Behavior ::run [ RunTime:0.000701s ]
INFO: [ view_end ] --END-- [ RunTime:0.000765s ]

[ 2014-12-22T10:50:18+08:00 ] 222.84.19.236 /admin.php/admin/user/recruit_list.html
INFO: [ route_check ] --START--
INFO: CheckRoute Behavior ::run [ RunTime:0.000887s ]
INFO: [ route_check ] --END-- [ RunTime:0.001016s ]
INFO: [ app_begin ] --START--
INFO: ReadHtmlCache Behavior ::run [ RunTime:0.000600s ]
INFO: [ app_begin ] --END-- [ RunTime:0.000673s ]
SQL: SHOW COLUMNS FROM `tutor_admin_role_priv` [ RunTime:0.001145s ]
SQL: SHOW COLUMNS FROM `tutor_log` [ RunTime:0.000831s ]
SQL: SHOW COLUMNS FROM `tutor_menu` [ RunTime:0.000840s ]
SQL: SHOW COLUMNS FROM `tutor_company` [ RunTime:0.001183s ]
SQL: SHOW COLUMNS FROM `tutor_member` [ RunTime:0.001058s ]
SQL: SHOW COLUMNS FROM `tutor_lesson` [ RunTime:0.001023s ]
SQL: SHOW COLUMNS FROM `tutor_recruit` [ RunTime:0.000931s ]
SQL: SELECT COUNT(*) AS tp_count FROM `tutor_recruit` LIMIT 1   [ RunTime:0.000274s ]
SQL: SELECT * FROM `tutor_recruit` ORDER BY id DESC LIMIT 0,10   [ RunTime:0.000545s ]
SQL: SELECT `c_abbr` FROM `tutor_company` WHERE ( `cid` = '0' ) LIMIT 1   [ RunTime:0.000135s ]
SQL: SELECT `c_abbr` FROM `tutor_company` WHERE ( `cid` = '0' ) LIMIT 1   [ RunTime:0.000119s ]
SQL: SELECT `c_abbr` FROM `tutor_company` WHERE ( `cid` = '0' ) LIMIT 1   [ RunTime:0.000112s ]
SQL: SELECT `c_abbr` FROM `tutor_company` WHERE ( `cid` = '0' ) LIMIT 1   [ RunTime:0.000111s ]
SQL: SELECT `c_abbr` FROM `tutor_company` WHERE ( `cid` = '0' ) LIMIT 1   [ RunTime:0.000104s ]
SQL: SELECT `c_abbr` FROM `tutor_company` WHERE ( `cid` = '0' ) LIMIT 1   [ RunTime:0.000109s ]
SQL: SELECT `c_abbr` FROM `tutor_company` WHERE ( `cid` = '0' ) LIMIT 1   [ RunTime:0.000112s ]

[ 2014-12-22T10:52:04+08:00 ] 222.84.19.236 /admin.php/admin/index/public_sessionLife.html
INFO: [ route_check ] --START--
INFO: CheckRoute Behavior ::run [ RunTime:0.001320s ]
INFO: [ route_check ] --END-- [ RunTime:0.001480s ]
INFO: [ app_begin ] --START--
INFO: ReadHtmlCache Behavior ::run [ RunTime:0.000887s ]
INFO: [ app_begin ] --END-- [ RunTime:0.000988s ]
SQL: SHOW COLUMNS FROM `tutor_admin_role_priv` [ RunTime:0.001479s ]
SQL: SHOW COLUMNS FROM `tutor_log` [ RunTime:0.001208s ]
SQL: SHOW COLUMNS FROM `tutor_admin` [ RunTime:0.001580s ]
SQL: SHOW COLUMNS FROM `tutor_admin_role` [ RunTime:0.001406s ]
SQL: SHOW COLUMNS FROM `tutor_times` [ RunTime:0.001400s ]
SQL: SHOW COLUMNS FROM `tutor_menu` [ RunTime:0.001183s ]
NOTIC: [8] Use of undefined constant SYS_TIME - assumed 'SYS_TIME' /home/aijiajia/public_html/Admin/Modules/Admin/Action/IndexAction.class.php 第 175 行.
SQL: UPDATE `tutor_admin` SET `lastlifetime`=0 WHERE ( `userid` = 2 ) [ RunTime:0.000382s ]

[ 2014-12-22T10:55:04+08:00 ] 222.84.19.236 /admin.php/admin/index/public_sessionLife.html
INFO: [ route_check ] --START--
INFO: CheckRoute Behavior ::run [ RunTime:0.000982s ]
INFO: [ route_check ] --END-- [ RunTime:0.001166s ]
INFO: [ app_begin ] --START--
INFO: ReadHtmlCache Behavior ::run [ RunTime:0.000650s ]
INFO: [ app_begin ] --END-- [ RunTime:0.000728s ]
SQL: SHOW COLUMNS FROM `tutor_admin_role_priv` [ RunTime:0.001388s ]
SQL: SHOW COLUMNS FROM `tutor_log` [ RunTime:0.001157s ]
INFO: [ view_parse ] --START--
INFO: ParseTemplate Behavior ::run [ RunTime:0.009091s ]
INFO: [ view_parse ] --END-- [ RunTime:0.009194s ]
INFO: [ view_filter ] --START--
INFO: ContentReplace Behavior ::run [ RunTime:0.000450s ]
INFO: TokenBuild Behavior ::run [ RunTime:0.000450s ]
INFO: WriteHtmlCache Behavior ::run [ RunTime:0.000346s ]
INFO: ShowRuntime Behavior ::run [ RunTime:0.000579s ]
INFO: [ view_filter ] --END-- [ RunTime:0.002023s ]
INFO: [ view_end ] --START--
INFO: ShowPageTrace Behavior ::run [ RunTime:0.000696s ]
INFO: [ view_end ] --END-- [ RunTime:0.000761s ]

[ 2014-12-22T10:58:04+08:00 ] 222.84.19.236 /admin.php/admin/index/public_sessionLife.html
INFO: [ route_check ] --START--
INFO: CheckRoute Behavior ::run [ RunTime:0.000910s ]
INFO: [ route_check ] --END-- [ RunTime:0.001023s ]
INFO: [ app_begin ] --START--
INFO: ReadHtmlCache Behavior ::run [ RunTime:0.000625s ]
INFO: [ app_begin ] --END-- [ RunTime:0.000700s ]
SQL: SHOW COLUMNS FROM `tutor_admin_role_priv` [ RunTime:0.001871s ]
SQL: SHOW COLUMNS FROM `tutor_log` [ RunTime:0.001541s ]
INFO: [ view_parse ] --START--
INFO: ParseTemplate Behavior ::run [ RunTime:0.008904s ]
INFO: [ view_parse ] --END-- [ RunTime:0.008991s ]
INFO: [ view_filter ] --START--
INFO: ContentReplace Behavior ::run [ RunTime:0.000429s ]
INFO: TokenBuild Behavior ::run [ RunTime:0.000451s ]
INFO: WriteHtmlCache Behavior ::run [ RunTime:0.000329s ]
INFO: ShowRuntime Behavior ::run [ RunTime:0.000529s ]
INFO: [ view_filter ] --END-- [ RunTime:0.001933s ]
INFO: [ view_end ] --START--
INFO: ShowPageTrace Behavior ::run [ RunTime:0.000683s ]
INFO: [ view_end ] --END-- [ RunTime:0.000789s ]

[ 2014-12-22T11:01:04+08:00 ] 222.84.19.236 /admin.php/admin/index/public_sessionLife.html
INFO: [ route_check ] --START--
INFO: CheckRoute Behavior ::run [ RunTime:0.001333s ]
INFO: [ route_check ] --END-- [ RunTime:0.001472s ]
INFO: [ app_begin ] --START--
INFO: ReadHtmlCache Behavior ::run [ RunTime:0.000889s ]
INFO: [ app_begin ] --END-- [ RunTime:0.000994s ]
SQL: SHOW COLUMNS FROM `tutor_admin_role_priv` [ RunTime:0.001799s ]
SQL: SHOW COLUMNS FROM `tutor_log` [ RunTime:0.001572s ]
INFO: [ view_parse ] --START--
INFO: ParseTemplate Behavior ::run [ RunTime:0.007971s ]
INFO: [ view_parse ] --END-- [ RunTime:0.008048s ]
INFO: [ view_filter ] --START--
INFO: ContentReplace Behavior ::run [ RunTime:0.000423s ]
INFO: TokenBuild Behavior ::run [ RunTime:0.000477s ]
INFO: WriteHtmlCache Behavior ::run [ RunTime:0.000331s ]
INFO: ShowRuntime Behavior ::run [ RunTime:0.000509s ]
INFO: [ view_filter ] --END-- [ RunTime:0.001924s ]
INFO: [ view_end ] --START--
INFO: ShowPageTrace Behavior ::run [ RunTime:0.000657s ]
INFO: [ view_end ] --END-- [ RunTime:0.000720s ]

[ 2014-12-22T11:04:04+08:00 ] 222.84.19.236 /admin.php/admin/index/public_sessionLife.html
INFO: [ route_check ] --START--
INFO: CheckRoute Behavior ::run [ RunTime:0.000963s ]
INFO: [ route_check ] --END-- [ RunTime:0.001136s ]
INFO: [ app_begin ] --START--
INFO: ReadHtmlCache Behavior ::run [ RunTime:0.000682s ]
INFO: [ app_begin ] --END-- [ RunTime:0.000760s ]
SQL: SHOW COLUMNS FROM `tutor_admin_role_priv` [ RunTime:0.001991s ]
SQL: SHOW COLUMNS FROM `tutor_log` [ RunTime:0.001558s ]
INFO: [ view_parse ] --START--
INFO: ParseTemplate Behavior ::run [ RunTime:0.008870s ]
INFO: [ view_parse ] --END-- [ RunTime:0.008953s ]
INFO: [ view_filter ] --START--
INFO: ContentReplace Behavior ::run [ RunTime:0.000428s ]
INFO: TokenBuild Behavior ::run [ RunTime:0.000436s ]
INFO: WriteHtmlCache Behavior ::run [ RunTime:0.000351s ]
INFO: ShowRuntime Behavior ::run [ RunTime:0.000526s ]
INFO: [ view_filter ] --END-- [ RunTime:0.001937s ]
INFO: [ view_end ] --START--
INFO: ShowPageTrace Behavior ::run [ RunTime:0.000752s ]
INFO: [ view_end ] --END-- [ RunTime:0.000819s ]

[ 2014-12-22T11:07:03+08:00 ] 222.84.19.236 /admin.php/admin/index/public_sessionLife.html
INFO: [ route_check ] --START--
INFO: CheckRoute Behavior ::run [ RunTime:0.001308s ]
INFO: [ route_check ] --END-- [ RunTime:0.001447s ]
INFO: [ app_begin ] --START--
INFO: ReadHtmlCache Behavior ::run [ RunTime:0.000897s ]
INFO: [ app_begin ] --END-- [ RunTime:0.001003s ]
SQL: SHOW COLUMNS FROM `tutor_admin_role_priv` [ RunTime:0.001880s ]
SQL: SHOW COLUMNS FROM `tutor_log` [ RunTime:0.001542s ]
INFO: [ view_parse ] --START--
INFO: ParseTemplate Behavior ::run [ RunTime:0.008234s ]
INFO: [ view_parse ] --END-- [ RunTime:0.008334s ]
INFO: [ view_filter ] --START--
INFO: ContentReplace Behavior ::run [ RunTime:0.000450s ]
INFO: TokenBuild Behavior ::run [ RunTime:0.000437s ]
INFO: WriteHtmlCache Behavior ::run [ RunTime:0.000367s ]
INFO: ShowRuntime Behavior ::run [ RunTime:0.000569s ]
INFO: [ view_filter ] --END-- [ RunTime:0.002007s ]
INFO: [ view_end ] --START--
INFO: ShowPageTrace Behavior ::run [ RunTime:0.000753s ]
INFO: [ view_end ] --END-- [ RunTime:0.000817s ]

[ 2014-12-22T11:10:04+08:00 ] 222.84.19.236 /admin.php/admin/index/public_sessionLife.html
INFO: [ route_check ] --START--
INFO: CheckRoute Behavior ::run [ RunTime:0.000975s ]
INFO: [ route_check ] --END-- [ RunTime:0.001155s ]
INFO: [ app_begin ] --START--
INFO: ReadHtmlCache Behavior ::run [ RunTime:0.000635s ]
INFO: [ app_begin ] --END-- [ RunTime:0.000713s ]
SQL: SHOW COLUMNS FROM `tutor_admin_role_priv` [ RunTime:0.001447s ]
SQL: SHOW COLUMNS FROM `tutor_log` [ RunTime:0.001153s ]
INFO: [ view_parse ] --START--
INFO: ParseTemplate Behavior ::run [ RunTime:0.009287s ]
INFO: [ view_parse ] --END-- [ RunTime:0.009397s ]
INFO: [ view_filter ] --START--
INFO: ContentReplace Behavior ::run [ RunTime:0.000467s ]
INFO: TokenBuild Behavior ::run [ RunTime:0.000467s ]
INFO: WriteHtmlCache Behavior ::run [ RunTime:0.000331s ]
INFO: ShowRuntime Behavior ::run [ RunTime:0.000580s ]
INFO: [ view_filter ] --END-- [ RunTime:0.002041s ]
INFO: [ view_end ] --START--
INFO: ShowPageTrace Behavior ::run [ RunTime:0.000736s ]
INFO: [ view_end ] --END-- [ RunTime:0.000805s ]

[ 2014-12-22T11:13:04+08:00 ] 222.84.19.236 /admin.php/admin/index/public_sessionLife.html
INFO: [ route_check ] --START--
INFO: CheckRoute Behavior ::run [ RunTime:0.000888s ]
INFO: [ route_check ] --END-- [ RunTime:0.000986s ]
INFO: [ app_begin ] --START--
INFO: ReadHtmlCache Behavior ::run [ RunTime:0.000654s ]
INFO: [ app_begin ] --END-- [ RunTime:0.000723s ]
SQL: SHOW COLUMNS FROM `tutor_admin_role_priv` [ RunTime:0.001365s ]
SQL: SHOW COLUMNS FROM `tutor_log` [ RunTime:0.001145s ]
INFO: [ view_parse ] --START--
INFO: ParseTemplate Behavior ::run [ RunTime:0.008061s ]
INFO: [ view_parse ] --END-- [ RunTime:0.008145s ]
INFO: [ view_filter ] --START--
INFO: ContentReplace Behavior ::run [ RunTime:0.000464s ]
INFO: TokenBuild Behavior ::run [ RunTime:0.000478s ]
INFO: WriteHtmlCache Behavior ::run [ RunTime:0.000341s ]
INFO: ShowRuntime Behavior ::run [ RunTime:0.000604s ]
INFO: [ view_filter ] --END-- [ RunTime:0.002076s ]
INFO: [ view_end ] --START--
INFO: ShowPageTrace Behavior ::run [ RunTime:0.000761s ]
INFO: [ view_end ] --END-- [ RunTime:0.000828s ]

[ 2014-12-22T11:16:04+08:00 ] 222.84.19.236 /admin.php/admin/index/public_sessionLife.html
INFO: [ route_check ] --START--
INFO: CheckRoute Behavior ::run [ RunTime:0.001124s ]
INFO: [ route_check ] --END-- [ RunTime:0.001236s ]
INFO: [ app_begin ] --START--
INFO: ReadHtmlCache Behavior ::run [ RunTime:0.000619s ]
INFO: [ app_begin ] --END-- [ RunTime:0.000692s ]
SQL: SHOW COLUMNS FROM `tutor_admin_role_priv` [ RunTime:0.001498s ]
SQL: SHOW COLUMNS FROM `tutor_log` [ RunTime:0.001169s ]
INFO: [ view_parse ] --START--
INFO: ParseTemplate Behavior ::run [ RunTime:0.008278s ]
INFO: [ view_parse ] --END-- [ RunTime:0.008368s ]
INFO: [ view_filter ] --START--
INFO: ContentReplace Behavior ::run [ RunTime:0.000418s ]
INFO: TokenBuild Behavior ::run [ RunTime:0.000449s ]
INFO: WriteHtmlCache Behavior ::run [ RunTime:0.000311s ]
INFO: ShowRuntime Behavior ::run [ RunTime:0.000528s ]
INFO: [ view_filter ] --END-- [ RunTime:0.001895s ]
INFO: [ view_end ] --START--
INFO: ShowPageTrace Behavior ::run [ RunTime:0.000737s ]
INFO: [ view_end ] --END-- [ RunTime:0.000803s ]

[ 2014-12-22T11:19:05+08:00 ] 222.84.19.236 /admin.php/admin/index/public_sessionLife.html
INFO: [ route_check ] --START--
INFO: CheckRoute Behavior ::run [ RunTime:0.001351s ]
INFO: [ route_check ] --END-- [ RunTime:0.001492s ]
INFO: [ app_begin ] --START--
INFO: ReadHtmlCache Behavior ::run [ RunTime:0.000893s ]
INFO: [ app_begin ] --END-- [ RunTime:0.000995s ]
SQL: SHOW COLUMNS FROM `tutor_admin_role_priv` [ RunTime:0.001767s ]
SQL: SHOW COLUMNS FROM `tutor_log` [ RunTime:0.001532s ]
INFO: [ view_parse ] --START--
INFO: ParseTemplate Behavior ::run [ RunTime:0.017039s ]
INFO: [ view_parse ] --END-- [ RunTime:0.017142s ]
INFO: [ view_filter ] --START--
INFO: ContentReplace Behavior ::run [ RunTime:0.000421s ]
INFO: TokenBuild Behavior ::run [ RunTime:0.000429s ]
INFO: WriteHtmlCache Behavior ::run [ RunTime:0.000312s ]
INFO: ShowRuntime Behavior ::run [ RunTime:0.000529s ]
INFO: [ view_filter ] --END-- [ RunTime:0.001895s ]
INFO: [ view_end ] --START--
INFO: ShowPageTrace Behavior ::run [ RunTime:0.000702s ]
INFO: [ view_end ] --END-- [ RunTime:0.000769s ]

[ 2014-12-22T11:22:04+08:00 ] 222.84.19.236 /admin.php/admin/index/public_sessionLife.html
INFO: [ route_check ] --START--
INFO: CheckRoute Behavior ::run [ RunTime:0.001364s ]
INFO: [ route_check ] --END-- [ RunTime:0.001534s ]
INFO: [ app_begin ] --START--
INFO: ReadHtmlCache Behavior ::run [ RunTime:0.000685s ]
INFO: [ app_begin ] --END-- [ RunTime:0.000774s ]
SQL: SHOW COLUMNS FROM `tutor_admin_role_priv` [ RunTime:0.001509s ]
SQL: SHOW COLUMNS FROM `tutor_log` [ RunTime:0.001230s ]
INFO: [ view_parse ] --START--
INFO: ParseTemplate Behavior ::run [ RunTime:0.008710s ]
INFO: [ view_parse ] --END-- [ RunTime:0.008792s ]
INFO: [ view_filter ] --START--
INFO: ContentReplace Behavior ::run [ RunTime:0.000423s ]
INFO: TokenBuild Behavior ::run [ RunTime:0.000445s ]
INFO: WriteHtmlCache Behavior ::run [ RunTime:0.000323s ]
INFO: ShowRuntime Behavior ::run [ RunTime:0.000527s ]
INFO: [ view_filter ] --END-- [ RunTime:0.001914s ]
INFO: [ view_end ] --START--
INFO: ShowPageTrace Behavior ::run [ RunTime:0.000702s ]
INFO: [ view_end ] --END-- [ RunTime:0.000809s ]

[ 2014-12-22T11:25:04+08:00 ] 222.84.19.236 /admin.php/admin/index/public_sessionLife.html
INFO: [ route_check ] --START--
INFO: CheckRoute Behavior ::run [ RunTime:0.001044s ]
INFO: [ route_check ] --END-- [ RunTime:0.001243s ]
INFO: [ app_begin ] --START--
INFO: ReadHtmlCache Behavior ::run [ RunTime:0.000635s ]
INFO: [ app_begin ] --END-- [ RunTime:0.000714s ]
SQL: SHOW COLUMNS FROM `tutor_admin_role_priv` [ RunTime:0.001863s ]
SQL: SHOW COLUMNS FROM `tutor_log` [ RunTime:0.001508s ]
INFO: [ view_parse ] --START--
INFO: ParseTemplate Behavior ::run [ RunTime:0.008702s ]
INFO: [ view_parse ] --END-- [ RunTime:0.008792s ]
INFO: [ view_filter ] --START--
INFO: ContentReplace Behavior ::run [ RunTime:0.000441s ]
INFO: TokenBuild Behavior ::run [ RunTime:0.000430s ]
INFO: WriteHtmlCache Behavior ::run [ RunTime:0.000323s ]
INFO: ShowRuntime Behavior ::run [ RunTime:0.000507s ]
INFO: [ view_filter ] --END-- [ RunTime:0.001892s ]
INFO: [ view_end ] --START--
INFO: ShowPageTrace Behavior ::run [ RunTime:0.000745s ]
INFO: [ view_end ] --END-- [ RunTime:0.000812s ]

[ 2014-12-22T11:28:04+08:00 ] 222.84.19.236 /admin.php/admin/index/public_sessionLife.html
INFO: [ route_check ] --START--
INFO: CheckRoute Behavior ::run [ RunTime:0.001353s ]
INFO: [ route_check ] --END-- [ RunTime:0.001515s ]
INFO: [ app_begin ] --START--
INFO: ReadHtmlCache Behavior ::run [ RunTime:0.000894s ]
INFO: [ app_begin ] --END-- [ RunTime:0.001020s ]
SQL: SHOW COLUMNS FROM `tutor_admin_role_priv` [ RunTime:0.002003s ]
SQL: SHOW COLUMNS FROM `tutor_log` [ RunTime:0.001547s ]
INFO: [ view_parse ] --START--
INFO: ParseTemplate Behavior ::run [ RunTime:0.008654s ]
INFO: [ view_parse ] --END-- [ RunTime:0.008738s ]
INFO: [ view_filter ] --START--
INFO: ContentReplace Behavior ::run [ RunTime:0.000424s ]
INFO: TokenBuild Behavior ::run [ RunTime:0.000427s ]
INFO: WriteHtmlCache Behavior ::run [ RunTime:0.000326s ]
INFO: ShowRuntime Behavior ::run [ RunTime:0.000514s ]
INFO: [ view_filter ] --END-- [ RunTime:0.001890s ]
INFO: [ view_end ] --START--
INFO: ShowPageTrace Behavior ::run [ RunTime:0.000698s ]
INFO: [ view_end ] --END-- [ RunTime:0.000763s ]

[ 2014-12-22T11:31:04+08:00 ] 222.84.19.236 /admin.php/admin/index/public_sessionLife.html
INFO: [ route_check ] --START--
INFO: CheckRoute Behavior ::run [ RunTime:0.001333s ]
INFO: [ route_check ] --END-- [ RunTime:0.001465s ]
INFO: [ app_begin ] --START--
INFO: ReadHtmlCache Behavior ::run [ RunTime:0.000888s ]
INFO: [ app_begin ] --END-- [ RunTime:0.000993s ]
SQL: SHOW COLUMNS FROM `tutor_admin_role_priv` [ RunTime:0.002378s ]
SQL: SHOW COLUMNS FROM `tutor_log` [ RunTime:0.001511s ]
INFO: [ view_parse ] --START--
INFO: ParseTemplate Behavior ::run [ RunTime:0.007914s ]
INFO: [ view_parse ] --END-- [ RunTime:0.007990s ]
INFO: [ view_filter ] --START--
INFO: ContentReplace Behavior ::run [ RunTime:0.000412s ]
INFO: TokenBuild Behavior ::run [ RunTime:0.000446s ]
INFO: WriteHtmlCache Behavior ::run [ RunTime:0.000321s ]
INFO: ShowRuntime Behavior ::run [ RunTime:0.000528s ]
INFO: [ view_filter ] --END-- [ RunTime:0.001888s ]
INFO: [ view_end ] --START--
INFO: ShowPageTrace Behavior ::run [ RunTime:0.000672s ]
INFO: [ view_end ] --END-- [ RunTime:0.000735s ]

[ 2014-12-22T11:34:04+08:00 ] 222.84.19.236 /admin.php/admin/index/public_sessionLife.html
INFO: [ route_check ] --START--
INFO: CheckRoute Behavior ::run [ RunTime:0.001281s ]
INFO: [ route_check ] --END-- [ RunTime:0.001426s ]
INFO: [ app_begin ] --START--
INFO: ReadHtmlCache Behavior ::run [ RunTime:0.000906s ]
INFO: [ app_begin ] --END-- [ RunTime:0.001013s ]
SQL: SHOW COLUMNS FROM `tutor_admin_role_priv` [ RunTime:0.001064s ]
SQL: SHOW COLUMNS FROM `tutor_log` [ RunTime:0.000800s ]
INFO: [ view_parse ] --START--
INFO: ParseTemplate Behavior ::run [ RunTime:0.008209s ]
INFO: [ view_parse ] --END-- [ RunTime:0.008310s ]
INFO: [ view_filter ] --START--
INFO: ContentReplace Behavior ::run [ RunTime:0.000426s ]
INFO: TokenBuild Behavior ::run [ RunTime:0.000426s ]
INFO: WriteHtmlCache Behavior ::run [ RunTime:0.000375s ]
INFO: ShowRuntime Behavior ::run [ RunTime:0.000522s ]
INFO: [ view_filter ] --END-- [ RunTime:0.001936s ]
INFO: [ view_end ] --START--
INFO: ShowPageTrace Behavior ::run [ RunTime:0.000710s ]
INFO: [ view_end ] --END-- [ RunTime:0.000772s ]

[ 2014-12-22T11:37:04+08:00 ] 222.84.19.236 /admin.php/admin/index/public_sessionLife.html
INFO: [ route_check ] --START--
INFO: CheckRoute Behavior ::run [ RunTime:0.001368s ]
INFO: [ route_check ] --END-- [ RunTime:0.001537s ]
INFO: [ app_begin ] --START--
INFO: ReadHtmlCache Behavior ::run [ RunTime:0.000930s ]
INFO: [ app_begin ] --END-- [ RunTime:0.001041s ]
SQL: SHOW COLUMNS FROM `tutor_admin_role_priv` [ RunTime:0.001876s ]
SQL: SHOW COLUMNS FROM `tutor_log` [ RunTime:0.001547s ]
INFO: [ view_parse ] --START--
INFO: ParseTemplate Behavior ::run [ RunTime:0.008735s ]
INFO: [ view_parse ] --END-- [ RunTime:0.008819s ]
INFO: [ view_filter ] --START--
INFO: ContentReplace Behavior ::run [ RunTime:0.000439s ]
INFO: TokenBuild Behavior ::run [ RunTime:0.000440s ]
INFO: WriteHtmlCache Behavior ::run [ RunTime:0.000324s ]
INFO: ShowRuntime Behavior ::run [ RunTime:0.000536s ]
INFO: [ view_filter ] --END-- [ RunTime:0.001930s ]
INFO: [ view_end ] --START--
INFO: ShowPageTrace Behavior ::run [ RunTime:0.000712s ]
INFO: [ view_end ] --END-- [ RunTime:0.000778s ]

[ 2014-12-22T11:40:04+08:00 ] 222.84.19.236 /admin.php/admin/index/public_sessionLife.html
INFO: [ route_check ] --START--
INFO: CheckRoute Behavior ::run [ RunTime:0.000866s ]
INFO: [ route_check ] --END-- [ RunTime:0.000977s ]
INFO: [ app_begin ] --START--
INFO: ReadHtmlCache Behavior ::run [ RunTime:0.000588s ]
INFO: [ app_begin ] --END-- [ RunTime:0.000659s ]
SQL: SHOW COLUMNS FROM `tutor_admin_role_priv` [ RunTime:0.001817s ]
SQL: SHOW COLUMNS FROM `tutor_log` [ RunTime:0.001557s ]
INFO: [ view_parse ] --START--
INFO: ParseTemplate Behavior ::run [ RunTime:0.007778s ]
INFO: [ view_parse ] --END-- [ RunTime:0.007855s ]
INFO: [ view_filter ] --START--
INFO: ContentReplace Behavior ::run [ RunTime:0.000403s ]
INFO: TokenBuild Behavior ::run [ RunTime:0.000434s ]
INFO: WriteHtmlCache Behavior ::run [ RunTime:0.000309s ]
INFO: ShowRuntime Behavior ::run [ RunTime:0.000506s ]
INFO: [ view_filter ] --END-- [ RunTime:0.001832s ]
INFO: [ view_end ] --START--
INFO: ShowPageTrace Behavior ::run [ RunTime:0.000663s ]
INFO: [ view_end ] --END-- [ RunTime:0.000729s ]

[ 2014-12-22T11:43:04+08:00 ] 222.84.19.236 /admin.php/admin/index/public_sessionLife.html
INFO: [ route_check ] --START--
INFO: CheckRoute Behavior ::run [ RunTime:0.000858s ]
INFO: [ route_check ] --END-- [ RunTime:0.000959s ]
INFO: [ app_begin ] --START--
INFO: ReadHtmlCache Behavior ::run [ RunTime:0.000597s ]
INFO: [ app_begin ] --END-- [ RunTime:0.000668s ]
SQL: SHOW COLUMNS FROM `tutor_admin_role_priv` [ RunTime:0.001493s ]
SQL: SHOW COLUMNS FROM `tutor_log` [ RunTime:0.001221s ]
INFO: [ view_parse ] --START--
INFO: ParseTemplate Behavior ::run [ RunTime:0.007774s ]
INFO: [ view_parse ] --END-- [ RunTime:0.007851s ]
INFO: [ view_filter ] --START--
INFO: ContentReplace Behavior ::run [ RunTime:0.000415s ]
INFO: TokenBuild Behavior ::run [ RunTime:0.000425s ]
INFO: WriteHtmlCache Behavior ::run [ RunTime:0.000319s ]
INFO: ShowRuntime Behavior ::run [ RunTime:0.000503s ]
INFO: [ view_filter ] --END-- [ RunTime:0.001840s ]
INFO: [ view_end ] --START--
INFO: ShowPageTrace Behavior ::run [ RunTime:0.000655s ]
INFO: [ view_end ] --END-- [ RunTime:0.000716s ]

[ 2014-12-22T11:46:04+08:00 ] 222.84.19.236 /admin.php/admin/index/public_sessionLife.html
INFO: [ route_check ] --START--
INFO: CheckRoute Behavior ::run [ RunTime:0.001289s ]
INFO: [ route_check ] --END-- [ RunTime:0.001444s ]
INFO: [ app_begin ] --START--
INFO: ReadHtmlCache Behavior ::run [ RunTime:0.000860s ]
INFO: [ app_begin ] --END-- [ RunTime:0.000944s ]
SQL: SHOW COLUMNS FROM `tutor_admin_role_priv` [ RunTime:0.001435s ]
SQL: SHOW COLUMNS FROM `tutor_log` [ RunTime:0.001180s ]
INFO: [ view_parse ] --START--
INFO: ParseTemplate Behavior ::run [ RunTime:0.008247s ]
INFO: [ view_parse ] --END-- [ RunTime:0.008338s ]
INFO: [ view_filter ] --START--
INFO: ContentReplace Behavior ::run [ RunTime:0.000427s ]
INFO: TokenBuild Behavior ::run [ RunTime:0.000430s ]
INFO: WriteHtmlCache Behavior ::run [ RunTime:0.000319s ]
INFO: ShowRuntime Behavior ::run [ RunTime:0.000530s ]
INFO: [ view_filter ] --END-- [ RunTime:0.001902s ]
INFO: [ view_end ] --START--
INFO: ShowPageTrace Behavior ::run [ RunTime:0.000690s ]
INFO: [ view_end ] --END-- [ RunTime:0.000755s ]

[ 2014-12-22T11:49:04+08:00 ] 222.84.19.236 /admin.php/admin/index/public_sessionLife.html
INFO: [ route_check ] --START--
INFO: CheckRoute Behavior ::run [ RunTime:0.001349s ]
INFO: [ route_check ] --END-- [ RunTime:0.001530s ]
INFO: [ app_begin ] --START--
INFO: ReadHtmlCache Behavior ::run [ RunTime:0.000955s ]
INFO: [ app_begin ] --END-- [ RunTime:0.001062s ]
SQL: SHOW COLUMNS FROM `tutor_admin_role_priv` [ RunTime:0.001832s ]
SQL: SHOW COLUMNS FROM `tutor_log` [ RunTime:0.001536s ]
INFO: [ view_parse ] --START--
INFO: ParseTemplate Behavior ::run [ RunTime:0.008268s ]
INFO: [ view_parse ] --END-- [ RunTime:0.008351s ]
INFO: [ view_filter ] --START--
INFO: ContentReplace Behavior ::run [ RunTime:0.000446s ]
INFO: TokenBuild Behavior ::run [ RunTime:0.000458s ]
INFO: WriteHtmlCache Behavior ::run [ RunTime:0.000343s ]
INFO: ShowRuntime Behavior ::run [ RunTime:0.000550s ]
INFO: [ view_filter ] --END-- [ RunTime:0.001988s ]
INFO: [ view_end ] --START--
INFO: ShowPageTrace Behavior ::run [ RunTime:0.000761s ]
INFO: [ view_end ] --END-- [ RunTime:0.000826s ]

[ 2014-12-22T11:52:04+08:00 ] 222.84.19.236 /admin.php/admin/index/public_sessionLife.html
INFO: [ route_check ] --START--
INFO: CheckRoute Behavior ::run [ RunTime:0.001333s ]
INFO: [ route_check ] --END-- [ RunTime:0.001494s ]
INFO: [ app_begin ] --START--
INFO: ReadHtmlCache Behavior ::run [ RunTime:0.000914s ]
INFO: [ app_begin ] --END-- [ RunTime:0.001024s ]
SQL: SHOW COLUMNS FROM `tutor_admin_role_priv` [ RunTime:0.001913s ]
SQL: SHOW COLUMNS FROM `tutor_log` [ RunTime:0.001509s ]
INFO: [ view_parse ] --START--
INFO: ParseTemplate Behavior ::run [ RunTime:0.008632s ]
INFO: [ view_parse ] --END-- [ RunTime:0.008716s ]
INFO: [ view_filter ] --START--
INFO: ContentReplace Behavior ::run [ RunTime:0.000450s ]
INFO: TokenBuild Behavior ::run [ RunTime:0.000427s ]
INFO: WriteHtmlCache Behavior ::run [ RunTime:0.000323s ]
INFO: ShowRuntime Behavior ::run [ RunTime:0.000517s ]
INFO: [ view_filter ] --END-- [ RunTime:0.001911s ]
INFO: [ view_end ] --START--
INFO: ShowPageTrace Behavior ::run [ RunTime:0.000697s ]
INFO: [ view_end ] --END-- [ RunTime:0.000763s ]

[ 2014-12-22T11:55:05+08:00 ] 222.84.19.236 /admin.php/admin/index/public_sessionLife.html
INFO: [ route_check ] --START--
INFO: CheckRoute Behavior ::run [ RunTime:0.001347s ]
INFO: [ route_check ] --END-- [ RunTime:0.001504s ]
INFO: [ app_begin ] --START--
INFO: ReadHtmlCache Behavior ::run [ RunTime:0.000922s ]
INFO: [ app_begin ] --END-- [ RunTime:0.001031s ]
SQL: SHOW COLUMNS FROM `tutor_admin_role_priv` [ RunTime:0.001579s ]
SQL: SHOW COLUMNS FROM `tutor_log` [ RunTime:0.001146s ]
INFO: [ view_parse ] --START--
INFO: ParseTemplate Behavior ::run [ RunTime:0.008663s ]
INFO: [ view_parse ] --END-- [ RunTime:0.008746s ]
INFO: [ view_filter ] --START--
INFO: ContentReplace Behavior ::run [ RunTime:0.000418s ]
INFO: TokenBuild Behavior ::run [ RunTime:0.000437s ]
INFO: WriteHtmlCache Behavior ::run [ RunTime:0.000315s ]
INFO: ShowRuntime Behavior ::run [ RunTime:0.000528s ]
INFO: [ view_filter ] --END-- [ RunTime:0.001890s ]
INFO: [ view_end ] --START--
INFO: ShowPageTrace Behavior ::run [ RunTime:0.000735s ]
INFO: [ view_end ] --END-- [ RunTime:0.000801s ]

[ 2014-12-22T11:58:04+08:00 ] 222.84.19.236 /admin.php/admin/index/public_sessionLife.html
INFO: [ route_check ] --START--
INFO: CheckRoute Behavior ::run [ RunTime:0.001360s ]
INFO: [ route_check ] --END-- [ RunTime:0.001533s ]
INFO: [ app_begin ] --START--
INFO: ReadHtmlCache Behavior ::run [ RunTime:0.000933s ]
INFO: [ app_begin ] --END-- [ RunTime:0.001043s ]
SQL: SHOW COLUMNS FROM `tutor_admin_role_priv` [ RunTime:0.001360s ]
SQL: SHOW COLUMNS FROM `tutor_log` [ RunTime:0.001030s ]
INFO: [ view_parse ] --START--
INFO: ParseTemplate Behavior ::run [ RunTime:0.008314s ]
INFO: [ view_parse ] --END-- [ RunTime:0.008409s ]
INFO: [ view_filter ] --START--
INFO: ContentReplace Behavior ::run [ RunTime:0.000429s ]
INFO: TokenBuild Behavior ::run [ RunTime:0.000440s ]
INFO: WriteHtmlCache Behavior ::run [ RunTime:0.000323s ]
INFO: ShowRuntime Behavior ::run [ RunTime:0.000522s ]
INFO: [ view_filter ] --END-- [ RunTime:0.001952s ]
INFO: [ view_end ] --START--
INFO: ShowPageTrace Behavior ::run [ RunTime:0.000742s ]
INFO: [ view_end ] --END-- [ RunTime:0.000808s ]

