[ 2014-11-17T11:47:38+08:00 ] 222.84.18.80 /admin.php
INFO: [ app_begin ] --START--
INFO: ReadHtmlCache Behavior ::run [ RunTime:0.002037s ]
INFO: [ app_begin ] --END-- [ RunTime:0.002146s ]

[ 2014-11-17T11:47:38+08:00 ] 222.84.18.80 /admin.php/admin/index/index.html
INFO: [ route_check ] --START--
INFO: CheckRoute Behavior ::run [ RunTime:0.002100s ]
INFO: [ route_check ] --END-- [ RunTime:0.002191s ]
INFO: [ app_begin ] --START--
INFO: ReadHtmlCache Behavior ::run [ RunTime:0.001808s ]
INFO: [ app_begin ] --END-- [ RunTime:0.001893s ]
SQL: SHOW COLUMNS FROM `tutor_admin_role_priv` [ RunTime:0.008294s ]
SQL: SHOW COLUMNS FROM `tutor_log` [ RunTime:0.009806s ]
INFO: [ view_parse ] --START--
INFO: ParseTemplate Behavior ::run [ RunTime:0.021508s ]
INFO: [ view_parse ] --END-- [ RunTime:0.021632s ]
INFO: [ view_filter ] --START--
INFO: ContentReplace Behavior ::run [ RunTime:0.001749s ]
INFO: TokenBuild Behavior ::run [ RunTime:0.001756s ]
INFO: WriteHtmlCache Behavior ::run [ RunTime:0.001568s ]
INFO: ShowRuntime Behavior ::run [ RunTime:0.001876s ]
INFO: [ view_filter ] --END-- [ RunTime:0.007223s ]
INFO: [ view_end ] --START--
INFO: ShowPageTrace Behavior ::run [ RunTime:0.002131s ]
INFO: [ view_end ] --END-- [ RunTime:0.002219s ]

[ 2014-11-17T11:47:41+08:00 ] 222.84.18.80 /admin.php/admin/index/login.html
INFO: [ route_check ] --START--
INFO: CheckRoute Behavior ::run [ RunTime:0.001922s ]
INFO: [ route_check ] --END-- [ RunTime:0.002007s ]
INFO: [ app_begin ] --START--
INFO: ReadHtmlCache Behavior ::run [ RunTime:0.001547s ]
INFO: [ app_begin ] --END-- [ RunTime:0.001620s ]
SQL: SHOW COLUMNS FROM `tutor_admin_role_priv` [ RunTime:0.004501s ]
SQL: SHOW COLUMNS FROM `tutor_log` [ RunTime:0.003969s ]
SQL: SHOW COLUMNS FROM `tutor_admin` [ RunTime:0.006634s ]
SQL: SHOW COLUMNS FROM `tutor_admin_role` [ RunTime:0.007795s ]
SQL: SHOW COLUMNS FROM `tutor_times` [ RunTime:0.008329s ]
SQL: SHOW COLUMNS FROM `tutor_menu` [ RunTime:0.009558s ]
NOTIC: 建议使用I方法替代_get
INFO: [ view_parse ] --START--
INFO: ParseTemplate Behavior ::run [ RunTime:0.022889s ]
INFO: [ view_parse ] --END-- [ RunTime:0.022994s ]
INFO: [ view_filter ] --START--
INFO: ContentReplace Behavior ::run [ RunTime:0.001737s ]
INFO: TokenBuild Behavior ::run [ RunTime:0.001728s ]
INFO: WriteHtmlCache Behavior ::run [ RunTime:0.001564s ]
INFO: ShowRuntime Behavior ::run [ RunTime:0.001858s ]
INFO: [ view_filter ] --END-- [ RunTime:0.007131s ]
INFO: [ view_end ] --START--
INFO: ShowPageTrace Behavior ::run [ RunTime:0.002117s ]
INFO: [ view_end ] --END-- [ RunTime:0.002202s ]

[ 2014-11-17T11:47:44+08:00 ] 222.84.18.80 /admin.php/admin/index/login/dosubmit/1.html
INFO: [ route_check ] --START--
INFO: CheckRoute Behavior ::run [ RunTime:0.001907s ]
INFO: [ route_check ] --END-- [ RunTime:0.001989s ]
INFO: [ app_begin ] --START--
INFO: ReadHtmlCache Behavior ::run [ RunTime:0.001537s ]
INFO: [ app_begin ] --END-- [ RunTime:0.001602s ]
SQL: SHOW COLUMNS FROM `tutor_admin_role_priv` [ RunTime:0.004279s ]
SQL: SHOW COLUMNS FROM `tutor_log` [ RunTime:0.004096s ]
SQL: SHOW COLUMNS FROM `tutor_admin` [ RunTime:0.004439s ]
SQL: SHOW COLUMNS FROM `tutor_admin_role` [ RunTime:0.004531s ]
SQL: SHOW COLUMNS FROM `tutor_times` [ RunTime:0.004350s ]
SQL: SHOW COLUMNS FROM `tutor_menu` [ RunTime:0.004420s ]
NOTIC: 建议使用I方法替代_get
NOTIC: 建议使用I方法替代_post
NOTIC: 建议使用I方法替代_post
SQL: SELECT * FROM `tutor_times` WHERE ( `username` = 'adc' ) AND ( `isadmin` = 1 ) LIMIT 1   [ RunTime:0.000267s ]
SQL: SELECT * FROM `tutor_admin` WHERE ( `username` = 'adc' ) LIMIT 1   [ RunTime:0.000244s ]
SQL: DELETE FROM `tutor_times` WHERE ( `username` = 'adc' ) [ RunTime:0.000212s ]
NOTIC: [8] Use of undefined constant SYS_TIME - assumed 'SYS_TIME' D:\enkjhost\aijiajiao\web\Admin\Modules\Admin\Action\IndexAction.class.php 第 68 行.
NOTIC: [8] Use of undefined constant SYS_TIME - assumed 'SYS_TIME' D:\enkjhost\aijiajiao\web\Admin\Modules\Admin\Action\IndexAction.class.php 第 68 行.
SQL: UPDATE `tutor_admin` SET `lastloginip`='222.84.18.80',`lastlogintime`=0,`lastlifetime`=0 WHERE ( `userid` = 2 ) [ RunTime:0.000214s ]

[ 2014-11-17T11:47:44+08:00 ] 222.84.18.80 /admin.php/admin/index/index.html
INFO: [ route_check ] --START--
INFO: CheckRoute Behavior ::run [ RunTime:0.001900s ]
INFO: [ route_check ] --END-- [ RunTime:0.001986s ]
INFO: [ app_begin ] --START--
INFO: ReadHtmlCache Behavior ::run [ RunTime:0.001539s ]
INFO: [ app_begin ] --END-- [ RunTime:0.001611s ]
SQL: SHOW COLUMNS FROM `tutor_admin_role_priv` [ RunTime:0.004968s ]
SQL: SHOW COLUMNS FROM `tutor_log` [ RunTime:0.004219s ]
SQL: SHOW COLUMNS FROM `tutor_admin` [ RunTime:0.004073s ]
SQL: SHOW COLUMNS FROM `tutor_admin_role` [ RunTime:0.005280s ]
SQL: SHOW COLUMNS FROM `tutor_times` [ RunTime:0.005004s ]
SQL: SHOW COLUMNS FROM `tutor_menu` [ RunTime:0.006284s ]
SQL: SELECT `rolename` FROM `tutor_admin_role` WHERE ( `roleid` = 1 ) LIMIT 1   [ RunTime:0.000352s ]
NOTIC: [8] Use of undefined constant SYS_TIME - assumed 'SYS_TIME' D:\enkjhost\aijiajiao\web\Admin\Modules\Admin\Action\IndexAction.class.php 第 18 行.
SQL: UPDATE `tutor_admin` SET `lastlifetime`=0 WHERE ( `userid` = 2 ) [ RunTime:0.000306s ]
SQL: SELECT * FROM `tutor_menu` WHERE ( `parentid` = 0 ) AND ( `display` = 1 ) ORDER BY `listorder` ASC LIMIT 1000   [ RunTime:0.000432s ]
SQL: SELECT `lastlogintime`,`lastloginip` FROM `tutor_admin` WHERE ( `userid` = 2 ) LIMIT 1   [ RunTime:0.000290s ]
INFO: [ view_parse ] --START--
NOTIC: [8] Use of undefined constant lastlogintime - assumed 'lastlogintime' D:\enkjhost\aijiajiao\web\Admin\Runtime\Cache\Admin\5bd0925e25bf58793df33dc58ca05648.php 第 62 行.
INFO: ParseTemplate Behavior ::run [ RunTime:0.033609s ]
INFO: [ view_parse ] --END-- [ RunTime:0.033712s ]
INFO: [ view_filter ] --START--
INFO: ContentReplace Behavior ::run [ RunTime:0.001813s ]
INFO: TokenBuild Behavior ::run [ RunTime:0.001775s ]
INFO: WriteHtmlCache Behavior ::run [ RunTime:0.001601s ]
INFO: ShowRuntime Behavior ::run [ RunTime:0.001887s ]
INFO: [ view_filter ] --END-- [ RunTime:0.007330s ]
INFO: [ view_end ] --START--
INFO: ShowPageTrace Behavior ::run [ RunTime:0.003405s ]
INFO: [ view_end ] --END-- [ RunTime:0.003503s ]

[ 2014-11-17T11:47:50+08:00 ] 222.84.18.80 /admin.php/admin/index/public_main.html?_=1416196067973
INFO: [ route_check ] --START--
INFO: CheckRoute Behavior ::run [ RunTime:0.001938s ]
INFO: [ route_check ] --END-- [ RunTime:0.002022s ]
INFO: [ app_begin ] --START--
INFO: ReadHtmlCache Behavior ::run [ RunTime:0.001568s ]
INFO: [ app_begin ] --END-- [ RunTime:0.001633s ]
SQL: SHOW COLUMNS FROM `tutor_admin_role_priv` [ RunTime:0.003993s ]
SQL: SHOW COLUMNS FROM `tutor_log` [ RunTime:0.004213s ]
SQL: SHOW COLUMNS FROM `tutor_admin` [ RunTime:0.003970s ]
SQL: SHOW COLUMNS FROM `tutor_admin_role` [ RunTime:0.003730s ]
SQL: SHOW COLUMNS FROM `tutor_times` [ RunTime:0.004010s ]
SQL: SHOW COLUMNS FROM `tutor_menu` [ RunTime:0.003969s ]
SQL: SELECT `rolename` FROM `tutor_admin_role` WHERE ( `roleid` = 1 ) LIMIT 1   [ RunTime:0.000221s ]
SQL: SELECT * FROM `tutor_admin` WHERE ( `userid` = 2 ) LIMIT 1   [ RunTime:0.000188s ]
NOTIC: [8] Undefined index:  act D:\enkjhost\aijiajiao\web\Admin\Common\Func\Sys.func.php 第 4 行.
ERR: <b>Source:</b> SWbemLocator<br/><b>Description:</b> Access denied 

[ 2014-11-17T11:47:50+08:00 ] 222.84.18.80 /admin.php/admin/index/public_menuLeft.html
INFO: [ route_check ] --START--
INFO: CheckRoute Behavior ::run [ RunTime:0.001967s ]
INFO: [ route_check ] --END-- [ RunTime:0.002051s ]
INFO: [ app_begin ] --START--
INFO: ReadHtmlCache Behavior ::run [ RunTime:0.001585s ]
INFO: [ app_begin ] --END-- [ RunTime:0.001650s ]
SQL: SHOW COLUMNS FROM `tutor_admin_role_priv` [ RunTime:0.004128s ]
SQL: SHOW COLUMNS FROM `tutor_log` [ RunTime:0.003875s ]
SQL: SHOW COLUMNS FROM `tutor_admin` [ RunTime:0.004928s ]
SQL: SHOW COLUMNS FROM `tutor_admin_role` [ RunTime:0.004691s ]
SQL: SHOW COLUMNS FROM `tutor_times` [ RunTime:0.004742s ]
SQL: SHOW COLUMNS FROM `tutor_menu` [ RunTime:0.004893s ]
SQL: SELECT * FROM `tutor_menu` WHERE ( `parentid` = 1 ) AND ( `display` = 1 ) ORDER BY `listorder` ASC LIMIT 1000   [ RunTime:0.000350s ]
SQL: SELECT * FROM `tutor_menu` WHERE ( `parentid` = 6 ) AND ( `display` = 1 ) ORDER BY `listorder` ASC LIMIT 1000   [ RunTime:0.000284s ]

[ 2014-11-17T11:47:55+08:00 ] 222.84.18.80 /admin.php/admin/index/public_menuLeft.html
INFO: [ route_check ] --START--
INFO: CheckRoute Behavior ::run [ RunTime:0.002112s ]
INFO: [ route_check ] --END-- [ RunTime:0.002204s ]
INFO: [ app_begin ] --START--
INFO: ReadHtmlCache Behavior ::run [ RunTime:0.001729s ]
INFO: [ app_begin ] --END-- [ RunTime:0.001805s ]
SQL: SHOW COLUMNS FROM `tutor_admin_role_priv` [ RunTime:0.005253s ]
SQL: SHOW COLUMNS FROM `tutor_log` [ RunTime:0.005481s ]
SQL: SHOW COLUMNS FROM `tutor_admin` [ RunTime:0.005099s ]
SQL: SHOW COLUMNS FROM `tutor_admin_role` [ RunTime:0.004843s ]
SQL: SHOW COLUMNS FROM `tutor_times` [ RunTime:0.005158s ]
SQL: SHOW COLUMNS FROM `tutor_menu` [ RunTime:0.005041s ]
SQL: SELECT * FROM `tutor_menu` WHERE ( `parentid` = 2 ) AND ( `display` = 1 ) ORDER BY `listorder` ASC LIMIT 1000   [ RunTime:0.000380s ]
SQL: SELECT * FROM `tutor_menu` WHERE ( `parentid` = 11 ) AND ( `display` = 1 ) ORDER BY `listorder` ASC LIMIT 1000   [ RunTime:0.000316s ]
SQL: SELECT * FROM `tutor_menu` WHERE ( `parentid` = 9 ) AND ( `display` = 1 ) ORDER BY `listorder` ASC LIMIT 1000   [ RunTime:0.000306s ]

[ 2014-11-17T11:47:57+08:00 ] 222.84.18.80 /admin.php/admin/setting/site/menuid/10.html?_=1416196067974
INFO: [ route_check ] --START--
INFO: CheckRoute Behavior ::run [ RunTime:0.001919s ]
INFO: [ route_check ] --END-- [ RunTime:0.002003s ]
INFO: [ app_begin ] --START--
INFO: ReadHtmlCache Behavior ::run [ RunTime:0.001550s ]
INFO: [ app_begin ] --END-- [ RunTime:0.001615s ]
SQL: SHOW COLUMNS FROM `tutor_admin_role_priv` [ RunTime:0.004322s ]
SQL: SHOW COLUMNS FROM `tutor_log` [ RunTime:0.004833s ]
SQL: SHOW COLUMNS FROM `tutor_setting` [ RunTime:0.004458s ]
SQL: SHOW COLUMNS FROM `tutor_keyword` [ RunTime:0.004200s ]
SQL: SHOW COLUMNS FROM `tutor_menu` [ RunTime:0.004357s ]
SQL: SHOW COLUMNS FROM `tutor_admin` [ RunTime:0.004497s ]
NOTIC: 建议使用I方法替代_get
SQL: SELECT * FROM `tutor_menu` WHERE ( `id` = 10 ) LIMIT 1   [ RunTime:0.000322s ]
SQL: SELECT * FROM `tutor_menu` WHERE ( `id` = 9 ) LIMIT 1   [ RunTime:0.000273s ]
SQL: SELECT * FROM `tutor_menu` WHERE ( `id` = 2 ) LIMIT 1   [ RunTime:0.000264s ]
SQL: SELECT * FROM `tutor_setting` LIMIT 1   [ RunTime:0.000319s ]
NOTIC: [8] Use of undefined constant currentpos - assumed 'currentpos' D:\enkjhost\aijiajiao\web\Admin\Modules\Admin\Action\SettingAction.class.php 第 28 行.
INFO: [ view_parse ] --START--
INFO: ParseTemplate Behavior ::run [ RunTime:0.031127s ]
INFO: [ view_parse ] --END-- [ RunTime:0.031222s ]
INFO: [ view_filter ] --START--
INFO: ContentReplace Behavior ::run [ RunTime:0.001850s ]
INFO: TokenBuild Behavior ::run [ RunTime:0.001755s ]
INFO: WriteHtmlCache Behavior ::run [ RunTime:0.001585s ]
INFO: ShowRuntime Behavior ::run [ RunTime:0.001877s ]
INFO: [ view_filter ] --END-- [ RunTime:0.007290s ]
INFO: [ view_end ] --START--
INFO: ShowPageTrace Behavior ::run [ RunTime:0.002180s ]
INFO: [ view_end ] --END-- [ RunTime:0.002266s ]

[ 2014-11-17T11:50:45+08:00 ] 222.84.18.80 /admin.php/admin/index/public_sessionLife.html
INFO: [ route_check ] --START--
INFO: CheckRoute Behavior ::run [ RunTime:0.001937s ]
INFO: [ route_check ] --END-- [ RunTime:0.002021s ]
INFO: [ app_begin ] --START--
INFO: ReadHtmlCache Behavior ::run [ RunTime:0.001569s ]
INFO: [ app_begin ] --END-- [ RunTime:0.001634s ]
SQL: SHOW COLUMNS FROM `tutor_admin_role_priv` [ RunTime:0.004072s ]
SQL: SHOW COLUMNS FROM `tutor_log` [ RunTime:0.005165s ]
SQL: SHOW COLUMNS FROM `tutor_admin` [ RunTime:0.005575s ]
SQL: SHOW COLUMNS FROM `tutor_admin_role` [ RunTime:0.005684s ]
SQL: SHOW COLUMNS FROM `tutor_times` [ RunTime:0.005045s ]
SQL: SHOW COLUMNS FROM `tutor_menu` [ RunTime:0.005352s ]
NOTIC: [8] Use of undefined constant SYS_TIME - assumed 'SYS_TIME' D:\enkjhost\aijiajiao\web\Admin\Modules\Admin\Action\IndexAction.class.php 第 175 行.
SQL: UPDATE `tutor_admin` SET `lastlifetime`=0 WHERE ( `userid` = 2 ) [ RunTime:0.000344s ]

[ 2014-11-17T11:53:45+08:00 ] 222.84.18.80 /admin.php/admin/index/public_sessionLife.html
INFO: [ route_check ] --START--
INFO: CheckRoute Behavior ::run [ RunTime:0.001983s ]
INFO: [ route_check ] --END-- [ RunTime:0.002082s ]
INFO: [ app_begin ] --START--
INFO: ReadHtmlCache Behavior ::run [ RunTime:0.001576s ]
INFO: [ app_begin ] --END-- [ RunTime:0.001644s ]
SQL: SHOW COLUMNS FROM `tutor_admin_role_priv` [ RunTime:0.003987s ]
SQL: SHOW COLUMNS FROM `tutor_log` [ RunTime:0.004129s ]
SQL: SHOW COLUMNS FROM `tutor_admin` [ RunTime:0.003916s ]
SQL: SHOW COLUMNS FROM `tutor_admin_role` [ RunTime:0.003707s ]
SQL: SHOW COLUMNS FROM `tutor_times` [ RunTime:0.004589s ]
SQL: SHOW COLUMNS FROM `tutor_menu` [ RunTime:0.005854s ]
NOTIC: [8] Use of undefined constant SYS_TIME - assumed 'SYS_TIME' D:\enkjhost\aijiajiao\web\Admin\Modules\Admin\Action\IndexAction.class.php 第 175 行.
SQL: UPDATE `tutor_admin` SET `lastlifetime`=0 WHERE ( `userid` = 2 ) [ RunTime:0.000301s ]

[ 2014-11-17T11:56:13+08:00 ] 180.153.201.64 /admin.php
INFO: [ app_begin ] --START--
INFO: ReadHtmlCache Behavior ::run [ RunTime:0.002125s ]
INFO: [ app_begin ] --END-- [ RunTime:0.002235s ]

[ 2014-11-17T11:56:13+08:00 ] 180.153.201.64 /admin.php/admin/index/index.html
INFO: [ route_check ] --START--
INFO: CheckRoute Behavior ::run [ RunTime:0.002012s ]
INFO: [ route_check ] --END-- [ RunTime:0.002105s ]
INFO: [ app_begin ] --START--
INFO: ReadHtmlCache Behavior ::run [ RunTime:0.001655s ]
INFO: [ app_begin ] --END-- [ RunTime:0.001729s ]
SQL: SHOW COLUMNS FROM `tutor_admin_role_priv` [ RunTime:0.004514s ]
SQL: SHOW COLUMNS FROM `tutor_log` [ RunTime:0.004630s ]
INFO: [ view_parse ] --START--
INFO: ParseTemplate Behavior ::run [ RunTime:0.019322s ]
INFO: [ view_parse ] --END-- [ RunTime:0.019429s ]
INFO: [ view_filter ] --START--
INFO: ContentReplace Behavior ::run [ RunTime:0.001395s ]
INFO: TokenBuild Behavior ::run [ RunTime:0.001380s ]
INFO: WriteHtmlCache Behavior ::run [ RunTime:0.001240s ]
INFO: ShowRuntime Behavior ::run [ RunTime:0.001471s ]
INFO: [ view_filter ] --END-- [ RunTime:0.005694s ]
INFO: [ view_end ] --START--
INFO: ShowPageTrace Behavior ::run [ RunTime:0.001681s ]
INFO: [ view_end ] --END-- [ RunTime:0.001749s ]

[ 2014-11-17T11:56:46+08:00 ] 222.84.18.80 /admin.php/admin/index/public_sessionLife.html
INFO: [ route_check ] --START--
INFO: CheckRoute Behavior ::run [ RunTime:0.002560s ]
INFO: [ route_check ] --END-- [ RunTime:0.002670s ]
INFO: [ app_begin ] --START--
INFO: ReadHtmlCache Behavior ::run [ RunTime:0.002073s ]
INFO: [ app_begin ] --END-- [ RunTime:0.002160s ]
SQL: SHOW COLUMNS FROM `tutor_admin_role_priv` [ RunTime:0.004310s ]
SQL: SHOW COLUMNS FROM `tutor_log` [ RunTime:0.004336s ]
SQL: SHOW COLUMNS FROM `tutor_admin` [ RunTime:0.003941s ]
SQL: SHOW COLUMNS FROM `tutor_admin_role` [ RunTime:0.003853s ]
SQL: SHOW COLUMNS FROM `tutor_times` [ RunTime:0.003710s ]
SQL: SHOW COLUMNS FROM `tutor_menu` [ RunTime:0.004368s ]
NOTIC: [8] Use of undefined constant SYS_TIME - assumed 'SYS_TIME' D:\enkjhost\aijiajiao\web\Admin\Modules\Admin\Action\IndexAction.class.php 第 175 行.
SQL: UPDATE `tutor_admin` SET `lastlifetime`=0 WHERE ( `userid` = 2 ) [ RunTime:0.000324s ]

[ 2014-11-17T11:57:45+08:00 ] 101.226.66.178 /admin.php/admin/index/public_main.html?_=1416196067973
INFO: [ route_check ] --START--
INFO: CheckRoute Behavior ::run [ RunTime:0.002573s ]
INFO: [ route_check ] --END-- [ RunTime:0.002685s ]
INFO: [ app_begin ] --START--
INFO: ReadHtmlCache Behavior ::run [ RunTime:0.002149s ]
INFO: [ app_begin ] --END-- [ RunTime:0.002243s ]
SQL: SHOW COLUMNS FROM `tutor_admin_role_priv` [ RunTime:0.005591s ]
SQL: SHOW COLUMNS FROM `tutor_log` [ RunTime:0.004258s ]
INFO: [ view_parse ] --START--
INFO: ParseTemplate Behavior ::run [ RunTime:0.017905s ]
INFO: [ view_parse ] --END-- [ RunTime:0.018009s ]
INFO: [ view_filter ] --START--
INFO: ContentReplace Behavior ::run [ RunTime:0.001487s ]
INFO: TokenBuild Behavior ::run [ RunTime:0.001494s ]
INFO: WriteHtmlCache Behavior ::run [ RunTime:0.001347s ]
INFO: ShowRuntime Behavior ::run [ RunTime:0.001603s ]
INFO: [ view_filter ] --END-- [ RunTime:0.006160s ]
INFO: [ view_end ] --START--
INFO: ShowPageTrace Behavior ::run [ RunTime:0.001836s ]
INFO: [ view_end ] --END-- [ RunTime:0.001908s ]

[ 2014-11-17T11:59:47+08:00 ] 222.84.18.80 /admin.php/admin/index/public_sessionLife.html
INFO: [ route_check ] --START--
INFO: CheckRoute Behavior ::run [ RunTime:0.002553s ]
INFO: [ route_check ] --END-- [ RunTime:0.002668s ]
INFO: [ app_begin ] --START--
INFO: ReadHtmlCache Behavior ::run [ RunTime:0.002063s ]
INFO: [ app_begin ] --END-- [ RunTime:0.002148s ]
SQL: SHOW COLUMNS FROM `tutor_admin_role_priv` [ RunTime:0.004178s ]
SQL: SHOW COLUMNS FROM `tutor_log` [ RunTime:0.004080s ]
SQL: SHOW COLUMNS FROM `tutor_admin` [ RunTime:0.005830s ]
SQL: SHOW COLUMNS FROM `tutor_admin_role` [ RunTime:0.005612s ]
SQL: SHOW COLUMNS FROM `tutor_times` [ RunTime:0.005275s ]
SQL: SHOW COLUMNS FROM `tutor_menu` [ RunTime:0.005661s ]
NOTIC: [8] Use of undefined constant SYS_TIME - assumed 'SYS_TIME' D:\enkjhost\aijiajiao\web\Admin\Modules\Admin\Action\IndexAction.class.php 第 175 行.
SQL: UPDATE `tutor_admin` SET `lastlifetime`=0 WHERE ( `userid` = 2 ) [ RunTime:0.000342s ]

[ 2014-11-17T11:59:49+08:00 ] 101.226.33.201 /admin.php/admin/setting/site/menuid/10.html?_=1416196067974
INFO: [ route_check ] --START--
INFO: CheckRoute Behavior ::run [ RunTime:0.001937s ]
INFO: [ route_check ] --END-- [ RunTime:0.002020s ]
INFO: [ app_begin ] --START--
INFO: ReadHtmlCache Behavior ::run [ RunTime:0.001564s ]
INFO: [ app_begin ] --END-- [ RunTime:0.001635s ]
SQL: SHOW COLUMNS FROM `tutor_admin_role_priv` [ RunTime:0.004426s ]
SQL: SHOW COLUMNS FROM `tutor_log` [ RunTime:0.003923s ]
INFO: [ view_parse ] --START--
INFO: ParseTemplate Behavior ::run [ RunTime:0.015442s ]
INFO: [ view_parse ] --END-- [ RunTime:0.015538s ]
INFO: [ view_filter ] --START--
INFO: ContentReplace Behavior ::run [ RunTime:0.001366s ]
INFO: TokenBuild Behavior ::run [ RunTime:0.001365s ]
INFO: WriteHtmlCache Behavior ::run [ RunTime:0.001223s ]
INFO: ShowRuntime Behavior ::run [ RunTime:0.002289s ]
INFO: [ view_filter ] --END-- [ RunTime:0.006450s ]
INFO: [ view_end ] --START--
INFO: ShowPageTrace Behavior ::run [ RunTime:0.001725s ]
INFO: [ view_end ] --END-- [ RunTime:0.001793s ]

[ 2014-11-17T12:02:35+08:00 ] 180.153.206.18 /admin.php/admin/index/public_sessionLife.html
INFO: [ route_check ] --START--
INFO: CheckRoute Behavior ::run [ RunTime:0.001955s ]
INFO: [ route_check ] --END-- [ RunTime:0.002049s ]
INFO: [ app_begin ] --START--
INFO: ReadHtmlCache Behavior ::run [ RunTime:0.001650s ]
INFO: [ app_begin ] --END-- [ RunTime:0.001727s ]
SQL: SHOW COLUMNS FROM `tutor_admin_role_priv` [ RunTime:0.004382s ]
SQL: SHOW COLUMNS FROM `tutor_log` [ RunTime:0.004565s ]
INFO: [ view_parse ] --START--
INFO: ParseTemplate Behavior ::run [ RunTime:0.018168s ]
INFO: [ view_parse ] --END-- [ RunTime:0.018281s ]
INFO: [ view_filter ] --START--
INFO: ContentReplace Behavior ::run [ RunTime:0.001503s ]
INFO: TokenBuild Behavior ::run [ RunTime:0.001491s ]
INFO: WriteHtmlCache Behavior ::run [ RunTime:0.002122s ]
INFO: ShowRuntime Behavior ::run [ RunTime:0.001835s ]
INFO: [ view_filter ] --END-- [ RunTime:0.007193s ]
INFO: [ view_end ] --START--
INFO: ShowPageTrace Behavior ::run [ RunTime:0.002211s ]
INFO: [ view_end ] --END-- [ RunTime:0.002299s ]

[ 2014-11-17T12:02:58+08:00 ] 101.226.66.178 /admin.php/admin/index/login.html
INFO: [ route_check ] --START--
INFO: CheckRoute Behavior ::run [ RunTime:0.002176s ]
INFO: [ route_check ] --END-- [ RunTime:0.002275s ]
INFO: [ app_begin ] --START--
INFO: ReadHtmlCache Behavior ::run [ RunTime:0.001755s ]
INFO: [ app_begin ] --END-- [ RunTime:0.001835s ]
SQL: SHOW COLUMNS FROM `tutor_admin_role_priv` [ RunTime:0.005107s ]
SQL: SHOW COLUMNS FROM `tutor_log` [ RunTime:0.004749s ]
SQL: SHOW COLUMNS FROM `tutor_admin` [ RunTime:0.004827s ]
SQL: SHOW COLUMNS FROM `tutor_admin_role` [ RunTime:0.004750s ]
SQL: SHOW COLUMNS FROM `tutor_times` [ RunTime:0.005011s ]
SQL: SHOW COLUMNS FROM `tutor_menu` [ RunTime:0.004710s ]
NOTIC: 建议使用I方法替代_get
INFO: [ view_parse ] --START--
INFO: ParseTemplate Behavior ::run [ RunTime:0.021589s ]
INFO: [ view_parse ] --END-- [ RunTime:0.021692s ]
INFO: [ view_filter ] --START--
INFO: ContentReplace Behavior ::run [ RunTime:0.001826s ]
INFO: TokenBuild Behavior ::run [ RunTime:0.001801s ]
INFO: WriteHtmlCache Behavior ::run [ RunTime:0.001612s ]
INFO: ShowRuntime Behavior ::run [ RunTime:0.001915s ]
INFO: [ view_filter ] --END-- [ RunTime:0.007403s ]
INFO: [ view_end ] --START--
INFO: ShowPageTrace Behavior ::run [ RunTime:0.002195s ]
INFO: [ view_end ] --END-- [ RunTime:0.002280s ]

[ 2014-11-17T12:03:39+08:00 ] 180.153.201.64 /admin.php/admin/index/login.html
INFO: [ route_check ] --START--
INFO: CheckRoute Behavior ::run [ RunTime:0.001959s ]
INFO: [ route_check ] --END-- [ RunTime:0.002046s ]
INFO: [ app_begin ] --START--
INFO: ReadHtmlCache Behavior ::run [ RunTime:0.001586s ]
INFO: [ app_begin ] --END-- [ RunTime:0.001659s ]
SQL: SHOW COLUMNS FROM `tutor_admin_role_priv` [ RunTime:0.004005s ]
SQL: SHOW COLUMNS FROM `tutor_log` [ RunTime:0.003837s ]
SQL: SHOW COLUMNS FROM `tutor_admin` [ RunTime:0.003946s ]
SQL: SHOW COLUMNS FROM `tutor_admin_role` [ RunTime:0.004243s ]
SQL: SHOW COLUMNS FROM `tutor_times` [ RunTime:0.003925s ]
SQL: SHOW COLUMNS FROM `tutor_menu` [ RunTime:0.005163s ]
NOTIC: 建议使用I方法替代_get
INFO: [ view_parse ] --START--
INFO: ParseTemplate Behavior ::run [ RunTime:0.021597s ]
INFO: [ view_parse ] --END-- [ RunTime:0.021702s ]
INFO: [ view_filter ] --START--
INFO: ContentReplace Behavior ::run [ RunTime:0.001824s ]
INFO: TokenBuild Behavior ::run [ RunTime:0.001822s ]
INFO: WriteHtmlCache Behavior ::run [ RunTime:0.001612s ]
INFO: ShowRuntime Behavior ::run [ RunTime:0.001923s ]
INFO: [ view_filter ] --END-- [ RunTime:0.007430s ]
INFO: [ view_end ] --START--
INFO: ShowPageTrace Behavior ::run [ RunTime:0.002197s ]
INFO: [ view_end ] --END-- [ RunTime:0.002283s ]

[ 2014-11-17T12:05:21+08:00 ] 101.226.33.201 /admin.php/admin/index/login.html
INFO: [ route_check ] --START--
INFO: CheckRoute Behavior ::run [ RunTime:0.001972s ]
INFO: [ route_check ] --END-- [ RunTime:0.002061s ]
INFO: [ app_begin ] --START--
INFO: ReadHtmlCache Behavior ::run [ RunTime:0.001585s ]
INFO: [ app_begin ] --END-- [ RunTime:0.001657s ]
SQL: SHOW COLUMNS FROM `tutor_admin_role_priv` [ RunTime:0.004436s ]
SQL: SHOW COLUMNS FROM `tutor_log` [ RunTime:0.004225s ]
SQL: SHOW COLUMNS FROM `tutor_admin` [ RunTime:0.004441s ]
SQL: SHOW COLUMNS FROM `tutor_admin_role` [ RunTime:0.004581s ]
SQL: SHOW COLUMNS FROM `tutor_times` [ RunTime:0.004294s ]
SQL: SHOW COLUMNS FROM `tutor_menu` [ RunTime:0.005013s ]
NOTIC: 建议使用I方法替代_get
INFO: [ view_parse ] --START--
INFO: ParseTemplate Behavior ::run [ RunTime:0.018961s ]
INFO: [ view_parse ] --END-- [ RunTime:0.019056s ]
INFO: [ view_filter ] --START--
INFO: ContentReplace Behavior ::run [ RunTime:0.001601s ]
INFO: TokenBuild Behavior ::run [ RunTime:0.001587s ]
INFO: WriteHtmlCache Behavior ::run [ RunTime:0.001431s ]
INFO: ShowRuntime Behavior ::run [ RunTime:0.001701s ]
INFO: [ view_filter ] --END-- [ RunTime:0.006540s ]
INFO: [ view_end ] --START--
INFO: ShowPageTrace Behavior ::run [ RunTime:0.001936s ]
INFO: [ view_end ] --END-- [ RunTime:0.002013s ]

[ 2014-11-17T12:07:33+08:00 ] 180.153.206.18 /admin.php/admin/index/login.html
INFO: [ route_check ] --START--
INFO: CheckRoute Behavior ::run [ RunTime:0.002240s ]
INFO: [ route_check ] --END-- [ RunTime:0.002337s ]
INFO: [ app_begin ] --START--
INFO: ReadHtmlCache Behavior ::run [ RunTime:0.001790s ]
INFO: [ app_begin ] --END-- [ RunTime:0.001870s ]
SQL: SHOW COLUMNS FROM `tutor_admin_role_priv` [ RunTime:0.004656s ]
SQL: SHOW COLUMNS FROM `tutor_log` [ RunTime:0.004703s ]
SQL: SHOW COLUMNS FROM `tutor_admin` [ RunTime:0.005990s ]
SQL: SHOW COLUMNS FROM `tutor_admin_role` [ RunTime:0.005583s ]
SQL: SHOW COLUMNS FROM `tutor_times` [ RunTime:0.005653s ]
SQL: SHOW COLUMNS FROM `tutor_menu` [ RunTime:0.005886s ]
NOTIC: 建议使用I方法替代_get
INFO: [ view_parse ] --START--
INFO: ParseTemplate Behavior ::run [ RunTime:0.021820s ]
INFO: [ view_parse ] --END-- [ RunTime:0.021923s ]
INFO: [ view_filter ] --START--
INFO: ContentReplace Behavior ::run [ RunTime:0.001857s ]
INFO: TokenBuild Behavior ::run [ RunTime:0.001837s ]
INFO: WriteHtmlCache Behavior ::run [ RunTime:0.001651s ]
INFO: ShowRuntime Behavior ::run [ RunTime:0.001987s ]
INFO: [ view_filter ] --END-- [ RunTime:0.007580s ]
INFO: [ view_end ] --START--
INFO: ShowPageTrace Behavior ::run [ RunTime:0.003492s ]
INFO: [ view_end ] --END-- [ RunTime:0.003583s ]

