[ 2014-12-19T10:55:03+08:00 ] 111.206.36.10 /admin.php/admin/content/article_list.html
INFO: [ route_check ] --START--
INFO: CheckRoute Behavior ::run [ RunTime:0.004702s ]
INFO: [ route_check ] --END-- [ RunTime:0.004948s ]
INFO: [ app_begin ] --START--
INFO: ReadHtmlCache Behavior ::run [ RunTime:0.000646s ]
INFO: [ app_begin ] --END-- [ RunTime:0.000733s ]
SQL: SHOW COLUMNS FROM `tutor_admin_role_priv` [ RunTime:0.001908s ]
SQL: SHOW COLUMNS FROM `tutor_log` [ RunTime:0.001535s ]
INFO: [ view_parse ] --START--
INFO: ParseTemplate Behavior ::run [ RunTime:0.018253s ]
INFO: [ view_parse ] --END-- [ RunTime:0.018383s ]
INFO: [ view_filter ] --START--
INFO: ContentReplace Behavior ::run [ RunTime:0.000440s ]
INFO: TokenBuild Behavior ::run [ RunTime:0.000431s ]
INFO: WriteHtmlCache Behavior ::run [ RunTime:0.000334s ]
INFO: ShowRuntime Behavior ::run [ RunTime:0.000512s ]
INFO: [ view_filter ] --END-- [ RunTime:0.001924s ]
INFO: [ view_end ] --START--
INFO: ShowPageTrace Behavior ::run [ RunTime:0.006775s ]
INFO: [ view_end ] --END-- [ RunTime:0.006850s ]

[ 2014-12-19T10:55:03+08:00 ] 111.206.36.142 /admin.php/admin/index/public_sessionLife.html
INFO: [ route_check ] --START--
INFO: CheckRoute Behavior ::run [ RunTime:0.000876s ]
INFO: [ route_check ] --END-- [ RunTime:0.000978s ]
INFO: [ app_begin ] --START--
INFO: ReadHtmlCache Behavior ::run [ RunTime:0.000604s ]
INFO: [ app_begin ] --END-- [ RunTime:0.000678s ]
SQL: SHOW COLUMNS FROM `tutor_admin_role_priv` [ RunTime:0.002473s ]
SQL: SHOW COLUMNS FROM `tutor_log` [ RunTime:0.008939s ]
INFO: [ view_parse ] --START--
INFO: ParseTemplate Behavior ::run [ RunTime:0.020837s ]
INFO: [ view_parse ] --END-- [ RunTime:0.020925s ]
INFO: [ view_filter ] --START--
INFO: ContentReplace Behavior ::run [ RunTime:0.000417s ]
INFO: TokenBuild Behavior ::run [ RunTime:0.000427s ]
INFO: WriteHtmlCache Behavior ::run [ RunTime:0.000318s ]
INFO: ShowRuntime Behavior ::run [ RunTime:0.000514s ]
INFO: [ view_filter ] --END-- [ RunTime:0.001870s ]
INFO: [ view_end ] --START--
INFO: ShowPageTrace Behavior ::run [ RunTime:0.025538s ]
INFO: [ view_end ] --END-- [ RunTime:0.025622s ]

[ 2014-12-19T10:56:43+08:00 ] 61.135.190.198 /admin.php/admin/index/public_sessionLife.html
INFO: [ route_check ] --START--
INFO: CheckRoute Behavior ::run [ RunTime:0.000883s ]
INFO: [ route_check ] --END-- [ RunTime:0.000992s ]
INFO: [ app_begin ] --START--
INFO: ReadHtmlCache Behavior ::run [ RunTime:0.000625s ]
INFO: [ app_begin ] --END-- [ RunTime:0.000704s ]
SQL: SHOW COLUMNS FROM `tutor_admin_role_priv` [ RunTime:0.001586s ]
SQL: SHOW COLUMNS FROM `tutor_log` [ RunTime:0.001240s ]
INFO: [ view_parse ] --START--
INFO: ParseTemplate Behavior ::run [ RunTime:0.008834s ]
INFO: [ view_parse ] --END-- [ RunTime:0.008927s ]
INFO: [ view_filter ] --START--
INFO: ContentReplace Behavior ::run [ RunTime:0.000436s ]
INFO: TokenBuild Behavior ::run [ RunTime:0.000447s ]
INFO: WriteHtmlCache Behavior ::run [ RunTime:0.000320s ]
INFO: ShowRuntime Behavior ::run [ RunTime:0.000545s ]
INFO: [ view_filter ] --END-- [ RunTime:0.001960s ]
INFO: [ view_end ] --START--
INFO: ShowPageTrace Behavior ::run [ RunTime:0.000721s ]
INFO: [ view_end ] --END-- [ RunTime:0.000795s ]

[ 2014-12-19T10:59:04+08:00 ] 61.135.190.199 /admin.php/admin/content/article_list.html
INFO: [ route_check ] --START--
INFO: CheckRoute Behavior ::run [ RunTime:0.000894s ]
INFO: [ route_check ] --END-- [ RunTime:0.001007s ]
INFO: [ app_begin ] --START--
INFO: ReadHtmlCache Behavior ::run [ RunTime:0.000936s ]
INFO: [ app_begin ] --END-- [ RunTime:0.001057s ]
SQL: SHOW COLUMNS FROM `tutor_admin_role_priv` [ RunTime:0.001654s ]
SQL: SHOW COLUMNS FROM `tutor_log` [ RunTime:0.001301s ]
INFO: [ view_parse ] --START--
INFO: ParseTemplate Behavior ::run [ RunTime:0.008204s ]
INFO: [ view_parse ] --END-- [ RunTime:0.008304s ]
INFO: [ view_filter ] --START--
INFO: ContentReplace Behavior ::run [ RunTime:0.000434s ]
INFO: TokenBuild Behavior ::run [ RunTime:0.000431s ]
INFO: WriteHtmlCache Behavior ::run [ RunTime:0.000329s ]
INFO: ShowRuntime Behavior ::run [ RunTime:0.000520s ]
INFO: [ view_filter ] --END-- [ RunTime:0.001926s ]
INFO: [ view_end ] --START--
INFO: ShowPageTrace Behavior ::run [ RunTime:0.000697s ]
INFO: [ view_end ] --END-- [ RunTime:0.000769s ]

[ 2014-12-19T11:45:45+08:00 ] 171.107.29.120 /admin.php/admin/index/index.html
INFO: [ route_check ] --START--
INFO: CheckRoute Behavior ::run [ RunTime:0.000985s ]
INFO: [ route_check ] --END-- [ RunTime:0.001163s ]
INFO: [ app_begin ] --START--
INFO: ReadHtmlCache Behavior ::run [ RunTime:0.000648s ]
INFO: [ app_begin ] --END-- [ RunTime:0.000733s ]
SQL: SHOW COLUMNS FROM `tutor_admin_role_priv` [ RunTime:0.001885s ]
SQL: SHOW COLUMNS FROM `tutor_log` [ RunTime:0.001511s ]
INFO: [ view_parse ] --START--
INFO: ParseTemplate Behavior ::run [ RunTime:0.008854s ]
INFO: [ view_parse ] --END-- [ RunTime:0.008953s ]
INFO: [ view_filter ] --START--
INFO: ContentReplace Behavior ::run [ RunTime:0.000431s ]
INFO: TokenBuild Behavior ::run [ RunTime:0.000452s ]
INFO: WriteHtmlCache Behavior ::run [ RunTime:0.000327s ]
INFO: ShowRuntime Behavior ::run [ RunTime:0.000528s ]
INFO: [ view_filter ] --END-- [ RunTime:0.001993s ]
INFO: [ view_end ] --START--
INFO: ShowPageTrace Behavior ::run [ RunTime:0.000755s ]
INFO: [ view_end ] --END-- [ RunTime:0.000827s ]

[ 2014-12-19T11:45:48+08:00 ] 171.107.29.120 /admin.php/admin/index/login.html
INFO: [ route_check ] --START--
INFO: CheckRoute Behavior ::run [ RunTime:0.000896s ]
INFO: [ route_check ] --END-- [ RunTime:0.001014s ]
INFO: [ app_begin ] --START--
INFO: ReadHtmlCache Behavior ::run [ RunTime:0.000629s ]
INFO: [ app_begin ] --END-- [ RunTime:0.000705s ]
SQL: SHOW COLUMNS FROM `tutor_admin_role_priv` [ RunTime:0.001053s ]
SQL: SHOW COLUMNS FROM `tutor_log` [ RunTime:0.000807s ]
SQL: SHOW COLUMNS FROM `tutor_admin` [ RunTime:0.001794s ]
SQL: SHOW COLUMNS FROM `tutor_admin_role` [ RunTime:0.001443s ]
SQL: SHOW COLUMNS FROM `tutor_times` [ RunTime:0.001591s ]
SQL: SHOW COLUMNS FROM `tutor_menu` [ RunTime:0.001072s ]
NOTIC: 建议使用I方法替代_get
INFO: [ view_parse ] --START--
INFO: ParseTemplate Behavior ::run [ RunTime:0.022512s ]
INFO: [ view_parse ] --END-- [ RunTime:0.022617s ]
INFO: [ view_filter ] --START--
INFO: ContentReplace Behavior ::run [ RunTime:0.000447s ]
INFO: TokenBuild Behavior ::run [ RunTime:0.000437s ]
INFO: WriteHtmlCache Behavior ::run [ RunTime:0.000326s ]
INFO: ShowRuntime Behavior ::run [ RunTime:0.000528s ]
INFO: [ view_filter ] --END-- [ RunTime:0.001943s ]
INFO: [ view_end ] --START--
INFO: ShowPageTrace Behavior ::run [ RunTime:0.000784s ]
INFO: [ view_end ] --END-- [ RunTime:0.000856s ]

[ 2014-12-19T11:45:56+08:00 ] 171.107.29.120 /admin.php/admin/index/login/dosubmit/1.html
INFO: [ route_check ] --START--
INFO: CheckRoute Behavior ::run [ RunTime:0.001315s ]
INFO: [ route_check ] --END-- [ RunTime:0.001451s ]
INFO: [ app_begin ] --START--
INFO: ReadHtmlCache Behavior ::run [ RunTime:0.000903s ]
INFO: [ app_begin ] --END-- [ RunTime:0.001010s ]
SQL: SHOW COLUMNS FROM `tutor_admin_role_priv` [ RunTime:0.001416s ]
SQL: SHOW COLUMNS FROM `tutor_log` [ RunTime:0.001212s ]
SQL: SHOW COLUMNS FROM `tutor_admin` [ RunTime:0.001261s ]
SQL: SHOW COLUMNS FROM `tutor_admin_role` [ RunTime:0.001091s ]
SQL: SHOW COLUMNS FROM `tutor_times` [ RunTime:0.001086s ]
SQL: SHOW COLUMNS FROM `tutor_menu` [ RunTime:0.001152s ]
NOTIC: 建议使用I方法替代_get
NOTIC: 建议使用I方法替代_post
NOTIC: 建议使用I方法替代_post
SQL: SELECT * FROM `tutor_times` WHERE ( `username` = 'adc' ) AND ( `isadmin` = 1 ) LIMIT 1   [ RunTime:0.001046s ]
SQL: SELECT * FROM `tutor_admin` WHERE ( `username` = 'adc' ) LIMIT 1   [ RunTime:0.000730s ]
SQL: DELETE FROM `tutor_times` WHERE ( `username` = 'adc' ) [ RunTime:0.000339s ]
NOTIC: [8] Use of undefined constant SYS_TIME - assumed 'SYS_TIME' /home/aijiajia/public_html/Admin/Modules/Admin/Action/IndexAction.class.php 第 68 行.
NOTIC: [8] Use of undefined constant SYS_TIME - assumed 'SYS_TIME' /home/aijiajia/public_html/Admin/Modules/Admin/Action/IndexAction.class.php 第 68 行.
SQL: UPDATE `tutor_admin` SET `lastloginip`='171.107.29.120',`lastlogintime`=0,`lastlifetime`=0 WHERE ( `userid` = 2 ) [ RunTime:0.000399s ]

[ 2014-12-19T11:45:56+08:00 ] 171.107.29.120 /admin.php/admin/index/index.html
INFO: [ route_check ] --START--
INFO: CheckRoute Behavior ::run [ RunTime:0.000880s ]
INFO: [ route_check ] --END-- [ RunTime:0.000990s ]
INFO: [ app_begin ] --START--
INFO: ReadHtmlCache Behavior ::run [ RunTime:0.000607s ]
INFO: [ app_begin ] --END-- [ RunTime:0.000683s ]
SQL: SHOW COLUMNS FROM `tutor_admin_role_priv` [ RunTime:0.001141s ]
SQL: SHOW COLUMNS FROM `tutor_log` [ RunTime:0.000826s ]
SQL: SHOW COLUMNS FROM `tutor_admin` [ RunTime:0.000859s ]
SQL: SHOW COLUMNS FROM `tutor_admin_role` [ RunTime:0.000726s ]
SQL: SHOW COLUMNS FROM `tutor_times` [ RunTime:0.001650s ]
SQL: SHOW COLUMNS FROM `tutor_menu` [ RunTime:0.000927s ]
SQL: SELECT `rolename` FROM `tutor_admin_role` WHERE ( `roleid` = 1 ) LIMIT 1   [ RunTime:0.000896s ]
NOTIC: [8] Use of undefined constant SYS_TIME - assumed 'SYS_TIME' /home/aijiajia/public_html/Admin/Modules/Admin/Action/IndexAction.class.php 第 18 行.
SQL: UPDATE `tutor_admin` SET `lastlifetime`=0 WHERE ( `userid` = 2 ) [ RunTime:0.000261s ]
SQL: SELECT * FROM `tutor_menu` WHERE ( `parentid` = 0 ) AND ( `display` = 1 ) ORDER BY `listorder` ASC LIMIT 1000   [ RunTime:0.000743s ]
SQL: SELECT `lastlogintime`,`lastloginip` FROM `tutor_admin` WHERE ( `userid` = 2 ) LIMIT 1   [ RunTime:0.000271s ]
INFO: [ view_parse ] --START--
NOTIC: [8] Use of undefined constant lastlogintime - assumed 'lastlogintime' /home/aijiajia/public_html/Admin/Runtime/Cache/Admin/5bd0925e25bf58793df33dc58ca05648.php 第 62 行.
INFO: ParseTemplate Behavior ::run [ RunTime:0.043409s ]
INFO: [ view_parse ] --END-- [ RunTime:0.043534s ]
INFO: [ view_filter ] --START--
INFO: ContentReplace Behavior ::run [ RunTime:0.000685s ]
INFO: TokenBuild Behavior ::run [ RunTime:0.000710s ]
INFO: WriteHtmlCache Behavior ::run [ RunTime:0.000495s ]
INFO: ShowRuntime Behavior ::run [ RunTime:0.000801s ]
INFO: [ view_filter ] --END-- [ RunTime:0.002999s ]
INFO: [ view_end ] --START--
INFO: ShowPageTrace Behavior ::run [ RunTime:0.001029s ]
INFO: [ view_end ] --END-- [ RunTime:0.001129s ]

[ 2014-12-19T11:45:57+08:00 ] 171.107.29.120 /admin.php/admin/index/public_main.html?_=1418960817839
INFO: [ route_check ] --START--
INFO: CheckRoute Behavior ::run [ RunTime:0.001135s ]
INFO: [ route_check ] --END-- [ RunTime:0.001253s ]
INFO: [ app_begin ] --START--
INFO: ReadHtmlCache Behavior ::run [ RunTime:0.000596s ]
INFO: [ app_begin ] --END-- [ RunTime:0.000664s ]
SQL: SHOW COLUMNS FROM `tutor_admin_role_priv` [ RunTime:0.001459s ]
SQL: SHOW COLUMNS FROM `tutor_log` [ RunTime:0.001195s ]
SQL: SHOW COLUMNS FROM `tutor_admin` [ RunTime:0.001217s ]
SQL: SHOW COLUMNS FROM `tutor_admin_role` [ RunTime:0.002282s ]
SQL: SHOW COLUMNS FROM `tutor_times` [ RunTime:0.007686s ]
SQL: SHOW COLUMNS FROM `tutor_menu` [ RunTime:0.000884s ]
SQL: SELECT `rolename` FROM `tutor_admin_role` WHERE ( `roleid` = 1 ) LIMIT 1   [ RunTime:0.000146s ]
SQL: SELECT * FROM `tutor_admin` WHERE ( `userid` = 2 ) LIMIT 1   [ RunTime:0.000339s ]
NOTIC: [8] Undefined index:  act /home/aijiajia/public_html/Admin/Common/Func/Sys.func.php 第 4 行.
NOTIC: [2] file() [<a href='function.file'>function.file</a>]: open_basedir restriction in effect. File(/proc/cpuinfo) is not within the allowed path(s): (/home/aijiajia:/usr/lib/php:/usr/php4/lib/php:/usr/local/lib/php:/usr/local/php4/lib/php:/tmp) /home/aijiajia/public_html/Admin/Common/Func/Sys.func.php 第 111 行.
NOTIC: [2] file(/proc/cpuinfo) [<a href='function.file'>function.file</a>]: failed to open stream: Operation not permitted /home/aijiajia/public_html/Admin/Common/Func/Sys.func.php 第 111 行.
NOTIC: [8] Undefined index:  memUsed /home/aijiajia/public_html/Admin/Common/Func/Sys.func.php 第 23 行.
NOTIC: [8] Undefined index:  memFree /home/aijiajia/public_html/Admin/Common/Func/Sys.func.php 第 23 行.
NOTIC: [8] Undefined index:  memPercent /home/aijiajia/public_html/Admin/Common/Func/Sys.func.php 第 23 行.
NOTIC: [8] Undefined index:  memCached /home/aijiajia/public_html/Admin/Common/Func/Sys.func.php 第 23 行.
NOTIC: [8] Undefined index:  memRealPercent /home/aijiajia/public_html/Admin/Common/Func/Sys.func.php 第 23 行.
NOTIC: [8] Undefined index:  memCachedPercent /home/aijiajia/public_html/Admin/Common/Func/Sys.func.php 第 23 行.
NOTIC: [8] Undefined index:  swapTotal /home/aijiajia/public_html/Admin/Common/Func/Sys.func.php 第 23 行.
NOTIC: [8] Undefined index:  swapUsed /home/aijiajia/public_html/Admin/Common/Func/Sys.func.php 第 23 行.
NOTIC: [8] Undefined index:  swapFree /home/aijiajia/public_html/Admin/Common/Func/Sys.func.php 第 23 行.
NOTIC: [8] Undefined index:  swapPercent /home/aijiajia/public_html/Admin/Common/Func/Sys.func.php 第 23 行.
NOTIC: [2] file() [<a href='function.file'>function.file</a>]: open_basedir restriction in effect. File(/proc/net/dev) is not within the allowed path(s): (/home/aijiajia:/usr/lib/php:/usr/php4/lib/php:/usr/local/lib/php:/usr/local/php4/lib/php:/tmp) /home/aijiajia/public_html/Admin/Common/Func/Sys.func.php 第 31 行.
NOTIC: [2] file(/proc/net/dev) [<a href='function.file'>function.file</a>]: failed to open stream: Operation not permitted /home/aijiajia/public_html/Admin/Common/Func/Sys.func.php 第 31 行.
NOTIC: [8] Undefined index:  memBuffers /home/aijiajia/public_html/Admin/Common/Func/Sys.func.php 第 51 行.
NOTIC: [8] Undefined index:  memRealUsed /home/aijiajia/public_html/Admin/Common/Func/Sys.func.php 第 56 行.
NOTIC: [8] Undefined index:  memRealFree /home/aijiajia/public_html/Admin/Common/Func/Sys.func.php 第 57 行.
NOTIC: [8] Undefined offset:  2 /home/aijiajia/public_html/Admin/Common/Func/Sys.func.php 第 80 行.
NOTIC: [8] Undefined offset:  3 /home/aijiajia/public_html/Admin/Common/Func/Sys.func.php 第 81 行.
NOTIC: [8] Undefined offset:  4 /home/aijiajia/public_html/Admin/Common/Func/Sys.func.php 第 82 行.
NOTIC: [8] Undefined offset:  5 /home/aijiajia/public_html/Admin/Common/Func/Sys.func.php 第 83 行.
NOTIC: [8] Undefined offset:  6 /home/aijiajia/public_html/Admin/Common/Func/Sys.func.php 第 84 行.
NOTIC: [8] Undefined offset:  7 /home/aijiajia/public_html/Admin/Common/Func/Sys.func.php 第 85 行.
NOTIC: [8] Undefined offset:  8 /home/aijiajia/public_html/Admin/Common/Func/Sys.func.php 第 86 行.
NOTIC: [8] Undefined offset:  9 /home/aijiajia/public_html/Admin/Common/Func/Sys.func.php 第 87 行.
NOTIC: [8] Undefined offset:  10 /home/aijiajia/public_html/Admin/Common/Func/Sys.func.php 第 88 行.
NOTIC: [8] Undefined variable: NetInput /home/aijiajia/public_html/Admin/Common/Func/Sys.func.php 第 89 行.
NOTIC: [8] Undefined variable: NetInput /home/aijiajia/public_html/Admin/Common/Func/Sys.func.php 第 90 行.
NOTIC: [8] Undefined variable: NetInput /home/aijiajia/public_html/Admin/Common/Func/Sys.func.php 第 91 行.
NOTIC: [8] Undefined variable: NetInput /home/aijiajia/public_html/Admin/Common/Func/Sys.func.php 第 92 行.
NOTIC: [8] Undefined variable: NetInput /home/aijiajia/public_html/Admin/Common/Func/Sys.func.php 第 93 行.
NOTIC: [8] Undefined variable: NetInput /home/aijiajia/public_html/Admin/Common/Func/Sys.func.php 第 94 行.
NOTIC: [8] Undefined variable: NetInput /home/aijiajia/public_html/Admin/Common/Func/Sys.func.php 第 95 行.
NOTIC: [8] Undefined variable: NetInput /home/aijiajia/public_html/Admin/Common/Func/Sys.func.php 第 96 行.
NOTIC: [8] Undefined variable: NetInput /home/aijiajia/public_html/Admin/Common/Func/Sys.func.php 第 97 行.
NOTIC: [2] php_uname() has been disabled for security reasons /home/aijiajia/public_html/Admin/Modules/Admin/Action/IndexAction.class.php 第 132 行.
SQL: SELECT `username`,`realname` FROM `tutor_admin` WHERE ( `lastlifetime` >= 1418960457 ) ORDER BY lastlifetime desc  [ RunTime:0.000309s ]
INFO: [ view_parse ] --START--
INFO: ParseTemplate Behavior ::run [ RunTime:0.013632s ]
INFO: [ view_parse ] --END-- [ RunTime:0.013719s ]
INFO: [ view_filter ] --START--
INFO: ContentReplace Behavior ::run [ RunTime:0.000462s ]
INFO: TokenBuild Behavior ::run [ RunTime:0.000445s ]
INFO: WriteHtmlCache Behavior ::run [ RunTime:0.000340s ]
INFO: ShowRuntime Behavior ::run [ RunTime:0.000528s ]
INFO: [ view_filter ] --END-- [ RunTime:0.001965s ]
INFO: [ view_end ] --START--
INFO: ShowPageTrace Behavior ::run [ RunTime:0.000724s ]
INFO: [ view_end ] --END-- [ RunTime:0.000789s ]

[ 2014-12-19T11:45:57+08:00 ] 171.107.29.120 /admin.php/admin/index/public_menuLeft.html
INFO: [ route_check ] --START--
INFO: CheckRoute Behavior ::run [ RunTime:0.000963s ]
INFO: [ route_check ] --END-- [ RunTime:0.001134s ]
INFO: [ app_begin ] --START--
INFO: ReadHtmlCache Behavior ::run [ RunTime:0.000648s ]
INFO: [ app_begin ] --END-- [ RunTime:0.000725s ]
SQL: SHOW COLUMNS FROM `tutor_admin_role_priv` [ RunTime:0.001406s ]
SQL: SHOW COLUMNS FROM `tutor_log` [ RunTime:0.001236s ]
SQL: SHOW COLUMNS FROM `tutor_admin` [ RunTime:0.001242s ]
SQL: SHOW COLUMNS FROM `tutor_admin_role` [ RunTime:0.001103s ]
SQL: SHOW COLUMNS FROM `tutor_times` [ RunTime:0.001046s ]
SQL: SHOW COLUMNS FROM `tutor_menu` [ RunTime:0.001147s ]
SQL: SELECT * FROM `tutor_menu` WHERE ( `parentid` = 1 ) AND ( `display` = 1 ) ORDER BY `listorder` ASC LIMIT 1000   [ RunTime:0.000564s ]
SQL: SELECT * FROM `tutor_menu` WHERE ( `parentid` = 6 ) AND ( `display` = 1 ) ORDER BY `listorder` ASC LIMIT 1000   [ RunTime:0.000535s ]

[ 2014-12-19T11:46:00+08:00 ] 171.107.29.120 /admin.php/admin/index/public_menuLeft.html
INFO: [ route_check ] --START--
INFO: CheckRoute Behavior ::run [ RunTime:0.000842s ]
INFO: [ route_check ] --END-- [ RunTime:0.000949s ]
INFO: [ app_begin ] --START--
INFO: ReadHtmlCache Behavior ::run [ RunTime:0.000590s ]
INFO: [ app_begin ] --END-- [ RunTime:0.000659s ]
SQL: SHOW COLUMNS FROM `tutor_admin_role_priv` [ RunTime:0.001078s ]
SQL: SHOW COLUMNS FROM `tutor_log` [ RunTime:0.000814s ]
SQL: SHOW COLUMNS FROM `tutor_admin` [ RunTime:0.000889s ]
SQL: SHOW COLUMNS FROM `tutor_admin_role` [ RunTime:0.000747s ]
SQL: SHOW COLUMNS FROM `tutor_times` [ RunTime:0.000731s ]
SQL: SHOW COLUMNS FROM `tutor_menu` [ RunTime:0.000819s ]
SQL: SELECT * FROM `tutor_menu` WHERE ( `parentid` = 4 ) AND ( `display` = 1 ) ORDER BY `listorder` ASC LIMIT 1000   [ RunTime:0.000421s ]
SQL: SELECT * FROM `tutor_menu` WHERE ( `parentid` = 25 ) AND ( `display` = 1 ) ORDER BY `listorder` ASC LIMIT 1000   [ RunTime:0.000368s ]

[ 2014-12-19T11:46:02+08:00 ] 171.107.29.120 /admin.php/admin/user/recruit_list/menuid/46.html?_=1418960817840
INFO: [ route_check ] --START--
INFO: CheckRoute Behavior ::run [ RunTime:0.001265s ]
INFO: [ route_check ] --END-- [ RunTime:0.001402s ]
INFO: [ app_begin ] --START--
INFO: ReadHtmlCache Behavior ::run [ RunTime:0.000893s ]
INFO: [ app_begin ] --END-- [ RunTime:0.000997s ]
SQL: SHOW COLUMNS FROM `tutor_admin_role_priv` [ RunTime:0.001073s ]
SQL: SHOW COLUMNS FROM `tutor_log` [ RunTime:0.000871s ]
SQL: SHOW COLUMNS FROM `tutor_menu` [ RunTime:0.000828s ]
SQL: SHOW COLUMNS FROM `tutor_company` [ RunTime:0.001173s ]
SQL: SHOW COLUMNS FROM `tutor_member` [ RunTime:0.001014s ]
SQL: SHOW COLUMNS FROM `tutor_lesson` [ RunTime:0.001044s ]
SQL: SHOW COLUMNS FROM `tutor_recruit` [ RunTime:0.001071s ]
SQL: SELECT * FROM `tutor_menu` WHERE ( `id` = 46 ) LIMIT 1   [ RunTime:0.000587s ]
SQL: SELECT * FROM `tutor_menu` WHERE ( `id` = 25 ) LIMIT 1   [ RunTime:0.000390s ]
SQL: SELECT * FROM `tutor_menu` WHERE ( `id` = 4 ) LIMIT 1   [ RunTime:0.000347s ]
NOTIC: [8] Use of undefined constant currentpos - assumed 'currentpos' /home/aijiajia/public_html/Admin/Modules/Admin/Action/UserAction.class.php 第 140 行.
INFO: [ view_parse ] --START--
NOTIC: [8] Undefined variable: adminList /home/aijiajia/public_html/Admin/Runtime/Cache/Admin/a9256fd34fde899560f260918cb3fa71.php 第 21 行.
NOTIC: [8] Undefined variable: moduleList /home/aijiajia/public_html/Admin/Runtime/Cache/Admin/a9256fd34fde899560f260918cb3fa71.php 第 26 行.
INFO: ParseTemplate Behavior ::run [ RunTime:0.021595s ]
INFO: [ view_parse ] --END-- [ RunTime:0.021722s ]
INFO: [ view_filter ] --START--
INFO: ContentReplace Behavior ::run [ RunTime:0.000649s ]
INFO: TokenBuild Behavior ::run [ RunTime:0.000647s ]
INFO: WriteHtmlCache Behavior ::run [ RunTime:0.000521s ]
INFO: ShowRuntime Behavior ::run [ RunTime:0.000722s ]
INFO: [ view_filter ] --END-- [ RunTime:0.002798s ]
INFO: [ view_end ] --START--
INFO: ShowPageTrace Behavior ::run [ RunTime:0.000680s ]
INFO: [ view_end ] --END-- [ RunTime:0.000755s ]

[ 2014-12-19T11:46:03+08:00 ] 171.107.29.120 /admin.php/admin/user/recruit_list.html
INFO: [ route_check ] --START--
INFO: CheckRoute Behavior ::run [ RunTime:0.000863s ]
INFO: [ route_check ] --END-- [ RunTime:0.000965s ]
INFO: [ app_begin ] --START--
INFO: ReadHtmlCache Behavior ::run [ RunTime:0.000593s ]
INFO: [ app_begin ] --END-- [ RunTime:0.000663s ]
SQL: SHOW COLUMNS FROM `tutor_admin_role_priv` [ RunTime:0.001084s ]
SQL: SHOW COLUMNS FROM `tutor_log` [ RunTime:0.000794s ]
SQL: SHOW COLUMNS FROM `tutor_menu` [ RunTime:0.000807s ]
SQL: SHOW COLUMNS FROM `tutor_company` [ RunTime:0.001123s ]
SQL: SHOW COLUMNS FROM `tutor_member` [ RunTime:0.000973s ]
SQL: SHOW COLUMNS FROM `tutor_lesson` [ RunTime:0.001004s ]
SQL: SHOW COLUMNS FROM `tutor_recruit` [ RunTime:0.000785s ]
SQL: SELECT COUNT(*) AS tp_count FROM `tutor_recruit` LIMIT 1   [ RunTime:0.000257s ]
SQL: SELECT * FROM `tutor_recruit` ORDER BY id DESC LIMIT 0,10   [ RunTime:0.000303s ]
SQL: SELECT `c_abbr` FROM `tutor_company` WHERE ( `cid` = '0' ) LIMIT 1   [ RunTime:0.000280s ]
SQL: SELECT `c_abbr` FROM `tutor_company` WHERE ( `cid` = '0' ) LIMIT 1   [ RunTime:0.000101s ]
SQL: SELECT `c_abbr` FROM `tutor_company` WHERE ( `cid` = '0' ) LIMIT 1   [ RunTime:0.000103s ]
SQL: SELECT `c_abbr` FROM `tutor_company` WHERE ( `cid` = '0' ) LIMIT 1   [ RunTime:0.000089s ]

[ 2014-12-19T11:46:05+08:00 ] 171.107.29.120 /admin.php/admin/user/recruit_operate.html?_=1418960817841
INFO: [ route_check ] --START--
INFO: CheckRoute Behavior ::run [ RunTime:0.000860s ]
INFO: [ route_check ] --END-- [ RunTime:0.000955s ]
INFO: [ app_begin ] --START--
INFO: ReadHtmlCache Behavior ::run [ RunTime:0.000615s ]
INFO: [ app_begin ] --END-- [ RunTime:0.000683s ]
SQL: SHOW COLUMNS FROM `tutor_admin_role_priv` [ RunTime:0.001027s ]
SQL: SHOW COLUMNS FROM `tutor_log` [ RunTime:0.000947s ]
SQL: SHOW COLUMNS FROM `tutor_menu` [ RunTime:0.000860s ]
SQL: SHOW COLUMNS FROM `tutor_company` [ RunTime:0.001219s ]
SQL: SHOW COLUMNS FROM `tutor_member` [ RunTime:0.001039s ]
SQL: SHOW COLUMNS FROM `tutor_lesson` [ RunTime:0.001046s ]
SQL: SHOW COLUMNS FROM `tutor_recruit` [ RunTime:0.000855s ]
SQL: SELECT * FROM `tutor_menu` WHERE ( `id` = 0 ) LIMIT 1   [ RunTime:0.000304s ]
SQL: SELECT * FROM `tutor_recruit` WHERE ( `id` = 0 ) LIMIT 1   [ RunTime:0.000272s ]
NOTIC: [8] Use of undefined constant currentpos - assumed 'currentpos' /home/aijiajia/public_html/Admin/Modules/Admin/Action/UserAction.class.php 第 182 行.
INFO: [ view_parse ] --START--
INFO: ParseTemplate Behavior ::run [ RunTime:0.022437s ]
INFO: [ view_parse ] --END-- [ RunTime:0.022568s ]
INFO: [ view_filter ] --START--
INFO: ContentReplace Behavior ::run [ RunTime:0.000632s ]
INFO: TokenBuild Behavior ::run [ RunTime:0.000716s ]
INFO: WriteHtmlCache Behavior ::run [ RunTime:0.000524s ]
INFO: ShowRuntime Behavior ::run [ RunTime:0.000770s ]
INFO: [ view_filter ] --END-- [ RunTime:0.002931s ]
INFO: [ view_end ] --START--
INFO: ShowPageTrace Behavior ::run [ RunTime:0.001051s ]
INFO: [ view_end ] --END-- [ RunTime:0.001150s ]

[ 2014-12-19T11:47:17+08:00 ] 171.107.29.120 /admin.php/admin/user/recruit_operate/action/other.html
INFO: [ route_check ] --START--
INFO: CheckRoute Behavior ::run [ RunTime:0.000986s ]
INFO: [ route_check ] --END-- [ RunTime:0.001180s ]
INFO: [ app_begin ] --START--
INFO: ReadHtmlCache Behavior ::run [ RunTime:0.000628s ]
INFO: [ app_begin ] --END-- [ RunTime:0.000712s ]
SQL: SHOW COLUMNS FROM `tutor_admin_role_priv` [ RunTime:0.001496s ]
SQL: SHOW COLUMNS FROM `tutor_log` [ RunTime:0.001223s ]
SQL: SHOW COLUMNS FROM `tutor_menu` [ RunTime:0.001184s ]
SQL: SHOW COLUMNS FROM `tutor_company` [ RunTime:0.001656s ]
SQL: SHOW COLUMNS FROM `tutor_member` [ RunTime:0.001479s ]
SQL: SHOW COLUMNS FROM `tutor_lesson` [ RunTime:0.001515s ]
SQL: SHOW COLUMNS FROM `tutor_recruit` [ RunTime:0.001190s ]
SQL: INSERT INTO `tutor_recruit` (`content`,`tel`,`email`,`cid`,`push_time`) VALUES ('求数学老师，急需要数学老师，如果有意愿，请及时联系我们','18977086393','',0,'2014-12-19') [ RunTime:0.000695s ]
NOTIC: [8] Use of undefined constant fales - assumed 'fales' /home/aijiajia/public_html/Admin/Modules/Admin/Action/UserAction.class.php 第 173 行.

[ 2014-12-19T11:47:19+08:00 ] 171.107.29.120 /admin.php/admin/user/recruit_list/menuid/46.html?_=1418960817842
INFO: [ route_check ] --START--
INFO: CheckRoute Behavior ::run [ RunTime:0.000898s ]
INFO: [ route_check ] --END-- [ RunTime:0.001020s ]
INFO: [ app_begin ] --START--
INFO: ReadHtmlCache Behavior ::run [ RunTime:0.000612s ]
INFO: [ app_begin ] --END-- [ RunTime:0.000683s ]
SQL: SHOW COLUMNS FROM `tutor_admin_role_priv` [ RunTime:0.001385s ]
SQL: SHOW COLUMNS FROM `tutor_log` [ RunTime:0.006949s ]
SQL: SHOW COLUMNS FROM `tutor_menu` [ RunTime:0.001273s ]
SQL: SHOW COLUMNS FROM `tutor_company` [ RunTime:0.001683s ]
SQL: SHOW COLUMNS FROM `tutor_member` [ RunTime:0.001500s ]
SQL: SHOW COLUMNS FROM `tutor_lesson` [ RunTime:0.001517s ]
SQL: SHOW COLUMNS FROM `tutor_recruit` [ RunTime:0.001161s ]
SQL: SELECT * FROM `tutor_menu` WHERE ( `id` = 46 ) LIMIT 1   [ RunTime:0.000177s ]
SQL: SELECT * FROM `tutor_menu` WHERE ( `id` = 25 ) LIMIT 1   [ RunTime:0.000143s ]
SQL: SELECT * FROM `tutor_menu` WHERE ( `id` = 4 ) LIMIT 1   [ RunTime:0.000136s ]
NOTIC: [8] Use of undefined constant currentpos - assumed 'currentpos' /home/aijiajia/public_html/Admin/Modules/Admin/Action/UserAction.class.php 第 140 行.
INFO: [ view_parse ] --START--
NOTIC: [8] Undefined variable: adminList /home/aijiajia/public_html/Admin/Runtime/Cache/Admin/a9256fd34fde899560f260918cb3fa71.php 第 21 行.
NOTIC: [8] Undefined variable: moduleList /home/aijiajia/public_html/Admin/Runtime/Cache/Admin/a9256fd34fde899560f260918cb3fa71.php 第 26 行.
INFO: ParseTemplate Behavior ::run [ RunTime:0.017975s ]
INFO: [ view_parse ] --END-- [ RunTime:0.018063s ]
INFO: [ view_filter ] --START--
INFO: ContentReplace Behavior ::run [ RunTime:0.000437s ]
INFO: TokenBuild Behavior ::run [ RunTime:0.000440s ]
INFO: WriteHtmlCache Behavior ::run [ RunTime:0.000718s ]
INFO: ShowRuntime Behavior ::run [ RunTime:0.000807s ]
INFO: [ view_filter ] --END-- [ RunTime:0.002637s ]
INFO: [ view_end ] --START--
INFO: ShowPageTrace Behavior ::run [ RunTime:0.001044s ]
INFO: [ view_end ] --END-- [ RunTime:0.001145s ]

[ 2014-12-19T11:47:19+08:00 ] 171.107.29.120 /admin.php/admin/user/recruit_list/menuid/46.html?_=1418960817843
INFO: [ route_check ] --START--
INFO: CheckRoute Behavior ::run [ RunTime:0.010019s ]
INFO: [ route_check ] --END-- [ RunTime:0.010261s ]
INFO: [ app_begin ] --START--
INFO: ReadHtmlCache Behavior ::run [ RunTime:0.000945s ]
INFO: [ app_begin ] --END-- [ RunTime:0.001065s ]
SQL: SHOW COLUMNS FROM `tutor_admin_role_priv` [ RunTime:0.001242s ]
SQL: SHOW COLUMNS FROM `tutor_log` [ RunTime:0.001229s ]
SQL: SHOW COLUMNS FROM `tutor_menu` [ RunTime:0.001221s ]
SQL: SHOW COLUMNS FROM `tutor_company` [ RunTime:0.002439s ]
SQL: SHOW COLUMNS FROM `tutor_member` [ RunTime:0.001518s ]
SQL: SHOW COLUMNS FROM `tutor_lesson` [ RunTime:0.001547s ]
SQL: SHOW COLUMNS FROM `tutor_recruit` [ RunTime:0.001232s ]
SQL: SELECT * FROM `tutor_menu` WHERE ( `id` = 46 ) LIMIT 1   [ RunTime:0.000187s ]
SQL: SELECT * FROM `tutor_menu` WHERE ( `id` = 25 ) LIMIT 1   [ RunTime:0.000166s ]
SQL: SELECT * FROM `tutor_menu` WHERE ( `id` = 4 ) LIMIT 1   [ RunTime:0.000153s ]
NOTIC: [8] Use of undefined constant currentpos - assumed 'currentpos' /home/aijiajia/public_html/Admin/Modules/Admin/Action/UserAction.class.php 第 140 行.
INFO: [ view_parse ] --START--
NOTIC: [8] Undefined variable: adminList /home/aijiajia/public_html/Admin/Runtime/Cache/Admin/a9256fd34fde899560f260918cb3fa71.php 第 21 行.
NOTIC: [8] Undefined variable: moduleList /home/aijiajia/public_html/Admin/Runtime/Cache/Admin/a9256fd34fde899560f260918cb3fa71.php 第 26 行.
INFO: ParseTemplate Behavior ::run [ RunTime:0.014744s ]
INFO: [ view_parse ] --END-- [ RunTime:0.014856s ]
INFO: [ view_filter ] --START--
INFO: ContentReplace Behavior ::run [ RunTime:0.000412s ]
INFO: TokenBuild Behavior ::run [ RunTime:0.000426s ]
INFO: WriteHtmlCache Behavior ::run [ RunTime:0.000359s ]
INFO: ShowRuntime Behavior ::run [ RunTime:0.000512s ]
INFO: [ view_filter ] --END-- [ RunTime:0.001949s ]
INFO: [ view_end ] --START--
INFO: ShowPageTrace Behavior ::run [ RunTime:0.000675s ]
INFO: [ view_end ] --END-- [ RunTime:0.000741s ]

[ 2014-12-19T11:47:21+08:00 ] 171.107.29.120 /admin.php/admin/user/recruit_list.html
INFO: [ route_check ] --START--
INFO: CheckRoute Behavior ::run [ RunTime:0.001275s ]
INFO: [ route_check ] --END-- [ RunTime:0.001433s ]
INFO: [ app_begin ] --START--
INFO: ReadHtmlCache Behavior ::run [ RunTime:0.000881s ]
INFO: [ app_begin ] --END-- [ RunTime:0.000986s ]
SQL: SHOW COLUMNS FROM `tutor_admin_role_priv` [ RunTime:0.001566s ]
SQL: SHOW COLUMNS FROM `tutor_log` [ RunTime:0.001206s ]
SQL: SHOW COLUMNS FROM `tutor_menu` [ RunTime:0.001275s ]
SQL: SHOW COLUMNS FROM `tutor_company` [ RunTime:0.001661s ]
SQL: SHOW COLUMNS FROM `tutor_member` [ RunTime:0.001470s ]
SQL: SHOW COLUMNS FROM `tutor_lesson` [ RunTime:0.001517s ]
SQL: SHOW COLUMNS FROM `tutor_recruit` [ RunTime:0.001197s ]
SQL: SELECT COUNT(*) AS tp_count FROM `tutor_recruit` LIMIT 1   [ RunTime:0.000418s ]
SQL: SELECT * FROM `tutor_recruit` ORDER BY id DESC LIMIT 0,10   [ RunTime:0.000435s ]
SQL: SELECT `c_abbr` FROM `tutor_company` WHERE ( `cid` = '0' ) LIMIT 1   [ RunTime:0.000145s ]
SQL: SELECT `c_abbr` FROM `tutor_company` WHERE ( `cid` = '0' ) LIMIT 1   [ RunTime:0.000185s ]
SQL: SELECT `c_abbr` FROM `tutor_company` WHERE ( `cid` = '0' ) LIMIT 1   [ RunTime:0.000140s ]
SQL: SELECT `c_abbr` FROM `tutor_company` WHERE ( `cid` = '0' ) LIMIT 1   [ RunTime:0.000133s ]
SQL: SELECT `c_abbr` FROM `tutor_company` WHERE ( `cid` = '0' ) LIMIT 1   [ RunTime:0.000143s ]

[ 2014-12-19T11:47:25+08:00 ] 171.107.29.120 /admin.php/admin/user/recruit_operate/action/status.html
INFO: [ route_check ] --START--
INFO: CheckRoute Behavior ::run [ RunTime:0.001120s ]
INFO: [ route_check ] --END-- [ RunTime:0.001238s ]
INFO: [ app_begin ] --START--
INFO: ReadHtmlCache Behavior ::run [ RunTime:0.000601s ]
INFO: [ app_begin ] --END-- [ RunTime:0.000671s ]
SQL: SHOW COLUMNS FROM `tutor_admin_role_priv` [ RunTime:0.001474s ]
SQL: SHOW COLUMNS FROM `tutor_log` [ RunTime:0.001199s ]
SQL: SHOW COLUMNS FROM `tutor_menu` [ RunTime:0.001180s ]
SQL: SHOW COLUMNS FROM `tutor_company` [ RunTime:0.001605s ]
SQL: SHOW COLUMNS FROM `tutor_member` [ RunTime:0.001447s ]
SQL: SHOW COLUMNS FROM `tutor_lesson` [ RunTime:0.001473s ]
SQL: SHOW COLUMNS FROM `tutor_recruit` [ RunTime:0.001159s ]
SQL: SELECT `status` FROM `tutor_recruit` WHERE ( `id` = 5 ) LIMIT 1   [ RunTime:0.000498s ]
SQL: SELECT COUNT(*) AS tp_count FROM `tutor_recruit` WHERE ( `status` = 1 ) LIMIT 1   [ RunTime:0.000487s ]
SQL: UPDATE `tutor_recruit` SET `status`=1 WHERE ( `id` = 5 ) [ RunTime:0.000422s ]

[ 2014-12-19T11:47:26+08:00 ] 171.107.29.120 /admin.php/admin/user/recruit_list/menuid/46.html?_=1418960817844
INFO: [ route_check ] --START--
INFO: CheckRoute Behavior ::run [ RunTime:0.000865s ]
INFO: [ route_check ] --END-- [ RunTime:0.000965s ]
INFO: [ app_begin ] --START--
INFO: ReadHtmlCache Behavior ::run [ RunTime:0.000588s ]
INFO: [ app_begin ] --END-- [ RunTime:0.000657s ]
SQL: SHOW COLUMNS FROM `tutor_admin_role_priv` [ RunTime:0.001534s ]
SQL: SHOW COLUMNS FROM `tutor_log` [ RunTime:0.001249s ]
SQL: SHOW COLUMNS FROM `tutor_menu` [ RunTime:0.001217s ]
SQL: SHOW COLUMNS FROM `tutor_company` [ RunTime:0.001668s ]
SQL: SHOW COLUMNS FROM `tutor_member` [ RunTime:0.001529s ]
SQL: SHOW COLUMNS FROM `tutor_lesson` [ RunTime:0.001730s ]
SQL: SHOW COLUMNS FROM `tutor_recruit` [ RunTime:0.001200s ]
SQL: SELECT * FROM `tutor_menu` WHERE ( `id` = 46 ) LIMIT 1   [ RunTime:0.000169s ]
SQL: SELECT * FROM `tutor_menu` WHERE ( `id` = 25 ) LIMIT 1   [ RunTime:0.000149s ]
SQL: SELECT * FROM `tutor_menu` WHERE ( `id` = 4 ) LIMIT 1   [ RunTime:0.000145s ]
NOTIC: [8] Use of undefined constant currentpos - assumed 'currentpos' /home/aijiajia/public_html/Admin/Modules/Admin/Action/UserAction.class.php 第 140 行.
INFO: [ view_parse ] --START--
NOTIC: [8] Undefined variable: adminList /home/aijiajia/public_html/Admin/Runtime/Cache/Admin/a9256fd34fde899560f260918cb3fa71.php 第 21 行.
NOTIC: [8] Undefined variable: moduleList /home/aijiajia/public_html/Admin/Runtime/Cache/Admin/a9256fd34fde899560f260918cb3fa71.php 第 26 行.
INFO: ParseTemplate Behavior ::run [ RunTime:0.016675s ]
INFO: [ view_parse ] --END-- [ RunTime:0.016786s ]
INFO: [ view_filter ] --START--
INFO: ContentReplace Behavior ::run [ RunTime:0.000619s ]
INFO: TokenBuild Behavior ::run [ RunTime:0.000719s ]
INFO: WriteHtmlCache Behavior ::run [ RunTime:0.000544s ]
INFO: ShowRuntime Behavior ::run [ RunTime:0.000769s ]
INFO: [ view_filter ] --END-- [ RunTime:0.002930s ]
INFO: [ view_end ] --START--
INFO: ShowPageTrace Behavior ::run [ RunTime:0.001004s ]
INFO: [ view_end ] --END-- [ RunTime:0.001105s ]

[ 2014-12-19T11:47:27+08:00 ] 171.107.29.120 /admin.php/admin/user/recruit_list.html
INFO: [ route_check ] --START--
INFO: CheckRoute Behavior ::run [ RunTime:0.001302s ]
INFO: [ route_check ] --END-- [ RunTime:0.001445s ]
INFO: [ app_begin ] --START--
INFO: ReadHtmlCache Behavior ::run [ RunTime:0.000888s ]
INFO: [ app_begin ] --END-- [ RunTime:0.000993s ]
SQL: SHOW COLUMNS FROM `tutor_admin_role_priv` [ RunTime:0.001533s ]
SQL: SHOW COLUMNS FROM `tutor_log` [ RunTime:0.001204s ]
SQL: SHOW COLUMNS FROM `tutor_menu` [ RunTime:0.001215s ]
SQL: SHOW COLUMNS FROM `tutor_company` [ RunTime:0.001628s ]
SQL: SHOW COLUMNS FROM `tutor_member` [ RunTime:0.001474s ]
SQL: SHOW COLUMNS FROM `tutor_lesson` [ RunTime:0.001489s ]
SQL: SHOW COLUMNS FROM `tutor_recruit` [ RunTime:0.001191s ]
SQL: SELECT COUNT(*) AS tp_count FROM `tutor_recruit` LIMIT 1   [ RunTime:0.000404s ]
SQL: SELECT * FROM `tutor_recruit` ORDER BY id DESC LIMIT 0,10   [ RunTime:0.000478s ]
SQL: SELECT `c_abbr` FROM `tutor_company` WHERE ( `cid` = '0' ) LIMIT 1   [ RunTime:0.000199s ]
SQL: SELECT `c_abbr` FROM `tutor_company` WHERE ( `cid` = '0' ) LIMIT 1   [ RunTime:0.000154s ]
SQL: SELECT `c_abbr` FROM `tutor_company` WHERE ( `cid` = '0' ) LIMIT 1   [ RunTime:0.000182s ]
SQL: SELECT `c_abbr` FROM `tutor_company` WHERE ( `cid` = '0' ) LIMIT 1   [ RunTime:0.000154s ]
SQL: SELECT `c_abbr` FROM `tutor_company` WHERE ( `cid` = '0' ) LIMIT 1   [ RunTime:0.000180s ]

[ 2014-12-19T11:48:24+08:00 ] 171.107.29.120 /admin.php/admin/user/recruit_operate.html?_=1418960817845
INFO: [ route_check ] --START--
INFO: CheckRoute Behavior ::run [ RunTime:0.000873s ]
INFO: [ route_check ] --END-- [ RunTime:0.000975s ]
INFO: [ app_begin ] --START--
INFO: ReadHtmlCache Behavior ::run [ RunTime:0.000615s ]
INFO: [ app_begin ] --END-- [ RunTime:0.000684s ]
SQL: SHOW COLUMNS FROM `tutor_admin_role_priv` [ RunTime:0.001319s ]
SQL: SHOW COLUMNS FROM `tutor_log` [ RunTime:0.001761s ]
SQL: SHOW COLUMNS FROM `tutor_menu` [ RunTime:0.001219s ]
SQL: SHOW COLUMNS FROM `tutor_company` [ RunTime:0.001711s ]
SQL: SHOW COLUMNS FROM `tutor_member` [ RunTime:0.001507s ]
SQL: SHOW COLUMNS FROM `tutor_lesson` [ RunTime:0.001527s ]
SQL: SHOW COLUMNS FROM `tutor_recruit` [ RunTime:0.001225s ]
SQL: SELECT * FROM `tutor_menu` WHERE ( `id` = 0 ) LIMIT 1   [ RunTime:0.000160s ]
SQL: SELECT * FROM `tutor_recruit` WHERE ( `id` = 0 ) LIMIT 1   [ RunTime:0.000455s ]
NOTIC: [8] Use of undefined constant currentpos - assumed 'currentpos' /home/aijiajia/public_html/Admin/Modules/Admin/Action/UserAction.class.php 第 182 行.
INFO: [ view_parse ] --START--
INFO: ParseTemplate Behavior ::run [ RunTime:0.008027s ]
INFO: [ view_parse ] --END-- [ RunTime:0.008113s ]
INFO: [ view_filter ] --START--
INFO: ContentReplace Behavior ::run [ RunTime:0.000422s ]
INFO: TokenBuild Behavior ::run [ RunTime:0.000442s ]
INFO: WriteHtmlCache Behavior ::run [ RunTime:0.000344s ]
INFO: ShowRuntime Behavior ::run [ RunTime:0.000526s ]
INFO: [ view_filter ] --END-- [ RunTime:0.001926s ]
INFO: [ view_end ] --START--
INFO: ShowPageTrace Behavior ::run [ RunTime:0.000712s ]
INFO: [ view_end ] --END-- [ RunTime:0.000776s ]

[ 2014-12-19T11:48:57+08:00 ] 171.107.29.120 /admin.php/admin/index/public_sessionLife.html
INFO: [ route_check ] --START--
INFO: CheckRoute Behavior ::run [ RunTime:0.000950s ]
INFO: [ route_check ] --END-- [ RunTime:0.001125s ]
INFO: [ app_begin ] --START--
INFO: ReadHtmlCache Behavior ::run [ RunTime:0.000622s ]
INFO: [ app_begin ] --END-- [ RunTime:0.000702s ]
SQL: SHOW COLUMNS FROM `tutor_admin_role_priv` [ RunTime:0.001464s ]
SQL: SHOW COLUMNS FROM `tutor_log` [ RunTime:0.001203s ]
SQL: SHOW COLUMNS FROM `tutor_admin` [ RunTime:0.001232s ]
SQL: SHOW COLUMNS FROM `tutor_admin_role` [ RunTime:0.001070s ]
SQL: SHOW COLUMNS FROM `tutor_times` [ RunTime:0.001055s ]
SQL: SHOW COLUMNS FROM `tutor_menu` [ RunTime:0.001170s ]
NOTIC: [8] Use of undefined constant SYS_TIME - assumed 'SYS_TIME' /home/aijiajia/public_html/Admin/Modules/Admin/Action/IndexAction.class.php 第 175 行.
SQL: UPDATE `tutor_admin` SET `lastlifetime`=0 WHERE ( `userid` = 2 ) [ RunTime:0.000385s ]

[ 2014-12-19T11:50:19+08:00 ] 171.107.29.120 /admin.php/admin/user/recruit_operate/action/other.html
INFO: [ route_check ] --START--
INFO: CheckRoute Behavior ::run [ RunTime:0.001120s ]
INFO: [ route_check ] --END-- [ RunTime:0.001333s ]
INFO: [ app_begin ] --START--
INFO: ReadHtmlCache Behavior ::run [ RunTime:0.000628s ]
INFO: [ app_begin ] --END-- [ RunTime:0.000709s ]
SQL: SHOW COLUMNS FROM `tutor_admin_role_priv` [ RunTime:0.001585s ]
SQL: SHOW COLUMNS FROM `tutor_log` [ RunTime:0.001223s ]
SQL: SHOW COLUMNS FROM `tutor_menu` [ RunTime:0.001208s ]
SQL: SHOW COLUMNS FROM `tutor_company` [ RunTime:0.001629s ]
SQL: SHOW COLUMNS FROM `tutor_member` [ RunTime:0.001426s ]
SQL: SHOW COLUMNS FROM `tutor_lesson` [ RunTime:0.001485s ]
SQL: SHOW COLUMNS FROM `tutor_recruit` [ RunTime:0.001176s ]
SQL: INSERT INTO `tutor_recruit` (`content`,`tel`,`email`,`cid`,`push_time`) VALUES ('爱家教新推出，招聘老师滚动广告，如果您也有需求，可联系爱家教。','0771--2865884','1378190822@qq.com',0,'2014-12-19') [ RunTime:0.000742s ]
NOTIC: [8] Use of undefined constant fales - assumed 'fales' /home/aijiajia/public_html/Admin/Modules/Admin/Action/UserAction.class.php 第 173 行.

[ 2014-12-19T11:50:21+08:00 ] 171.107.29.120 /admin.php/admin/user/recruit_list/menuid/46.html?_=1418960817846
INFO: [ route_check ] --START--
INFO: CheckRoute Behavior ::run [ RunTime:0.000869s ]
INFO: [ route_check ] --END-- [ RunTime:0.000970s ]
INFO: [ app_begin ] --START--
INFO: ReadHtmlCache Behavior ::run [ RunTime:0.000627s ]
INFO: [ app_begin ] --END-- [ RunTime:0.000697s ]
SQL: SHOW COLUMNS FROM `tutor_admin_role_priv` [ RunTime:0.001073s ]
SQL: SHOW COLUMNS FROM `tutor_log` [ RunTime:0.000799s ]
SQL: SHOW COLUMNS FROM `tutor_menu` [ RunTime:0.000793s ]
SQL: SHOW COLUMNS FROM `tutor_company` [ RunTime:0.001135s ]
SQL: SHOW COLUMNS FROM `tutor_member` [ RunTime:0.000975s ]
SQL: SHOW COLUMNS FROM `tutor_lesson` [ RunTime:0.000999s ]
SQL: SHOW COLUMNS FROM `tutor_recruit` [ RunTime:0.000802s ]
SQL: SELECT * FROM `tutor_menu` WHERE ( `id` = 46 ) LIMIT 1   [ RunTime:0.000120s ]
SQL: SELECT * FROM `tutor_menu` WHERE ( `id` = 25 ) LIMIT 1   [ RunTime:0.000103s ]
SQL: SELECT * FROM `tutor_menu` WHERE ( `id` = 4 ) LIMIT 1   [ RunTime:0.000098s ]
NOTIC: [8] Use of undefined constant currentpos - assumed 'currentpos' /home/aijiajia/public_html/Admin/Modules/Admin/Action/UserAction.class.php 第 140 行.
INFO: [ view_parse ] --START--
NOTIC: [8] Undefined variable: adminList /home/aijiajia/public_html/Admin/Runtime/Cache/Admin/a9256fd34fde899560f260918cb3fa71.php 第 21 行.
NOTIC: [8] Undefined variable: moduleList /home/aijiajia/public_html/Admin/Runtime/Cache/Admin/a9256fd34fde899560f260918cb3fa71.php 第 26 行.
INFO: ParseTemplate Behavior ::run [ RunTime:0.011930s ]
INFO: [ view_parse ] --END-- [ RunTime:0.012041s ]
INFO: [ view_filter ] --START--
INFO: ContentReplace Behavior ::run [ RunTime:0.000455s ]
INFO: TokenBuild Behavior ::run [ RunTime:0.000488s ]
INFO: WriteHtmlCache Behavior ::run [ RunTime:0.000325s ]
INFO: ShowRuntime Behavior ::run [ RunTime:0.000540s ]
INFO: [ view_filter ] --END-- [ RunTime:0.001993s ]
INFO: [ view_end ] --START--
INFO: ShowPageTrace Behavior ::run [ RunTime:0.000676s ]
INFO: [ view_end ] --END-- [ RunTime:0.000743s ]

[ 2014-12-19T11:50:21+08:00 ] 171.107.29.120 /admin.php/admin/user/recruit_list/menuid/46.html?_=1418960817847
INFO: [ route_check ] --START--
INFO: CheckRoute Behavior ::run [ RunTime:0.001289s ]
INFO: [ route_check ] --END-- [ RunTime:0.001441s ]
INFO: [ app_begin ] --START--
INFO: ReadHtmlCache Behavior ::run [ RunTime:0.000595s ]
INFO: [ app_begin ] --END-- [ RunTime:0.000666s ]
SQL: SHOW COLUMNS FROM `tutor_admin_role_priv` [ RunTime:0.001089s ]
SQL: SHOW COLUMNS FROM `tutor_log` [ RunTime:0.000833s ]
SQL: SHOW COLUMNS FROM `tutor_menu` [ RunTime:0.000807s ]
SQL: SHOW COLUMNS FROM `tutor_company` [ RunTime:0.001108s ]
SQL: SHOW COLUMNS FROM `tutor_member` [ RunTime:0.000981s ]
SQL: SHOW COLUMNS FROM `tutor_lesson` [ RunTime:0.000990s ]
SQL: SHOW COLUMNS FROM `tutor_recruit` [ RunTime:0.000790s ]
SQL: SELECT * FROM `tutor_menu` WHERE ( `id` = 46 ) LIMIT 1   [ RunTime:0.000191s ]
SQL: SELECT * FROM `tutor_menu` WHERE ( `id` = 25 ) LIMIT 1   [ RunTime:0.000122s ]
SQL: SELECT * FROM `tutor_menu` WHERE ( `id` = 4 ) LIMIT 1   [ RunTime:0.000134s ]
NOTIC: [8] Use of undefined constant currentpos - assumed 'currentpos' /home/aijiajia/public_html/Admin/Modules/Admin/Action/UserAction.class.php 第 140 行.
INFO: [ view_parse ] --START--
NOTIC: [8] Undefined variable: adminList /home/aijiajia/public_html/Admin/Runtime/Cache/Admin/a9256fd34fde899560f260918cb3fa71.php 第 21 行.
NOTIC: [8] Undefined variable: moduleList /home/aijiajia/public_html/Admin/Runtime/Cache/Admin/a9256fd34fde899560f260918cb3fa71.php 第 26 行.
INFO: ParseTemplate Behavior ::run [ RunTime:0.012663s ]
INFO: [ view_parse ] --END-- [ RunTime:0.012789s ]
INFO: [ view_filter ] --START--
INFO: ContentReplace Behavior ::run [ RunTime:0.000768s ]
INFO: TokenBuild Behavior ::run [ RunTime:0.000679s ]
INFO: WriteHtmlCache Behavior ::run [ RunTime:0.000474s ]
INFO: ShowRuntime Behavior ::run [ RunTime:0.000801s ]
INFO: [ view_filter ] --END-- [ RunTime:0.003004s ]
INFO: [ view_end ] --START--
INFO: ShowPageTrace Behavior ::run [ RunTime:0.001046s ]
INFO: [ view_end ] --END-- [ RunTime:0.001146s ]

[ 2014-12-19T11:50:23+08:00 ] 171.107.29.120 /admin.php/admin/user/recruit_list.html
INFO: [ route_check ] --START--
INFO: CheckRoute Behavior ::run [ RunTime:0.000862s ]
INFO: [ route_check ] --END-- [ RunTime:0.000986s ]
INFO: [ app_begin ] --START--
INFO: ReadHtmlCache Behavior ::run [ RunTime:0.000592s ]
INFO: [ app_begin ] --END-- [ RunTime:0.000661s ]
SQL: SHOW COLUMNS FROM `tutor_admin_role_priv` [ RunTime:0.001115s ]
SQL: SHOW COLUMNS FROM `tutor_log` [ RunTime:0.000847s ]
SQL: SHOW COLUMNS FROM `tutor_menu` [ RunTime:0.000829s ]
SQL: SHOW COLUMNS FROM `tutor_company` [ RunTime:0.001143s ]
SQL: SHOW COLUMNS FROM `tutor_member` [ RunTime:0.001009s ]
SQL: SHOW COLUMNS FROM `tutor_lesson` [ RunTime:0.001234s ]
SQL: SHOW COLUMNS FROM `tutor_recruit` [ RunTime:0.000885s ]
SQL: SELECT COUNT(*) AS tp_count FROM `tutor_recruit` LIMIT 1   [ RunTime:0.000326s ]
SQL: SELECT * FROM `tutor_recruit` ORDER BY id DESC LIMIT 0,10   [ RunTime:0.000333s ]
SQL: SELECT `c_abbr` FROM `tutor_company` WHERE ( `cid` = '0' ) LIMIT 1   [ RunTime:0.000119s ]
SQL: SELECT `c_abbr` FROM `tutor_company` WHERE ( `cid` = '0' ) LIMIT 1   [ RunTime:0.000110s ]
SQL: SELECT `c_abbr` FROM `tutor_company` WHERE ( `cid` = '0' ) LIMIT 1   [ RunTime:0.000108s ]
SQL: SELECT `c_abbr` FROM `tutor_company` WHERE ( `cid` = '0' ) LIMIT 1   [ RunTime:0.000126s ]
SQL: SELECT `c_abbr` FROM `tutor_company` WHERE ( `cid` = '0' ) LIMIT 1   [ RunTime:0.000107s ]
SQL: SELECT `c_abbr` FROM `tutor_company` WHERE ( `cid` = '0' ) LIMIT 1   [ RunTime:0.000106s ]

[ 2014-12-19T11:50:31+08:00 ] 171.107.29.120 /admin.php/admin/user/recruit_operate/action/status.html
INFO: [ route_check ] --START--
INFO: CheckRoute Behavior ::run [ RunTime:0.001296s ]
INFO: [ route_check ] --END-- [ RunTime:0.001442s ]
INFO: [ app_begin ] --START--
INFO: ReadHtmlCache Behavior ::run [ RunTime:0.000882s ]
INFO: [ app_begin ] --END-- [ RunTime:0.000988s ]
SQL: SHOW COLUMNS FROM `tutor_admin_role_priv` [ RunTime:0.001466s ]
SQL: SHOW COLUMNS FROM `tutor_log` [ RunTime:0.001229s ]
SQL: SHOW COLUMNS FROM `tutor_menu` [ RunTime:0.001214s ]
SQL: SHOW COLUMNS FROM `tutor_company` [ RunTime:0.001684s ]
SQL: SHOW COLUMNS FROM `tutor_member` [ RunTime:0.001465s ]
SQL: SHOW COLUMNS FROM `tutor_lesson` [ RunTime:0.001535s ]
SQL: SHOW COLUMNS FROM `tutor_recruit` [ RunTime:0.001304s ]
SQL: SELECT `status` FROM `tutor_recruit` WHERE ( `id` = 6 ) LIMIT 1   [ RunTime:0.000483s ]
SQL: SELECT COUNT(*) AS tp_count FROM `tutor_recruit` WHERE ( `status` = 1 ) LIMIT 1   [ RunTime:0.000577s ]
SQL: UPDATE `tutor_recruit` SET `status`=1 WHERE ( `id` = 6 ) [ RunTime:0.000491s ]

[ 2014-12-19T11:50:35+08:00 ] 171.107.29.120 /admin.php/admin/user/recruit_list/menuid/46.html?_=1418960817848
INFO: [ route_check ] --START--
INFO: CheckRoute Behavior ::run [ RunTime:0.000881s ]
INFO: [ route_check ] --END-- [ RunTime:0.000982s ]
INFO: [ app_begin ] --START--
INFO: ReadHtmlCache Behavior ::run [ RunTime:0.000602s ]
INFO: [ app_begin ] --END-- [ RunTime:0.000674s ]
SQL: SHOW COLUMNS FROM `tutor_admin_role_priv` [ RunTime:0.001069s ]
SQL: SHOW COLUMNS FROM `tutor_log` [ RunTime:0.000803s ]
SQL: SHOW COLUMNS FROM `tutor_menu` [ RunTime:0.000838s ]
SQL: SHOW COLUMNS FROM `tutor_company` [ RunTime:0.001250s ]
SQL: SHOW COLUMNS FROM `tutor_member` [ RunTime:0.000976s ]
SQL: SHOW COLUMNS FROM `tutor_lesson` [ RunTime:0.001065s ]
SQL: SHOW COLUMNS FROM `tutor_recruit` [ RunTime:0.000802s ]
SQL: SELECT * FROM `tutor_menu` WHERE ( `id` = 46 ) LIMIT 1   [ RunTime:0.000113s ]
SQL: SELECT * FROM `tutor_menu` WHERE ( `id` = 25 ) LIMIT 1   [ RunTime:0.000135s ]
SQL: SELECT * FROM `tutor_menu` WHERE ( `id` = 4 ) LIMIT 1   [ RunTime:0.000150s ]
NOTIC: [8] Use of undefined constant currentpos - assumed 'currentpos' /home/aijiajia/public_html/Admin/Modules/Admin/Action/UserAction.class.php 第 140 行.
INFO: [ view_parse ] --START--
NOTIC: [8] Undefined variable: adminList /home/aijiajia/public_html/Admin/Runtime/Cache/Admin/a9256fd34fde899560f260918cb3fa71.php 第 21 行.
NOTIC: [8] Undefined variable: moduleList /home/aijiajia/public_html/Admin/Runtime/Cache/Admin/a9256fd34fde899560f260918cb3fa71.php 第 26 行.
INFO: ParseTemplate Behavior ::run [ RunTime:0.011479s ]
INFO: [ view_parse ] --END-- [ RunTime:0.011569s ]
INFO: [ view_filter ] --START--
INFO: ContentReplace Behavior ::run [ RunTime:0.000421s ]
INFO: TokenBuild Behavior ::run [ RunTime:0.000471s ]
INFO: WriteHtmlCache Behavior ::run [ RunTime:0.000496s ]
INFO: ShowRuntime Behavior ::run [ RunTime:0.000838s ]
INFO: [ view_filter ] --END-- [ RunTime:0.002488s ]
INFO: [ view_end ] --START--
INFO: ShowPageTrace Behavior ::run [ RunTime:0.001050s ]
INFO: [ view_end ] --END-- [ RunTime:0.001150s ]

[ 2014-12-19T11:50:40+08:00 ] 171.107.29.120 /admin.php/admin/user/recruit_list.html
INFO: [ route_check ] --START--
INFO: CheckRoute Behavior ::run [ RunTime:0.001290s ]
INFO: [ route_check ] --END-- [ RunTime:0.001449s ]
INFO: [ app_begin ] --START--
INFO: ReadHtmlCache Behavior ::run [ RunTime:0.000894s ]
INFO: [ app_begin ] --END-- [ RunTime:0.000997s ]
SQL: SHOW COLUMNS FROM `tutor_admin_role_priv` [ RunTime:0.001504s ]
SQL: SHOW COLUMNS FROM `tutor_log` [ RunTime:0.001222s ]
SQL: SHOW COLUMNS FROM `tutor_menu` [ RunTime:0.001210s ]
SQL: SHOW COLUMNS FROM `tutor_company` [ RunTime:0.001665s ]
SQL: SHOW COLUMNS FROM `tutor_member` [ RunTime:0.001448s ]
SQL: SHOW COLUMNS FROM `tutor_lesson` [ RunTime:0.001525s ]
SQL: SHOW COLUMNS FROM `tutor_recruit` [ RunTime:0.001173s ]
SQL: SELECT COUNT(*) AS tp_count FROM `tutor_recruit` LIMIT 1   [ RunTime:0.000379s ]
SQL: SELECT * FROM `tutor_recruit` ORDER BY id DESC LIMIT 0,10   [ RunTime:0.000455s ]
SQL: SELECT `c_abbr` FROM `tutor_company` WHERE ( `cid` = '0' ) LIMIT 1   [ RunTime:0.000152s ]
SQL: SELECT `c_abbr` FROM `tutor_company` WHERE ( `cid` = '0' ) LIMIT 1   [ RunTime:0.000141s ]
SQL: SELECT `c_abbr` FROM `tutor_company` WHERE ( `cid` = '0' ) LIMIT 1   [ RunTime:0.000138s ]
SQL: SELECT `c_abbr` FROM `tutor_company` WHERE ( `cid` = '0' ) LIMIT 1   [ RunTime:0.000140s ]
SQL: SELECT `c_abbr` FROM `tutor_company` WHERE ( `cid` = '0' ) LIMIT 1   [ RunTime:0.000139s ]
SQL: SELECT `c_abbr` FROM `tutor_company` WHERE ( `cid` = '0' ) LIMIT 1   [ RunTime:0.000148s ]

[ 2014-12-19T11:51:57+08:00 ] 171.107.29.120 /admin.php/admin/index/public_sessionLife.html
INFO: [ route_check ] --START--
INFO: CheckRoute Behavior ::run [ RunTime:0.000960s ]
INFO: [ route_check ] --END-- [ RunTime:0.001137s ]
INFO: [ app_begin ] --START--
INFO: ReadHtmlCache Behavior ::run [ RunTime:0.000628s ]
INFO: [ app_begin ] --END-- [ RunTime:0.000706s ]
SQL: SHOW COLUMNS FROM `tutor_admin_role_priv` [ RunTime:0.001897s ]
SQL: SHOW COLUMNS FROM `tutor_log` [ RunTime:0.001327s ]
SQL: SHOW COLUMNS FROM `tutor_admin` [ RunTime:0.001361s ]
SQL: SHOW COLUMNS FROM `tutor_admin_role` [ RunTime:0.001205s ]
SQL: SHOW COLUMNS FROM `tutor_times` [ RunTime:0.001200s ]
SQL: SHOW COLUMNS FROM `tutor_menu` [ RunTime:0.000837s ]
NOTIC: [8] Use of undefined constant SYS_TIME - assumed 'SYS_TIME' /home/aijiajia/public_html/Admin/Modules/Admin/Action/IndexAction.class.php 第 175 行.
SQL: UPDATE `tutor_admin` SET `lastlifetime`=0 WHERE ( `userid` = 2 ) [ RunTime:0.000359s ]

[ 2014-12-19T11:54:57+08:00 ] 171.107.29.120 /admin.php/admin/index/public_sessionLife.html
INFO: [ route_check ] --START--
INFO: CheckRoute Behavior ::run [ RunTime:0.000990s ]
INFO: [ route_check ] --END-- [ RunTime:0.001166s ]
INFO: [ app_begin ] --START--
INFO: ReadHtmlCache Behavior ::run [ RunTime:0.000636s ]
INFO: [ app_begin ] --END-- [ RunTime:0.000714s ]
SQL: SHOW COLUMNS FROM `tutor_admin_role_priv` [ RunTime:0.001882s ]
SQL: SHOW COLUMNS FROM `tutor_log` [ RunTime:0.001528s ]
SQL: SHOW COLUMNS FROM `tutor_admin` [ RunTime:0.001842s ]
SQL: SHOW COLUMNS FROM `tutor_admin_role` [ RunTime:0.001366s ]
SQL: SHOW COLUMNS FROM `tutor_times` [ RunTime:0.001380s ]
SQL: SHOW COLUMNS FROM `tutor_menu` [ RunTime:0.001459s ]
NOTIC: [8] Use of undefined constant SYS_TIME - assumed 'SYS_TIME' /home/aijiajia/public_html/Admin/Modules/Admin/Action/IndexAction.class.php 第 175 行.
SQL: UPDATE `tutor_admin` SET `lastlifetime`=0 WHERE ( `userid` = 2 ) [ RunTime:0.000411s ]

[ 2014-12-19T11:57:57+08:00 ] 171.107.29.120 /admin.php/admin/index/public_sessionLife.html
INFO: [ route_check ] --START--
INFO: CheckRoute Behavior ::run [ RunTime:0.000984s ]
INFO: [ route_check ] --END-- [ RunTime:0.001162s ]
INFO: [ app_begin ] --START--
INFO: ReadHtmlCache Behavior ::run [ RunTime:0.000647s ]
INFO: [ app_begin ] --END-- [ RunTime:0.000727s ]
SQL: SHOW COLUMNS FROM `tutor_admin_role_priv` [ RunTime:0.001890s ]
SQL: SHOW COLUMNS FROM `tutor_log` [ RunTime:0.001495s ]
SQL: SHOW COLUMNS FROM `tutor_admin` [ RunTime:0.001552s ]
SQL: SHOW COLUMNS FROM `tutor_admin_role` [ RunTime:0.001422s ]
SQL: SHOW COLUMNS FROM `tutor_times` [ RunTime:0.001395s ]
SQL: SHOW COLUMNS FROM `tutor_menu` [ RunTime:0.001524s ]
NOTIC: [8] Use of undefined constant SYS_TIME - assumed 'SYS_TIME' /home/aijiajia/public_html/Admin/Modules/Admin/Action/IndexAction.class.php 第 175 行.
SQL: UPDATE `tutor_admin` SET `lastlifetime`=0 WHERE ( `userid` = 2 ) [ RunTime:0.000409s ]

[ 2014-12-19T12:00:57+08:00 ] 171.107.29.120 /admin.php/admin/index/public_sessionLife.html
INFO: [ route_check ] --START--
INFO: CheckRoute Behavior ::run [ RunTime:0.001003s ]
INFO: [ route_check ] --END-- [ RunTime:0.001181s ]
INFO: [ app_begin ] --START--
INFO: ReadHtmlCache Behavior ::run [ RunTime:0.001014s ]
INFO: [ app_begin ] --END-- [ RunTime:0.001134s ]
SQL: SHOW COLUMNS FROM `tutor_admin_role_priv` [ RunTime:0.005008s ]
SQL: SHOW COLUMNS FROM `tutor_log` [ RunTime:0.001535s ]
SQL: SHOW COLUMNS FROM `tutor_admin` [ RunTime:0.003630s ]
SQL: SHOW COLUMNS FROM `tutor_admin_role` [ RunTime:0.004316s ]
SQL: SHOW COLUMNS FROM `tutor_times` [ RunTime:0.004731s ]
SQL: SHOW COLUMNS FROM `tutor_menu` [ RunTime:0.004509s ]
NOTIC: [8] Use of undefined constant SYS_TIME - assumed 'SYS_TIME' /home/aijiajia/public_html/Admin/Modules/Admin/Action/IndexAction.class.php 第 175 行.
SQL: UPDATE `tutor_admin` SET `lastlifetime`=0 WHERE ( `userid` = 2 ) [ RunTime:0.003264s ]

[ 2014-12-19T12:03:58+08:00 ] 171.107.29.120 /admin.php/admin/index/public_sessionLife.html
INFO: [ route_check ] --START--
INFO: CheckRoute Behavior ::run [ RunTime:0.000950s ]
INFO: [ route_check ] --END-- [ RunTime:0.001141s ]
INFO: [ app_begin ] --START--
INFO: ReadHtmlCache Behavior ::run [ RunTime:0.000619s ]
INFO: [ app_begin ] --END-- [ RunTime:0.000697s ]
SQL: SHOW COLUMNS FROM `tutor_admin_role_priv` [ RunTime:0.001447s ]
SQL: SHOW COLUMNS FROM `tutor_log` [ RunTime:0.001188s ]
SQL: SHOW COLUMNS FROM `tutor_admin` [ RunTime:0.001253s ]
SQL: SHOW COLUMNS FROM `tutor_admin_role` [ RunTime:0.001038s ]
SQL: SHOW COLUMNS FROM `tutor_times` [ RunTime:0.001087s ]
SQL: SHOW COLUMNS FROM `tutor_menu` [ RunTime:0.001218s ]
NOTIC: [8] Use of undefined constant SYS_TIME - assumed 'SYS_TIME' /home/aijiajia/public_html/Admin/Modules/Admin/Action/IndexAction.class.php 第 175 行.
SQL: UPDATE `tutor_admin` SET `lastlifetime`=0 WHERE ( `userid` = 2 ) [ RunTime:0.000421s ]

[ 2014-12-19T12:06:57+08:00 ] 171.107.29.120 /admin.php/admin/index/public_sessionLife.html
INFO: [ route_check ] --START--
INFO: CheckRoute Behavior ::run [ RunTime:0.000893s ]
INFO: [ route_check ] --END-- [ RunTime:0.000997s ]
INFO: [ app_begin ] --START--
INFO: ReadHtmlCache Behavior ::run [ RunTime:0.000593s ]
INFO: [ app_begin ] --END-- [ RunTime:0.000663s ]
SQL: SHOW COLUMNS FROM `tutor_admin_role_priv` [ RunTime:0.001376s ]
SQL: SHOW COLUMNS FROM `tutor_log` [ RunTime:0.001051s ]
SQL: SHOW COLUMNS FROM `tutor_admin` [ RunTime:0.001104s ]
SQL: SHOW COLUMNS FROM `tutor_admin_role` [ RunTime:0.000991s ]
SQL: SHOW COLUMNS FROM `tutor_times` [ RunTime:0.000955s ]
SQL: SHOW COLUMNS FROM `tutor_menu` [ RunTime:0.001062s ]
NOTIC: [8] Use of undefined constant SYS_TIME - assumed 'SYS_TIME' /home/aijiajia/public_html/Admin/Modules/Admin/Action/IndexAction.class.php 第 175 行.
SQL: UPDATE `tutor_admin` SET `lastlifetime`=0 WHERE ( `userid` = 2 ) [ RunTime:0.000315s ]

[ 2014-12-19T12:09:57+08:00 ] 171.107.29.120 /admin.php/admin/index/public_sessionLife.html
INFO: [ route_check ] --START--
INFO: CheckRoute Behavior ::run [ RunTime:0.001280s ]
INFO: [ route_check ] --END-- [ RunTime:0.001423s ]
INFO: [ app_begin ] --START--
INFO: ReadHtmlCache Behavior ::run [ RunTime:0.000891s ]
INFO: [ app_begin ] --END-- [ RunTime:0.000994s ]
SQL: SHOW COLUMNS FROM `tutor_admin_role_priv` [ RunTime:0.001570s ]
SQL: SHOW COLUMNS FROM `tutor_log` [ RunTime:0.001240s ]
SQL: SHOW COLUMNS FROM `tutor_admin` [ RunTime:0.001276s ]
SQL: SHOW COLUMNS FROM `tutor_admin_role` [ RunTime:0.001111s ]
SQL: SHOW COLUMNS FROM `tutor_times` [ RunTime:0.001107s ]
SQL: SHOW COLUMNS FROM `tutor_menu` [ RunTime:0.001190s ]
NOTIC: [8] Use of undefined constant SYS_TIME - assumed 'SYS_TIME' /home/aijiajia/public_html/Admin/Modules/Admin/Action/IndexAction.class.php 第 175 行.
SQL: UPDATE `tutor_admin` SET `lastlifetime`=0 WHERE ( `userid` = 2 ) [ RunTime:0.000383s ]

[ 2014-12-19T12:12:57+08:00 ] 171.107.29.120 /admin.php/admin/index/public_sessionLife.html
INFO: [ route_check ] --START--
INFO: CheckRoute Behavior ::run [ RunTime:0.001263s ]
INFO: [ route_check ] --END-- [ RunTime:0.001403s ]
INFO: [ app_begin ] --START--
INFO: ReadHtmlCache Behavior ::run [ RunTime:0.000917s ]
INFO: [ app_begin ] --END-- [ RunTime:0.001023s ]
SQL: SHOW COLUMNS FROM `tutor_admin_role_priv` [ RunTime:0.001546s ]
SQL: SHOW COLUMNS FROM `tutor_log` [ RunTime:0.001237s ]
SQL: SHOW COLUMNS FROM `tutor_admin` [ RunTime:0.001267s ]
SQL: SHOW COLUMNS FROM `tutor_admin_role` [ RunTime:0.001097s ]
SQL: SHOW COLUMNS FROM `tutor_times` [ RunTime:0.001104s ]
SQL: SHOW COLUMNS FROM `tutor_menu` [ RunTime:0.001190s ]
NOTIC: [8] Use of undefined constant SYS_TIME - assumed 'SYS_TIME' /home/aijiajia/public_html/Admin/Modules/Admin/Action/IndexAction.class.php 第 175 行.
SQL: UPDATE `tutor_admin` SET `lastlifetime`=0 WHERE ( `userid` = 2 ) [ RunTime:0.000445s ]

[ 2014-12-19T12:15:57+08:00 ] 171.107.29.120 /admin.php/admin/index/public_sessionLife.html
INFO: [ route_check ] --START--
INFO: CheckRoute Behavior ::run [ RunTime:0.000973s ]
INFO: [ route_check ] --END-- [ RunTime:0.001150s ]
INFO: [ app_begin ] --START--
INFO: ReadHtmlCache Behavior ::run [ RunTime:0.000644s ]
INFO: [ app_begin ] --END-- [ RunTime:0.000720s ]
SQL: SHOW COLUMNS FROM `tutor_admin_role_priv` [ RunTime:0.001608s ]
SQL: SHOW COLUMNS FROM `tutor_log` [ RunTime:0.001276s ]
SQL: SHOW COLUMNS FROM `tutor_admin` [ RunTime:0.001296s ]
SQL: SHOW COLUMNS FROM `tutor_admin_role` [ RunTime:0.001099s ]
SQL: SHOW COLUMNS FROM `tutor_times` [ RunTime:0.001091s ]
SQL: SHOW COLUMNS FROM `tutor_menu` [ RunTime:0.001196s ]
NOTIC: [8] Use of undefined constant SYS_TIME - assumed 'SYS_TIME' /home/aijiajia/public_html/Admin/Modules/Admin/Action/IndexAction.class.php 第 175 行.
SQL: UPDATE `tutor_admin` SET `lastlifetime`=0 WHERE ( `userid` = 2 ) [ RunTime:0.000468s ]

[ 2014-12-19T12:18:57+08:00 ] 171.107.29.120 /admin.php/admin/index/public_sessionLife.html
INFO: [ route_check ] --START--
INFO: CheckRoute Behavior ::run [ RunTime:0.000866s ]
INFO: [ route_check ] --END-- [ RunTime:0.000962s ]
INFO: [ app_begin ] --START--
INFO: ReadHtmlCache Behavior ::run [ RunTime:0.000614s ]
INFO: [ app_begin ] --END-- [ RunTime:0.000685s ]
SQL: SHOW COLUMNS FROM `tutor_admin_role_priv` [ RunTime:0.001485s ]
SQL: SHOW COLUMNS FROM `tutor_log` [ RunTime:0.001223s ]
SQL: SHOW COLUMNS FROM `tutor_admin` [ RunTime:0.001282s ]
SQL: SHOW COLUMNS FROM `tutor_admin_role` [ RunTime:0.001090s ]
SQL: SHOW COLUMNS FROM `tutor_times` [ RunTime:0.001100s ]
SQL: SHOW COLUMNS FROM `tutor_menu` [ RunTime:0.001172s ]
NOTIC: [8] Use of undefined constant SYS_TIME - assumed 'SYS_TIME' /home/aijiajia/public_html/Admin/Modules/Admin/Action/IndexAction.class.php 第 175 行.
SQL: UPDATE `tutor_admin` SET `lastlifetime`=0 WHERE ( `userid` = 2 ) [ RunTime:0.000392s ]

