[ 2014-11-25T16:40:00+08:00 ] 188.163.69.16 /admin.php
INFO: [ app_begin ] --START--
INFO: ReadHtmlCache Behavior ::run [ RunTime:0.000938s ]
INFO: [ app_begin ] --END-- [ RunTime:0.001085s ]

[ 2014-11-25T16:58:09+08:00 ] 171.107.29.55 /admin.php
INFO: [ app_begin ] --START--
INFO: ReadHtmlCache Behavior ::run [ RunTime:0.000670s ]
INFO: [ app_begin ] --END-- [ RunTime:0.000846s ]

[ 2014-11-25T16:58:10+08:00 ] 171.107.29.55 /admin.php/admin/index/index.html
INFO: [ route_check ] --START--
INFO: CheckRoute Behavior ::run [ RunTime:0.000977s ]
INFO: [ route_check ] --END-- [ RunTime:0.001088s ]
INFO: [ app_begin ] --START--
INFO: ReadHtmlCache Behavior ::run [ RunTime:0.001003s ]
INFO: [ app_begin ] --END-- [ RunTime:0.001146s ]
SQL: SHOW COLUMNS FROM `tutor_admin_role_priv` [ RunTime:0.001904s ]
SQL: SHOW COLUMNS FROM `tutor_log` [ RunTime:0.001519s ]
INFO: [ view_parse ] --START--
INFO: ParseTemplate Behavior ::run [ RunTime:0.018706s ]
INFO: [ view_parse ] --END-- [ RunTime:0.018872s ]
INFO: [ view_filter ] --START--
INFO: ContentReplace Behavior ::run [ RunTime:0.000668s ]
INFO: TokenBuild Behavior ::run [ RunTime:0.000681s ]
INFO: WriteHtmlCache Behavior ::run [ RunTime:0.000552s ]
INFO: ShowRuntime Behavior ::run [ RunTime:0.000868s ]
INFO: [ view_filter ] --END-- [ RunTime:0.003114s ]
INFO: [ view_end ] --START--
INFO: ShowPageTrace Behavior ::run [ RunTime:0.001085s ]
INFO: [ view_end ] --END-- [ RunTime:0.001202s ]

[ 2014-11-25T16:58:13+08:00 ] 171.107.29.55 /admin.php/admin/index/login.html
INFO: [ route_check ] --START--
INFO: CheckRoute Behavior ::run [ RunTime:0.001306s ]
INFO: [ route_check ] --END-- [ RunTime:0.001473s ]
INFO: [ app_begin ] --START--
INFO: ReadHtmlCache Behavior ::run [ RunTime:0.000916s ]
INFO: [ app_begin ] --END-- [ RunTime:0.001042s ]
SQL: SHOW COLUMNS FROM `tutor_admin_role_priv` [ RunTime:0.001451s ]
SQL: SHOW COLUMNS FROM `tutor_log` [ RunTime:0.001200s ]
SQL: SHOW COLUMNS FROM `tutor_admin` [ RunTime:0.001622s ]
SQL: SHOW COLUMNS FROM `tutor_admin_role` [ RunTime:0.001375s ]
SQL: SHOW COLUMNS FROM `tutor_times` [ RunTime:0.001046s ]
SQL: SHOW COLUMNS FROM `tutor_menu` [ RunTime:0.001508s ]
NOTIC: 建议使用I方法替代_get
INFO: [ view_parse ] --START--
INFO: ParseTemplate Behavior ::run [ RunTime:0.021845s ]
INFO: [ view_parse ] --END-- [ RunTime:0.021998s ]
INFO: [ view_filter ] --START--
INFO: ContentReplace Behavior ::run [ RunTime:0.000651s ]
INFO: TokenBuild Behavior ::run [ RunTime:0.000684s ]
INFO: WriteHtmlCache Behavior ::run [ RunTime:0.000483s ]
INFO: ShowRuntime Behavior ::run [ RunTime:0.000795s ]
INFO: [ view_filter ] --END-- [ RunTime:0.002956s ]
INFO: [ view_end ] --START--
INFO: ShowPageTrace Behavior ::run [ RunTime:0.001036s ]
INFO: [ view_end ] --END-- [ RunTime:0.001153s ]

[ 2014-11-25T16:58:16+08:00 ] 171.107.29.55 /admin.php/admin/index/login/dosubmit/1.html
INFO: [ route_check ] --START--
INFO: CheckRoute Behavior ::run [ RunTime:0.000913s ]
INFO: [ route_check ] --END-- [ RunTime:0.001028s ]
INFO: [ app_begin ] --START--
INFO: ReadHtmlCache Behavior ::run [ RunTime:0.000627s ]
INFO: [ app_begin ] --END-- [ RunTime:0.000707s ]
SQL: SHOW COLUMNS FROM `tutor_admin_role_priv` [ RunTime:0.001012s ]
SQL: SHOW COLUMNS FROM `tutor_log` [ RunTime:0.000822s ]
SQL: SHOW COLUMNS FROM `tutor_admin` [ RunTime:0.000849s ]
SQL: SHOW COLUMNS FROM `tutor_admin_role` [ RunTime:0.000882s ]
SQL: SHOW COLUMNS FROM `tutor_times` [ RunTime:0.000800s ]
SQL: SHOW COLUMNS FROM `tutor_menu` [ RunTime:0.000899s ]
NOTIC: 建议使用I方法替代_get
NOTIC: 建议使用I方法替代_post
NOTIC: 建议使用I方法替代_post
SQL: SELECT * FROM `tutor_times` WHERE ( `username` = 'adc' ) AND ( `isadmin` = 1 ) LIMIT 1   [ RunTime:0.000628s ]
SQL: SELECT * FROM `tutor_admin` WHERE ( `username` = 'adc' ) LIMIT 1   [ RunTime:0.000670s ]
SQL: DELETE FROM `tutor_times` WHERE ( `username` = 'adc' ) [ RunTime:0.000250s ]
NOTIC: [8] Use of undefined constant SYS_TIME - assumed 'SYS_TIME' /home/aijiajia/public_html/Admin/Modules/Admin/Action/IndexAction.class.php 第 68 行.
NOTIC: [8] Use of undefined constant SYS_TIME - assumed 'SYS_TIME' /home/aijiajia/public_html/Admin/Modules/Admin/Action/IndexAction.class.php 第 68 行.
SQL: UPDATE `tutor_admin` SET `lastloginip`='171.107.29.55',`lastlogintime`=0,`lastlifetime`=0 WHERE ( `userid` = 2 ) [ RunTime:0.000299s ]

[ 2014-11-25T16:58:16+08:00 ] 171.107.29.55 /admin.php/admin/index/index.html
INFO: [ route_check ] --START--
INFO: CheckRoute Behavior ::run [ RunTime:0.000864s ]
INFO: [ route_check ] --END-- [ RunTime:0.000968s ]
INFO: [ app_begin ] --START--
INFO: ReadHtmlCache Behavior ::run [ RunTime:0.000606s ]
INFO: [ app_begin ] --END-- [ RunTime:0.000688s ]
SQL: SHOW COLUMNS FROM `tutor_admin_role_priv` [ RunTime:0.001041s ]
SQL: SHOW COLUMNS FROM `tutor_log` [ RunTime:0.000833s ]
SQL: SHOW COLUMNS FROM `tutor_admin` [ RunTime:0.000853s ]
SQL: SHOW COLUMNS FROM `tutor_admin_role` [ RunTime:0.000748s ]
SQL: SHOW COLUMNS FROM `tutor_times` [ RunTime:0.000729s ]
SQL: SHOW COLUMNS FROM `tutor_menu` [ RunTime:0.000810s ]
SQL: SELECT `rolename` FROM `tutor_admin_role` WHERE ( `roleid` = 1 ) LIMIT 1   [ RunTime:0.000835s ]
NOTIC: [8] Use of undefined constant SYS_TIME - assumed 'SYS_TIME' /home/aijiajia/public_html/Admin/Modules/Admin/Action/IndexAction.class.php 第 18 行.
SQL: UPDATE `tutor_admin` SET `lastlifetime`=0 WHERE ( `userid` = 2 ) [ RunTime:0.000271s ]
SQL: SELECT * FROM `tutor_menu` WHERE ( `parentid` = 0 ) AND ( `display` = 1 ) ORDER BY `listorder` ASC LIMIT 1000   [ RunTime:0.000761s ]
SQL: SELECT `lastlogintime`,`lastloginip` FROM `tutor_admin` WHERE ( `userid` = 2 ) LIMIT 1   [ RunTime:0.000293s ]
INFO: [ view_parse ] --START--
NOTIC: [8] Use of undefined constant lastlogintime - assumed 'lastlogintime' /home/aijiajia/public_html/Admin/Runtime/Cache/Admin/5bd0925e25bf58793df33dc58ca05648.php 第 62 行.
INFO: ParseTemplate Behavior ::run [ RunTime:0.013112s ]
INFO: [ view_parse ] --END-- [ RunTime:0.013202s ]
INFO: [ view_filter ] --START--
INFO: ContentReplace Behavior ::run [ RunTime:0.000449s ]
INFO: TokenBuild Behavior ::run [ RunTime:0.000438s ]
INFO: WriteHtmlCache Behavior ::run [ RunTime:0.000332s ]
INFO: ShowRuntime Behavior ::run [ RunTime:0.000528s ]
INFO: [ view_filter ] --END-- [ RunTime:0.001963s ]
INFO: [ view_end ] --START--
INFO: ShowPageTrace Behavior ::run [ RunTime:0.000700s ]
INFO: [ view_end ] --END-- [ RunTime:0.000778s ]

[ 2014-11-25T16:58:17+08:00 ] 171.107.29.55 /admin.php/admin/index/public_main.html?_=1416905894312
INFO: [ route_check ] --START--
INFO: CheckRoute Behavior ::run [ RunTime:0.000920s ]
INFO: [ route_check ] --END-- [ RunTime:0.001034s ]
INFO: [ app_begin ] --START--
INFO: ReadHtmlCache Behavior ::run [ RunTime:0.000656s ]
INFO: [ app_begin ] --END-- [ RunTime:0.000734s ]
SQL: SHOW COLUMNS FROM `tutor_admin_role_priv` [ RunTime:0.001092s ]
SQL: SHOW COLUMNS FROM `tutor_log` [ RunTime:0.000822s ]
SQL: SHOW COLUMNS FROM `tutor_admin` [ RunTime:0.000917s ]
SQL: SHOW COLUMNS FROM `tutor_admin_role` [ RunTime:0.000761s ]
SQL: SHOW COLUMNS FROM `tutor_times` [ RunTime:0.000828s ]
SQL: SHOW COLUMNS FROM `tutor_menu` [ RunTime:0.000793s ]
SQL: SELECT `rolename` FROM `tutor_admin_role` WHERE ( `roleid` = 1 ) LIMIT 1   [ RunTime:0.000178s ]
SQL: SELECT * FROM `tutor_admin` WHERE ( `userid` = 2 ) LIMIT 1   [ RunTime:0.000446s ]
NOTIC: [8] Undefined index:  act /home/aijiajia/public_html/Admin/Common/Func/Sys.func.php 第 4 行.
NOTIC: [2] file() [<a href='function.file'>function.file</a>]: open_basedir restriction in effect. File(/proc/cpuinfo) is not within the allowed path(s): (/home/aijiajia:/usr/lib/php:/usr/php4/lib/php:/usr/local/lib/php:/usr/local/php4/lib/php:/tmp) /home/aijiajia/public_html/Admin/Common/Func/Sys.func.php 第 111 行.
NOTIC: [2] file(/proc/cpuinfo) [<a href='function.file'>function.file</a>]: failed to open stream: Operation not permitted /home/aijiajia/public_html/Admin/Common/Func/Sys.func.php 第 111 行.
NOTIC: [8] Undefined index:  memUsed /home/aijiajia/public_html/Admin/Common/Func/Sys.func.php 第 23 行.
NOTIC: [8] Undefined index:  memFree /home/aijiajia/public_html/Admin/Common/Func/Sys.func.php 第 23 行.
NOTIC: [8] Undefined index:  memPercent /home/aijiajia/public_html/Admin/Common/Func/Sys.func.php 第 23 行.
NOTIC: [8] Undefined index:  memCached /home/aijiajia/public_html/Admin/Common/Func/Sys.func.php 第 23 行.
NOTIC: [8] Undefined index:  memRealPercent /home/aijiajia/public_html/Admin/Common/Func/Sys.func.php 第 23 行.
NOTIC: [8] Undefined index:  memCachedPercent /home/aijiajia/public_html/Admin/Common/Func/Sys.func.php 第 23 行.
NOTIC: [8] Undefined index:  swapTotal /home/aijiajia/public_html/Admin/Common/Func/Sys.func.php 第 23 行.
NOTIC: [8] Undefined index:  swapUsed /home/aijiajia/public_html/Admin/Common/Func/Sys.func.php 第 23 行.
NOTIC: [8] Undefined index:  swapFree /home/aijiajia/public_html/Admin/Common/Func/Sys.func.php 第 23 行.
NOTIC: [8] Undefined index:  swapPercent /home/aijiajia/public_html/Admin/Common/Func/Sys.func.php 第 23 行.
NOTIC: [2] file() [<a href='function.file'>function.file</a>]: open_basedir restriction in effect. File(/proc/net/dev) is not within the allowed path(s): (/home/aijiajia:/usr/lib/php:/usr/php4/lib/php:/usr/local/lib/php:/usr/local/php4/lib/php:/tmp) /home/aijiajia/public_html/Admin/Common/Func/Sys.func.php 第 31 行.
NOTIC: [2] file(/proc/net/dev) [<a href='function.file'>function.file</a>]: failed to open stream: Operation not permitted /home/aijiajia/public_html/Admin/Common/Func/Sys.func.php 第 31 行.
NOTIC: [8] Undefined index:  memBuffers /home/aijiajia/public_html/Admin/Common/Func/Sys.func.php 第 51 行.
NOTIC: [8] Undefined index:  memRealUsed /home/aijiajia/public_html/Admin/Common/Func/Sys.func.php 第 56 行.
NOTIC: [8] Undefined index:  memRealFree /home/aijiajia/public_html/Admin/Common/Func/Sys.func.php 第 57 行.
NOTIC: [8] Undefined offset:  2 /home/aijiajia/public_html/Admin/Common/Func/Sys.func.php 第 80 行.
NOTIC: [8] Undefined offset:  3 /home/aijiajia/public_html/Admin/Common/Func/Sys.func.php 第 81 行.
NOTIC: [8] Undefined offset:  4 /home/aijiajia/public_html/Admin/Common/Func/Sys.func.php 第 82 行.
NOTIC: [8] Undefined offset:  5 /home/aijiajia/public_html/Admin/Common/Func/Sys.func.php 第 83 行.
NOTIC: [8] Undefined offset:  6 /home/aijiajia/public_html/Admin/Common/Func/Sys.func.php 第 84 行.
NOTIC: [8] Undefined offset:  7 /home/aijiajia/public_html/Admin/Common/Func/Sys.func.php 第 85 行.
NOTIC: [8] Undefined offset:  8 /home/aijiajia/public_html/Admin/Common/Func/Sys.func.php 第 86 行.
NOTIC: [8] Undefined offset:  9 /home/aijiajia/public_html/Admin/Common/Func/Sys.func.php 第 87 行.
NOTIC: [8] Undefined offset:  10 /home/aijiajia/public_html/Admin/Common/Func/Sys.func.php 第 88 行.
NOTIC: [8] Undefined variable: NetInput /home/aijiajia/public_html/Admin/Common/Func/Sys.func.php 第 89 行.
NOTIC: [8] Undefined variable: NetInput /home/aijiajia/public_html/Admin/Common/Func/Sys.func.php 第 90 行.
NOTIC: [8] Undefined variable: NetInput /home/aijiajia/public_html/Admin/Common/Func/Sys.func.php 第 91 行.
NOTIC: [8] Undefined variable: NetInput /home/aijiajia/public_html/Admin/Common/Func/Sys.func.php 第 92 行.
NOTIC: [8] Undefined variable: NetInput /home/aijiajia/public_html/Admin/Common/Func/Sys.func.php 第 93 行.
NOTIC: [8] Undefined variable: NetInput /home/aijiajia/public_html/Admin/Common/Func/Sys.func.php 第 94 行.
NOTIC: [8] Undefined variable: NetInput /home/aijiajia/public_html/Admin/Common/Func/Sys.func.php 第 95 行.
NOTIC: [8] Undefined variable: NetInput /home/aijiajia/public_html/Admin/Common/Func/Sys.func.php 第 96 行.
NOTIC: [8] Undefined variable: NetInput /home/aijiajia/public_html/Admin/Common/Func/Sys.func.php 第 97 行.
NOTIC: [2] php_uname() has been disabled for security reasons /home/aijiajia/public_html/Admin/Modules/Admin/Action/IndexAction.class.php 第 132 行.
SQL: SELECT `username`,`realname` FROM `tutor_admin` WHERE ( `lastlifetime` >= 1416905597 ) ORDER BY lastlifetime desc  [ RunTime:0.000330s ]
INFO: [ view_parse ] --START--
INFO: ParseTemplate Behavior ::run [ RunTime:0.007563s ]
INFO: [ view_parse ] --END-- [ RunTime:0.007656s ]
INFO: [ view_filter ] --START--
INFO: ContentReplace Behavior ::run [ RunTime:0.000444s ]
INFO: TokenBuild Behavior ::run [ RunTime:0.000446s ]
INFO: WriteHtmlCache Behavior ::run [ RunTime:0.000325s ]
INFO: ShowRuntime Behavior ::run [ RunTime:0.000555s ]
INFO: [ view_filter ] --END-- [ RunTime:0.001975s ]
INFO: [ view_end ] --START--
INFO: ShowPageTrace Behavior ::run [ RunTime:0.000759s ]
INFO: [ view_end ] --END-- [ RunTime:0.000828s ]

[ 2014-11-25T16:58:17+08:00 ] 171.107.29.55 /admin.php/admin/index/public_menuLeft.html
INFO: [ route_check ] --START--
INFO: CheckRoute Behavior ::run [ RunTime:0.001388s ]
INFO: [ route_check ] --END-- [ RunTime:0.001574s ]
INFO: [ app_begin ] --START--
INFO: ReadHtmlCache Behavior ::run [ RunTime:0.000949s ]
INFO: [ app_begin ] --END-- [ RunTime:0.001066s ]
SQL: SHOW COLUMNS FROM `tutor_admin_role_priv` [ RunTime:0.001829s ]
SQL: SHOW COLUMNS FROM `tutor_log` [ RunTime:0.001275s ]
SQL: SHOW COLUMNS FROM `tutor_admin` [ RunTime:0.001351s ]
SQL: SHOW COLUMNS FROM `tutor_admin_role` [ RunTime:0.001156s ]
SQL: SHOW COLUMNS FROM `tutor_times` [ RunTime:0.001190s ]
SQL: SHOW COLUMNS FROM `tutor_menu` [ RunTime:0.001358s ]
SQL: SELECT * FROM `tutor_menu` WHERE ( `parentid` = 1 ) AND ( `display` = 1 ) ORDER BY `listorder` ASC LIMIT 1000   [ RunTime:0.000593s ]
SQL: SELECT * FROM `tutor_menu` WHERE ( `parentid` = 6 ) AND ( `display` = 1 ) ORDER BY `listorder` ASC LIMIT 1000   [ RunTime:0.000593s ]

[ 2014-11-25T16:58:40+08:00 ] 171.107.29.55 /admin.php/admin/index/public_menuLeft.html
INFO: [ route_check ] --START--
INFO: CheckRoute Behavior ::run [ RunTime:0.000972s ]
INFO: [ route_check ] --END-- [ RunTime:0.001159s ]
INFO: [ app_begin ] --START--
INFO: ReadHtmlCache Behavior ::run [ RunTime:0.000628s ]
INFO: [ app_begin ] --END-- [ RunTime:0.000706s ]
SQL: SHOW COLUMNS FROM `tutor_admin_role_priv` [ RunTime:0.001473s ]
SQL: SHOW COLUMNS FROM `tutor_log` [ RunTime:0.001204s ]
SQL: SHOW COLUMNS FROM `tutor_admin` [ RunTime:0.001222s ]
SQL: SHOW COLUMNS FROM `tutor_admin_role` [ RunTime:0.001060s ]
SQL: SHOW COLUMNS FROM `tutor_times` [ RunTime:0.001058s ]
SQL: SHOW COLUMNS FROM `tutor_menu` [ RunTime:0.001152s ]
SQL: SELECT * FROM `tutor_menu` WHERE ( `parentid` = 3 ) AND ( `display` = 1 ) ORDER BY `listorder` ASC LIMIT 1000   [ RunTime:0.000759s ]
SQL: SELECT * FROM `tutor_menu` WHERE ( `parentid` = 21 ) AND ( `display` = 1 ) ORDER BY `listorder` ASC LIMIT 1000   [ RunTime:0.000527s ]
SQL: SELECT * FROM `tutor_menu` WHERE ( `parentid` = 29 ) AND ( `display` = 1 ) ORDER BY `listorder` ASC LIMIT 1000   [ RunTime:0.000569s ]
SQL: SELECT * FROM `tutor_menu` WHERE ( `parentid` = 39 ) AND ( `display` = 1 ) ORDER BY `listorder` ASC LIMIT 1000   [ RunTime:0.000496s ]
SQL: SELECT * FROM `tutor_menu` WHERE ( `parentid` = 17 ) AND ( `display` = 1 ) ORDER BY `listorder` ASC LIMIT 1000   [ RunTime:0.000563s ]

[ 2014-11-25T16:58:40+08:00 ] 171.107.29.55 /admin.php/admin/index/public_menuLeft.html
INFO: [ route_check ] --START--
INFO: CheckRoute Behavior ::run [ RunTime:0.001291s ]
INFO: [ route_check ] --END-- [ RunTime:0.001427s ]
INFO: [ app_begin ] --START--
INFO: ReadHtmlCache Behavior ::run [ RunTime:0.000608s ]
INFO: [ app_begin ] --END-- [ RunTime:0.000679s ]
SQL: SHOW COLUMNS FROM `tutor_admin_role_priv` [ RunTime:0.001389s ]
SQL: SHOW COLUMNS FROM `tutor_log` [ RunTime:0.001208s ]
SQL: SHOW COLUMNS FROM `tutor_admin` [ RunTime:0.001236s ]
SQL: SHOW COLUMNS FROM `tutor_admin_role` [ RunTime:0.001087s ]
SQL: SHOW COLUMNS FROM `tutor_times` [ RunTime:0.001095s ]
SQL: SHOW COLUMNS FROM `tutor_menu` [ RunTime:0.001194s ]
SQL: SELECT * FROM `tutor_menu` WHERE ( `parentid` = 2 ) AND ( `display` = 1 ) ORDER BY `listorder` ASC LIMIT 1000   [ RunTime:0.000555s ]
SQL: SELECT * FROM `tutor_menu` WHERE ( `parentid` = 11 ) AND ( `display` = 1 ) ORDER BY `listorder` ASC LIMIT 1000   [ RunTime:0.000512s ]
SQL: SELECT * FROM `tutor_menu` WHERE ( `parentid` = 9 ) AND ( `display` = 1 ) ORDER BY `listorder` ASC LIMIT 1000   [ RunTime:0.000496s ]

[ 2014-11-25T16:58:42+08:00 ] 171.107.29.55 /admin.php/admin/setting/site/menuid/10.html?_=1416905894313
INFO: [ route_check ] --START--
INFO: CheckRoute Behavior ::run [ RunTime:0.000847s ]
INFO: [ route_check ] --END-- [ RunTime:0.000942s ]
INFO: [ app_begin ] --START--
INFO: ReadHtmlCache Behavior ::run [ RunTime:0.000600s ]
INFO: [ app_begin ] --END-- [ RunTime:0.000670s ]
SQL: SHOW COLUMNS FROM `tutor_admin_role_priv` [ RunTime:0.001070s ]
SQL: SHOW COLUMNS FROM `tutor_log` [ RunTime:0.000817s ]
SQL: SHOW COLUMNS FROM `tutor_setting` [ RunTime:0.001366s ]
SQL: SHOW COLUMNS FROM `tutor_keyword` [ RunTime:0.000945s ]
SQL: SHOW COLUMNS FROM `tutor_menu` [ RunTime:0.000826s ]
SQL: SHOW COLUMNS FROM `tutor_admin` [ RunTime:0.000834s ]
NOTIC: 建议使用I方法替代_get
SQL: SELECT * FROM `tutor_menu` WHERE ( `id` = 10 ) LIMIT 1   [ RunTime:0.000562s ]
SQL: SELECT * FROM `tutor_menu` WHERE ( `id` = 9 ) LIMIT 1   [ RunTime:0.000313s ]
SQL: SELECT * FROM `tutor_menu` WHERE ( `id` = 2 ) LIMIT 1   [ RunTime:0.000327s ]
SQL: SELECT * FROM `tutor_setting` LIMIT 1   [ RunTime:0.000341s ]
NOTIC: [8] Use of undefined constant currentpos - assumed 'currentpos' /home/aijiajia/public_html/Admin/Modules/Admin/Action/SettingAction.class.php 第 28 行.
INFO: [ view_parse ] --START--
INFO: ParseTemplate Behavior ::run [ RunTime:0.027956s ]
INFO: [ view_parse ] --END-- [ RunTime:0.028040s ]
INFO: [ view_filter ] --START--
INFO: ContentReplace Behavior ::run [ RunTime:0.000474s ]
INFO: TokenBuild Behavior ::run [ RunTime:0.000439s ]
INFO: WriteHtmlCache Behavior ::run [ RunTime:0.000323s ]
INFO: ShowRuntime Behavior ::run [ RunTime:0.000511s ]
INFO: [ view_filter ] --END-- [ RunTime:0.001936s ]
INFO: [ view_end ] --START--
INFO: ShowPageTrace Behavior ::run [ RunTime:0.000726s ]
INFO: [ view_end ] --END-- [ RunTime:0.000820s ]

[ 2014-11-25T16:58:44+08:00 ] 171.107.29.55 /admin.php/admin/index/public_menuLeft.html
INFO: [ route_check ] --START--
INFO: CheckRoute Behavior ::run [ RunTime:0.000913s ]
INFO: [ route_check ] --END-- [ RunTime:0.001010s ]
INFO: [ app_begin ] --START--
INFO: ReadHtmlCache Behavior ::run [ RunTime:0.000611s ]
INFO: [ app_begin ] --END-- [ RunTime:0.000682s ]
SQL: SHOW COLUMNS FROM `tutor_admin_role_priv` [ RunTime:0.001517s ]
SQL: SHOW COLUMNS FROM `tutor_log` [ RunTime:0.000814s ]
SQL: SHOW COLUMNS FROM `tutor_admin` [ RunTime:0.000847s ]
SQL: SHOW COLUMNS FROM `tutor_admin_role` [ RunTime:0.000711s ]
SQL: SHOW COLUMNS FROM `tutor_times` [ RunTime:0.000701s ]
SQL: SHOW COLUMNS FROM `tutor_menu` [ RunTime:0.000833s ]
SQL: SELECT * FROM `tutor_menu` WHERE ( `parentid` = 1 ) AND ( `display` = 1 ) ORDER BY `listorder` ASC LIMIT 1000   [ RunTime:0.000112s ]
SQL: SELECT * FROM `tutor_menu` WHERE ( `parentid` = 6 ) AND ( `display` = 1 ) ORDER BY `listorder` ASC LIMIT 1000   [ RunTime:0.000108s ]

[ 2014-11-25T16:58:50+08:00 ] 171.107.29.55 /admin.php/admin/index/public_menuLeft.html
INFO: [ route_check ] --START--
INFO: CheckRoute Behavior ::run [ RunTime:0.000857s ]
INFO: [ route_check ] --END-- [ RunTime:0.000954s ]
INFO: [ app_begin ] --START--
INFO: ReadHtmlCache Behavior ::run [ RunTime:0.000595s ]
INFO: [ app_begin ] --END-- [ RunTime:0.000665s ]
SQL: SHOW COLUMNS FROM `tutor_admin_role_priv` [ RunTime:0.001184s ]
SQL: SHOW COLUMNS FROM `tutor_log` [ RunTime:0.001169s ]
SQL: SHOW COLUMNS FROM `tutor_admin` [ RunTime:0.000960s ]
SQL: SHOW COLUMNS FROM `tutor_admin_role` [ RunTime:0.000792s ]
SQL: SHOW COLUMNS FROM `tutor_times` [ RunTime:0.000770s ]
SQL: SHOW COLUMNS FROM `tutor_menu` [ RunTime:0.000842s ]
SQL: SELECT * FROM `tutor_menu` WHERE ( `parentid` = 3 ) AND ( `display` = 1 ) ORDER BY `listorder` ASC LIMIT 1000   [ RunTime:0.000127s ]
SQL: SELECT * FROM `tutor_menu` WHERE ( `parentid` = 21 ) AND ( `display` = 1 ) ORDER BY `listorder` ASC LIMIT 1000   [ RunTime:0.000100s ]
SQL: SELECT * FROM `tutor_menu` WHERE ( `parentid` = 29 ) AND ( `display` = 1 ) ORDER BY `listorder` ASC LIMIT 1000   [ RunTime:0.000102s ]
SQL: SELECT * FROM `tutor_menu` WHERE ( `parentid` = 39 ) AND ( `display` = 1 ) ORDER BY `listorder` ASC LIMIT 1000   [ RunTime:0.000099s ]
SQL: SELECT * FROM `tutor_menu` WHERE ( `parentid` = 17 ) AND ( `display` = 1 ) ORDER BY `listorder` ASC LIMIT 1000   [ RunTime:0.000118s ]

[ 2014-11-25T16:58:52+08:00 ] 171.107.29.55 /admin.php/admin/content/banner_list/menuid/30.html?_=1416905894314
INFO: [ route_check ] --START--
INFO: CheckRoute Behavior ::run [ RunTime:0.001016s ]
INFO: [ route_check ] --END-- [ RunTime:0.001133s ]
INFO: [ app_begin ] --START--
INFO: ReadHtmlCache Behavior ::run [ RunTime:0.000709s ]
INFO: [ app_begin ] --END-- [ RunTime:0.000794s ]
SQL: SHOW COLUMNS FROM `tutor_admin_role_priv` [ RunTime:0.001489s ]
SQL: SHOW COLUMNS FROM `tutor_log` [ RunTime:0.001234s ]
SQL: SHOW COLUMNS FROM `tutor_menu` [ RunTime:0.001269s ]
SQL: SHOW COLUMNS FROM `tutor_article` [ RunTime:0.001781s ]
SQL: SHOW COLUMNS FROM `tutor_article_img` [ RunTime:0.001337s ]
SQL: SHOW COLUMNS FROM `tutor_type` [ RunTime:0.001394s ]
SQL: SHOW COLUMNS FROM `tutor_lesson` [ RunTime:0.001871s ]
SQL: SHOW COLUMNS FROM `tutor_banner` [ RunTime:0.001580s ]
SQL: SHOW COLUMNS FROM `tutor_official` [ RunTime:0.001888s ]
SQL: SELECT * FROM `tutor_menu` WHERE ( `id` = 30 ) LIMIT 1   [ RunTime:0.000466s ]
SQL: SELECT * FROM `tutor_menu` WHERE ( `id` = 29 ) LIMIT 1   [ RunTime:0.000449s ]
SQL: SELECT * FROM `tutor_menu` WHERE ( `id` = 3 ) LIMIT 1   [ RunTime:0.000400s ]
NOTIC: [8] Use of undefined constant currentpos - assumed 'currentpos' /home/aijiajia/public_html/Admin/Modules/Admin/Action/ContentAction.class.php 第 240 行.
INFO: [ view_parse ] --START--
NOTIC: [8] Undefined variable: adminList /home/aijiajia/public_html/Admin/Runtime/Cache/Admin/dd848df47001c874c4ba5cd50d42c037.php 第 18 行.
NOTIC: [8] Undefined variable: moduleList /home/aijiajia/public_html/Admin/Runtime/Cache/Admin/dd848df47001c874c4ba5cd50d42c037.php 第 23 行.
INFO: ParseTemplate Behavior ::run [ RunTime:0.013098s ]
INFO: [ view_parse ] --END-- [ RunTime:0.013197s ]
INFO: [ view_filter ] --START--
INFO: ContentReplace Behavior ::run [ RunTime:0.000442s ]
INFO: TokenBuild Behavior ::run [ RunTime:0.000451s ]
INFO: WriteHtmlCache Behavior ::run [ RunTime:0.000325s ]
INFO: ShowRuntime Behavior ::run [ RunTime:0.000637s ]
INFO: [ view_filter ] --END-- [ RunTime:0.002064s ]
INFO: [ view_end ] --START--
INFO: ShowPageTrace Behavior ::run [ RunTime:0.001033s ]
INFO: [ view_end ] --END-- [ RunTime:0.001134s ]

[ 2014-11-25T16:58:53+08:00 ] 171.107.29.55 /admin.php/admin/content/banner_list.html
INFO: [ route_check ] --START--
INFO: CheckRoute Behavior ::run [ RunTime:0.001286s ]
INFO: [ route_check ] --END-- [ RunTime:0.001418s ]
INFO: [ app_begin ] --START--
INFO: ReadHtmlCache Behavior ::run [ RunTime:0.000891s ]
INFO: [ app_begin ] --END-- [ RunTime:0.000995s ]
SQL: SHOW COLUMNS FROM `tutor_admin_role_priv` [ RunTime:0.001475s ]
SQL: SHOW COLUMNS FROM `tutor_log` [ RunTime:0.001129s ]
SQL: SHOW COLUMNS FROM `tutor_menu` [ RunTime:0.008417s ]
SQL: SHOW COLUMNS FROM `tutor_article` [ RunTime:0.001639s ]
SQL: SHOW COLUMNS FROM `tutor_article_img` [ RunTime:0.001047s ]
SQL: SHOW COLUMNS FROM `tutor_type` [ RunTime:0.001013s ]
SQL: SHOW COLUMNS FROM `tutor_lesson` [ RunTime:0.001532s ]
SQL: SHOW COLUMNS FROM `tutor_banner` [ RunTime:0.001113s ]
SQL: SHOW COLUMNS FROM `tutor_official` [ RunTime:0.001454s ]
SQL: SELECT COUNT(*) AS tp_count FROM `tutor_banner` LIMIT 1   [ RunTime:0.000391s ]
SQL: SELECT * FROM `tutor_banner` ORDER BY id DESC LIMIT 0,10   [ RunTime:0.000442s ]

[ 2014-11-25T16:58:56+08:00 ] 171.107.29.55 /admin.php/admin/content/banner_operate/type/banner.html?id=13&_=1416905894315
INFO: [ route_check ] --START--
INFO: CheckRoute Behavior ::run [ RunTime:0.000840s ]
INFO: [ route_check ] --END-- [ RunTime:0.000928s ]
INFO: [ app_begin ] --START--
INFO: ReadHtmlCache Behavior ::run [ RunTime:0.000582s ]
INFO: [ app_begin ] --END-- [ RunTime:0.000653s ]
SQL: SHOW COLUMNS FROM `tutor_admin_role_priv` [ RunTime:0.001432s ]
SQL: SHOW COLUMNS FROM `tutor_log` [ RunTime:0.001188s ]
SQL: SHOW COLUMNS FROM `tutor_menu` [ RunTime:0.001226s ]
SQL: SHOW COLUMNS FROM `tutor_article` [ RunTime:0.001429s ]
SQL: SHOW COLUMNS FROM `tutor_article_img` [ RunTime:0.000973s ]
SQL: SHOW COLUMNS FROM `tutor_type` [ RunTime:0.000987s ]
SQL: SHOW COLUMNS FROM `tutor_lesson` [ RunTime:0.001506s ]
SQL: SHOW COLUMNS FROM `tutor_banner` [ RunTime:0.001104s ]
SQL: SHOW COLUMNS FROM `tutor_official` [ RunTime:0.001455s ]
SQL: SELECT * FROM `tutor_menu` WHERE ( `id` = 0 ) LIMIT 1   [ RunTime:0.000460s ]
SQL: SELECT * FROM `tutor_banner` WHERE ( `id` = 13 ) LIMIT 1   [ RunTime:0.000422s ]
SQL: SELECT COUNT(*) AS tp_count FROM `tutor_banner` WHERE ( `type` = 2 ) LIMIT 1   [ RunTime:0.000423s ]
NOTIC: [8] Use of undefined constant currentpos - assumed 'currentpos' /home/aijiajia/public_html/Admin/Modules/Admin/Action/ContentAction.class.php 第 272 行.
INFO: [ view_parse ] --START--
INFO: ParseTemplate Behavior ::run [ RunTime:0.013037s ]
INFO: [ view_parse ] --END-- [ RunTime:0.013133s ]
INFO: [ view_filter ] --START--
INFO: ContentReplace Behavior ::run [ RunTime:0.000544s ]
INFO: TokenBuild Behavior ::run [ RunTime:0.000576s ]
INFO: WriteHtmlCache Behavior ::run [ RunTime:0.000406s ]
INFO: ShowRuntime Behavior ::run [ RunTime:0.000674s ]
INFO: [ view_filter ] --END-- [ RunTime:0.002462s ]
INFO: [ view_end ] --START--
INFO: ShowPageTrace Behavior ::run [ RunTime:0.000926s ]
INFO: [ view_end ] --END-- [ RunTime:0.001013s ]

[ 2014-11-25T16:59:13+08:00 ] 171.107.29.55 /admin.php/admin/index/public_logout.html
INFO: [ route_check ] --START--
INFO: CheckRoute Behavior ::run [ RunTime:0.001029s ]
INFO: [ route_check ] --END-- [ RunTime:0.001206s ]
INFO: [ app_begin ] --START--
INFO: ReadHtmlCache Behavior ::run [ RunTime:0.000721s ]
INFO: [ app_begin ] --END-- [ RunTime:0.000808s ]
SQL: SHOW COLUMNS FROM `tutor_admin_role_priv` [ RunTime:0.001041s ]
SQL: SHOW COLUMNS FROM `tutor_log` [ RunTime:0.000809s ]
SQL: SHOW COLUMNS FROM `tutor_admin` [ RunTime:0.000825s ]
SQL: SHOW COLUMNS FROM `tutor_admin_role` [ RunTime:0.000735s ]
SQL: SHOW COLUMNS FROM `tutor_times` [ RunTime:0.000776s ]
SQL: SHOW COLUMNS FROM `tutor_menu` [ RunTime:0.000811s ]
SQL: UPDATE `tutor_admin` SET `lastlifetime`=0 WHERE ( `userid` = 2 ) [ RunTime:0.000271s ]
INFO: [ view_parse ] --START--
INFO: ParseTemplate Behavior ::run [ RunTime:0.008946s ]
INFO: [ view_parse ] --END-- [ RunTime:0.009046s ]
INFO: [ view_filter ] --START--
INFO: ContentReplace Behavior ::run [ RunTime:0.000479s ]
INFO: TokenBuild Behavior ::run [ RunTime:0.000476s ]
INFO: WriteHtmlCache Behavior ::run [ RunTime:0.000347s ]
INFO: ShowRuntime Behavior ::run [ RunTime:0.000548s ]
INFO: [ view_filter ] --END-- [ RunTime:0.002071s ]
INFO: [ view_end ] --START--
INFO: ShowPageTrace Behavior ::run [ RunTime:0.000747s ]
INFO: [ view_end ] --END-- [ RunTime:0.000820s ]

[ 2014-11-25T16:59:15+08:00 ] 171.107.29.55 /admin.php/admin/index/login.html
INFO: [ route_check ] --START--
INFO: CheckRoute Behavior ::run [ RunTime:0.000869s ]
INFO: [ route_check ] --END-- [ RunTime:0.000966s ]
INFO: [ app_begin ] --START--
INFO: ReadHtmlCache Behavior ::run [ RunTime:0.000627s ]
INFO: [ app_begin ] --END-- [ RunTime:0.000705s ]
SQL: SHOW COLUMNS FROM `tutor_admin_role_priv` [ RunTime:0.001234s ]
SQL: SHOW COLUMNS FROM `tutor_log` [ RunTime:0.000861s ]
SQL: SHOW COLUMNS FROM `tutor_admin` [ RunTime:0.000849s ]
SQL: SHOW COLUMNS FROM `tutor_admin_role` [ RunTime:0.000703s ]
SQL: SHOW COLUMNS FROM `tutor_times` [ RunTime:0.000696s ]
SQL: SHOW COLUMNS FROM `tutor_menu` [ RunTime:0.000866s ]
NOTIC: 建议使用I方法替代_get
INFO: [ view_parse ] --START--
INFO: ParseTemplate Behavior ::run [ RunTime:0.008590s ]
INFO: [ view_parse ] --END-- [ RunTime:0.008695s ]
INFO: [ view_filter ] --START--
INFO: ContentReplace Behavior ::run [ RunTime:0.000448s ]
INFO: TokenBuild Behavior ::run [ RunTime:0.000456s ]
INFO: WriteHtmlCache Behavior ::run [ RunTime:0.000333s ]
INFO: ShowRuntime Behavior ::run [ RunTime:0.000536s ]
INFO: [ view_filter ] --END-- [ RunTime:0.001975s ]
INFO: [ view_end ] --START--
INFO: ShowPageTrace Behavior ::run [ RunTime:0.000717s ]
INFO: [ view_end ] --END-- [ RunTime:0.000789s ]

[ 2014-11-25T17:09:27+08:00 ] 180.153.206.21 /admin.php/admin/setting/site/menuid/10.html?_=1416905894313
INFO: [ route_check ] --START--
INFO: CheckRoute Behavior ::run [ RunTime:0.000886s ]
INFO: [ route_check ] --END-- [ RunTime:0.000987s ]
INFO: [ app_begin ] --START--
INFO: ReadHtmlCache Behavior ::run [ RunTime:0.000624s ]
INFO: [ app_begin ] --END-- [ RunTime:0.000701s ]
SQL: SHOW COLUMNS FROM `tutor_admin_role_priv` [ RunTime:0.001779s ]
SQL: SHOW COLUMNS FROM `tutor_log` [ RunTime:0.001615s ]
INFO: [ view_parse ] --START--
INFO: ParseTemplate Behavior ::run [ RunTime:0.012069s ]
INFO: [ view_parse ] --END-- [ RunTime:0.012197s ]
INFO: [ view_filter ] --START--
INFO: ContentReplace Behavior ::run [ RunTime:0.000653s ]
INFO: TokenBuild Behavior ::run [ RunTime:0.000662s ]
INFO: WriteHtmlCache Behavior ::run [ RunTime:0.000559s ]
INFO: ShowRuntime Behavior ::run [ RunTime:0.000790s ]
INFO: [ view_filter ] --END-- [ RunTime:0.002961s ]
INFO: [ view_end ] --START--
INFO: ShowPageTrace Behavior ::run [ RunTime:0.001034s ]
INFO: [ view_end ] --END-- [ RunTime:0.001143s ]

[ 2014-11-25T17:16:52+08:00 ] 180.153.206.21 /admin.php/admin/index/login.html
INFO: [ route_check ] --START--
INFO: CheckRoute Behavior ::run [ RunTime:0.000973s ]
INFO: [ route_check ] --END-- [ RunTime:0.001167s ]
INFO: [ app_begin ] --START--
INFO: ReadHtmlCache Behavior ::run [ RunTime:0.000632s ]
INFO: [ app_begin ] --END-- [ RunTime:0.000719s ]
SQL: SHOW COLUMNS FROM `tutor_admin_role_priv` [ RunTime:0.001941s ]
SQL: SHOW COLUMNS FROM `tutor_log` [ RunTime:0.001554s ]
SQL: SHOW COLUMNS FROM `tutor_admin` [ RunTime:0.001560s ]
SQL: SHOW COLUMNS FROM `tutor_admin_role` [ RunTime:0.001395s ]
SQL: SHOW COLUMNS FROM `tutor_times` [ RunTime:0.001368s ]
SQL: SHOW COLUMNS FROM `tutor_menu` [ RunTime:0.001495s ]
NOTIC: 建议使用I方法替代_get
INFO: [ view_parse ] --START--
INFO: ParseTemplate Behavior ::run [ RunTime:0.011380s ]
INFO: [ view_parse ] --END-- [ RunTime:0.011505s ]
INFO: [ view_filter ] --START--
INFO: ContentReplace Behavior ::run [ RunTime:0.000688s ]
INFO: TokenBuild Behavior ::run [ RunTime:0.000770s ]
INFO: WriteHtmlCache Behavior ::run [ RunTime:0.000492s ]
INFO: ShowRuntime Behavior ::run [ RunTime:0.000861s ]
INFO: [ view_filter ] --END-- [ RunTime:0.003123s ]
INFO: [ view_end ] --START--
INFO: ShowPageTrace Behavior ::run [ RunTime:0.001046s ]
INFO: [ view_end ] --END-- [ RunTime:0.001173s ]

