[ 2015-01-11T11:01:19+08:00 ] 61.135.190.72 /admin.php/admin/index/public_sessionLife.html
INFO: [ route_check ] --START--
INFO: CheckRoute Behavior ::run [ RunTime:0.000953s ]
INFO: [ route_check ] --END-- [ RunTime:0.001084s ]
INFO: [ app_begin ] --START--
INFO: ReadHtmlCache Behavior ::run [ RunTime:0.000726s ]
INFO: [ app_begin ] --END-- [ RunTime:0.000840s ]
SQL: SHOW COLUMNS FROM `tutor_admin_role_priv` [ RunTime:0.001202s ]
SQL: SHOW COLUMNS FROM `tutor_log` [ RunTime:0.001006s ]
INFO: [ view_parse ] --START--
INFO: ParseTemplate Behavior ::run [ RunTime:0.051479s ]
INFO: [ view_parse ] --END-- [ RunTime:0.051619s ]
INFO: [ view_filter ] --START--
INFO: ContentReplace Behavior ::run [ RunTime:0.000489s ]
INFO: TokenBuild Behavior ::run [ RunTime:0.000456s ]
INFO: WriteHtmlCache Behavior ::run [ RunTime:0.000343s ]
INFO: ShowRuntime Behavior ::run [ RunTime:0.005699s ]
INFO: [ view_filter ] --END-- [ RunTime:0.007242s ]
INFO: [ view_end ] --START--
INFO: ShowPageTrace Behavior ::run [ RunTime:0.000831s ]
INFO: [ view_end ] --END-- [ RunTime:0.000911s ]

[ 2015-01-11T13:24:10+08:00 ] 111.206.36.10 /admin.php/admin/index/public_sessionLife.html
INFO: [ route_check ] --START--
INFO: CheckRoute Behavior ::run [ RunTime:0.001002s ]
INFO: [ route_check ] --END-- [ RunTime:0.001208s ]
INFO: [ app_begin ] --START--
INFO: ReadHtmlCache Behavior ::run [ RunTime:0.000733s ]
INFO: [ app_begin ] --END-- [ RunTime:0.000848s ]
SQL: SHOW COLUMNS FROM `tutor_admin_role_priv` [ RunTime:0.001303s ]
SQL: SHOW COLUMNS FROM `tutor_log` [ RunTime:0.011817s ]
INFO: [ view_parse ] --START--
INFO: ParseTemplate Behavior ::run [ RunTime:0.100172s ]
INFO: [ view_parse ] --END-- [ RunTime:0.100334s ]
INFO: [ view_filter ] --START--
INFO: ContentReplace Behavior ::run [ RunTime:0.000683s ]
INFO: TokenBuild Behavior ::run [ RunTime:0.000695s ]
INFO: WriteHtmlCache Behavior ::run [ RunTime:0.000510s ]
INFO: ShowRuntime Behavior ::run [ RunTime:0.015686s ]
INFO: [ view_filter ] --END-- [ RunTime:0.017880s ]
INFO: [ view_end ] --START--
INFO: ShowPageTrace Behavior ::run [ RunTime:0.000777s ]
INFO: [ view_end ] --END-- [ RunTime:0.000860s ]

[ 2015-01-11T13:24:10+08:00 ] 111.206.36.137 /admin.php/admin/index/public_sessionLife.html
INFO: [ route_check ] --START--
INFO: CheckRoute Behavior ::run [ RunTime:0.000998s ]
INFO: [ route_check ] --END-- [ RunTime:0.001173s ]
INFO: [ app_begin ] --START--
INFO: ReadHtmlCache Behavior ::run [ RunTime:0.000641s ]
INFO: [ app_begin ] --END-- [ RunTime:0.000725s ]
SQL: SHOW COLUMNS FROM `tutor_admin_role_priv` [ RunTime:0.000889s ]
SQL: SHOW COLUMNS FROM `tutor_log` [ RunTime:0.001316s ]
INFO: [ view_parse ] --START--
INFO: ParseTemplate Behavior ::run [ RunTime:0.044652s ]
INFO: [ view_parse ] --END-- [ RunTime:0.044777s ]
INFO: [ view_filter ] --START--
INFO: ContentReplace Behavior ::run [ RunTime:0.000465s ]
INFO: TokenBuild Behavior ::run [ RunTime:0.000451s ]
INFO: WriteHtmlCache Behavior ::run [ RunTime:0.000332s ]
INFO: ShowRuntime Behavior ::run [ RunTime:0.000540s ]
INFO: [ view_filter ] --END-- [ RunTime:0.002005s ]
INFO: [ view_end ] --START--
INFO: ShowPageTrace Behavior ::run [ RunTime:0.000717s ]
INFO: [ view_end ] --END-- [ RunTime:0.012924s ]

[ 2015-01-11T13:27:07+08:00 ] 61.135.190.71 /admin.php/admin/index/public_sessionLife.html
INFO: [ route_check ] --START--
INFO: CheckRoute Behavior ::run [ RunTime:0.000969s ]
INFO: [ route_check ] --END-- [ RunTime:0.001145s ]
INFO: [ app_begin ] --START--
INFO: ReadHtmlCache Behavior ::run [ RunTime:0.000630s ]
INFO: [ app_begin ] --END-- [ RunTime:0.000730s ]
SQL: SHOW COLUMNS FROM `tutor_admin_role_priv` [ RunTime:0.001329s ]
SQL: SHOW COLUMNS FROM `tutor_log` [ RunTime:0.001044s ]
INFO: [ view_parse ] --START--
INFO: ParseTemplate Behavior ::run [ RunTime:0.008734s ]
INFO: [ view_parse ] --END-- [ RunTime:0.008823s ]
INFO: [ view_filter ] --START--
INFO: ContentReplace Behavior ::run [ RunTime:0.000448s ]
INFO: TokenBuild Behavior ::run [ RunTime:0.000437s ]
INFO: WriteHtmlCache Behavior ::run [ RunTime:0.000333s ]
INFO: ShowRuntime Behavior ::run [ RunTime:0.000516s ]
INFO: [ view_filter ] --END-- [ RunTime:0.001942s ]
INFO: [ view_end ] --START--
INFO: ShowPageTrace Behavior ::run [ RunTime:0.000756s ]
INFO: [ view_end ] --END-- [ RunTime:0.000829s ]

